TFC9C 1826:800.180   SEGGER J-Link V6.94d Log File
TFC9C 1826:800.265   DLL Compiled: Feb 12 2021 15:52:57
TFC9C 1826:800.296   Logging started @ 2021-02-19 04:02
TFC9C 1826:800.325 - 192872.667ms
TFC9C 1826:807.024 JLINK_ExecCommand("Device = ATSAMD21G18A", ...). 
TFC9C 1826:807.321   Device "ATSAMD21G18" selected.
TFC9C 1826:807.879 - 0.837ms returns 0x00
TFC9C 1826:823.577 JLINK_TIF_Select(JLINKARM_TIF_SWD)
TFC9C 1826:824.557 - 1.011ms returns 0x00
TFC9C 1826:824.610 JLINK_SetSpeed(4000)
TFC9C 1826:824.761 - 0.210ms
TFC9C 1826:824.859 JLINK_ResetPullsRESET(OFF)
TFC9C 1826:824.904 - 0.073ms
TFC9C 1826:824.960 JLINK_Connect()
TFC9C 1826:825.269   InitTarget() start
TFC9C 1826:825.351    J-Link Script File: Executing InitTarget()
TFC9C 1826:825.601   InitTarget()
TFC9C 1826:828.306   InitTarget() end
TFC9C 1826:829.038   Found SW-DP with ID 0x0BC11477
TFC9C 1826:831.259   DPIDR: 0x0BC11477
TFC9C 1826:831.310   Scanning AP map to find all available APs
TFC9C 1826:832.055   AP[1]: Stopped AP scan as end of AP map has been reached
TFC9C 1826:832.105   AP[0]: AHB-AP (IDR: 0x04770031)
TFC9C 1826:832.136   Iterating through AP map to find AHB-AP to use
TFC9C 1826:833.088   AP[0]: Core found
TFC9C 1826:833.138   AP[0]: AHB-AP ROM base: 0x41003000
TFC9C 1826:833.595   CPUID register: 0x410CC601. Implementer code: 0x41 (ARM)
TFC9C 1826:833.645   Found Cortex-M0 r0p1, Little endian.
TFC9C 1826:934.361   -- Max. mem block: 0x000013C8
TFC9C 1826:934.555   CPU_ReadMem(4 bytes @ 0xE000EDF0)
TFC9C 1826:934.966   CPU_WriteMem(4 bytes @ 0xE000EDF0)
TFC9C 1826:935.386   CPU_ReadMem(4 bytes @ 0xE0002000)
TFC9C 1826:935.802   FPUnit: 4 code (BP) slots and 0 literal slots
TFC9C 1826:935.845   CPU_ReadMem(4 bytes @ 0xE000EDFC)
TFC9C 1826:936.208   CPU_WriteMem(4 bytes @ 0xE000EDFC)
TFC9C 1826:936.578   CPU_ReadMem(4 bytes @ 0xE0001000)
TFC9C 1826:936.935   CPU_WriteMem(4 bytes @ 0xE0001000)
TFC9C 1826:937.330   CoreSight components:
TFC9C 1826:937.368   ROMTbl[0] @ 41003000
TFC9C 1826:937.404   CPU_ReadMem(64 bytes @ 0x41003000)
TFC9C 1826:938.136   CPU_ReadMem(32 bytes @ 0xE00FFFE0)
TFC9C 1826:938.723   ROMTbl[0][0]: E00FF000, CID: B105100D, PID: 000BB4C0 ROM Table
TFC9C 1826:938.763   ROMTbl[1] @ E00FF000
TFC9C 1826:938.813   CPU_ReadMem(64 bytes @ 0xE00FF000)
TFC9C 1826:939.554   CPU_ReadMem(32 bytes @ 0xE000EFE0)
TFC9C 1826:940.093   ROMTbl[1][0]: E000E000, CID: B105E00D, PID: 000BB008 SCS
TFC9C 1826:940.118   CPU_ReadMem(32 bytes @ 0xE0001FE0)
TFC9C 1826:940.676   ROMTbl[1][1]: E0001000, CID: B105E00D, PID: 000BB00A DWT
TFC9C 1826:940.702   CPU_ReadMem(32 bytes @ 0xE0002FE0)
TFC9C 1826:941.268   ROMTbl[1][2]: E0002000, CID: B105E00D, PID: 000BB00B FPB
TFC9C 1826:941.293   CPU_ReadMem(32 bytes @ 0x41006FE0)
TFC9C 1826:941.904   ROMTbl[0][1]: 41006000, CID: B105900D, PID: 001BB932 MTB-M0+
TFC9C 1826:941.933 - 116.995ms returns 0x00
TFC9C 1826:942.028 JLINK_Halt()
TFC9C 1826:944.884 - 2.873ms returns 0x00
TFC9C 1826:946.155 JLINK_JTAG_GetDeviceID(DeviceIndex = 0)
TFC9C 1826:946.177 - 0.028ms returns 0
TFC9C 1826:946.193 JLINK_ReadMemU32(0x41002018, 0x1 Items)
TFC9C 1826:946.216   CPU_ReadMem(4 bytes @ 0x41002018)
TFC9C 1826:946.621   Data:  05 03 01 10
TFC9C 1826:946.649 - 0.462ms returns 1 (0x1)
TF63C 1826:955.841 JLINK_IsHalted()
TF63C 1826:956.275 - 0.449ms returns TRUE
TF63C 1826:956.304 JLINK_GetMOEs(...)
TF63C 1826:956.322   CPU_ReadMem(4 bytes @ 0xE000ED30)
TF63C 1826:956.686 - 0.397ms returns 0x01
TF63C 1826:956.714 JLINK_ReadReg(R15 (PC))
TF63C 1826:956.733 - 0.025ms returns 0x00006D44
TFC9C 1827:048.345 JLINK_BeginDownload(Flags = 0x00000000)
TFC9C 1827:048.371 - 0.033ms
TFC9C 1827:048.422 JLINK_WriteMem(0x00000000, 0x21D80 Bytes, ...)
TFC9C 1827:048.449   Data:  00 80 00 20 E5 6C 00 00 CD 6C 00 00 CD 6C 00 00 ...
TFC9C 1827:048.767   completely In flash
TFC9C 1827:048.970    -- Read from flash cache (138624 bytes @ 0x00000000)
TFC9C 1827:049.005 - 0.590ms returns 0x21D80
TFC9C 1827:049.225 JLINK_WriteMem(0x00021D80, 0x5C Bytes, ...)
TFC9C 1827:049.243   Data:  72 B6 10 4B 04 33 10 4A 93 42 12 D9 0F 4A 12 7D ...
TFC9C 1827:049.339   completely In flash
TFC9C 1827:049.361    -- Read from flash cache (92 bytes @ 0x00021D80)
TFC9C 1827:049.380 - 0.162ms returns 0x5C
TFC9C 1827:049.513 JLINK_WriteMem(0x00021DDC, 0x450 Bytes, ...)
TFC9C 1827:049.530   Data:  00 00 00 00 DE AD BE EF FE ED 01 01 01 00 00 00 ...
TFC9C 1827:049.550   completely In flash
TFC9C 1827:049.602    -- Read from flash cache (1104 bytes @ 0x00021DDC)
TFC9C 1827:049.622 - 0.115ms returns 0x450
TFC9C 1827:128.633 JLINK_EndDownload()
TFC9C 1827:128.906   CPU_ReadMem(4 bytes @ 0x41006004)
TFC9C 1827:129.262   CPU_ReadMem(4 bytes @ 0xE000ED90)
TFC9C 1827:129.579    -- --------------------------------------
TFC9C 1827:129.607   Flash bank @ 0x00000000: Default: L2 verify disabled because algorithm performs L1 verify
TFC9C 1827:129.627    -- Start of determining dirty areas in flash cache
TFC9C 1827:129.711    -- End of determining dirty areas
TFC9C 1827:129.732    -- Start of preparing flash programming
TFC9C 1827:129.765    -- Calculating RAM usage
TFC9C 1827:129.802    -- RAM usage = 9956 Bytes
TFC9C 1827:129.822    -- Preserving CPU registers
TFC9C 1827:129.854    -- Preparing memory
TFC9C 1827:129.875    -- Preparing target
TFC9C 1827:129.894    -- Downloading RAMCode
TFC9C 1827:146.684    -- Preparing RAMCode
TFC9C 1827:152.004    -- Checking target RAM
TFC9C 1827:153.748    -- End of preparing flash programming
TFC9C 1827:154.074   Looking for J-Link GUI Server exe at: C:\Program Files (x86)\Atmel\Studio\7.0\atbackend\JLinkGUIServer.exe
TFC9C 1827:154.290   Looking for J-Link GUI Server exe at: C:\Program Files (x86)\SEGGER\JLink\JLinkGUIServer.exe
TFC9C 1827:154.405   Forking J-Link GUI Server: C:\Program Files (x86)\SEGGER\JLink\JLinkGUIServer.exe
TFC9C 1827:226.949   J-Link GUI Server info: "J-Link GUI server V6.94d "
TFC9C 1827:242.358    -- CPU speed could not be measured.
TFC9C 1827:242.444    -- Start of comparing flash
TFC9C 1827:242.511    -- CRC check was estimated as fastest method
TFC9C 1827:294.184    -- Comparing range 0x0000 - 0x1FFFF (512 Sectors, 128 KB), using multi-block CRC calculation
TFC9C 1827:355.062    -- CRC does not match for sectors 0-511
TFC9C 1827:355.976    -- Comparing range 0x20000 - 0x222FF (35 Sectors, 8 KB), using multi-block CRC calculation
TFC9C 1827:364.264    -- CRC does not match for sectors 0-34
TFC9C 1827:364.342    -- End of comparing flash
TFC9C 1827:364.363    -- Start of erasing sectors
TFC9C 1827:364.385    -- Erasing range 0x00000000 - 0x00007FFF (128 Sectors, 32 KB)
TFC9C 1827:481.597    -- Erasing range 0x00008000 - 0x0000FFFF (128 Sectors, 32 KB)
TFC9C 1827:602.496    -- Erasing range 0x00010000 - 0x00017FFF (128 Sectors, 32 KB)
TFC9C 1827:725.432    -- Erasing range 0x00018000 - 0x0001FFFF (128 Sectors, 32 KB)
TFC9C 1827:851.219    -- Erasing range 0x00020000 - 0x000222FF ( 35 Sectors, 8 KB)
TFC9C 1827:887.241    -- End of erasing sectors
TFC9C 1827:887.292    -- Start of flash programming
TFC9C 1827:887.315    -- Programming range 0x00000000 - 0x00007FFF (128 Sectors, 32 KB)
TFC9C 1828:050.429    -- Programming range 0x00008000 - 0x0000FFFF (128 Sectors, 32 KB)
TFC9C 1828:243.540    -- Programming range 0x00010000 - 0x00017FFF (128 Sectors, 32 KB)
TFC9C 1828:431.479    -- Programming range 0x00018000 - 0x0001FFFF (128 Sectors, 32 KB)
TFC9C 1828:620.570    -- Programming range 0x00020000 - 0x000222FF ( 35 Sectors, 8 KB)
TFC9C 1828:702.186    -- End of flash programming
TFC9C 1828:702.252    -- 0x0000 - 0x222FF (547 Sectors, 136 KB)
TFC9C 1828:702.289    -- Start of restoring
TFC9C 1828:702.324    -- Restoring RAMCode
TFC9C 1828:721.575    -- Restore target
TFC9C 1828:721.639    -- Restore memory
TFC9C 1828:721.674    -- Restoring CPU registers
TFC9C 1828:721.719    -- End of restoring
TFC9C 1828:721.807    -- Bank 0 @ 0x00000000: 1 range affected (140032 bytes)
TFC9C 1828:721.862    -- Total: 1.592s (Prepare: 0.112s, Compare: 0.121s, Erase: 0.522s, Program & Verify: 0.829s, Restore: 0.004s)
TFC9C 1828:721.912    -- Program & Verify speed: 164 KB/s
TFC9C 1828:723.488 - 1594.919ms returns 140032 (0x22300)
TFC9C 1828:724.030 JLINK_SetResetType(JLINKARM_CM3_RESET_TYPE_NORMAL)
TFC9C 1828:724.079 - 0.062ms returns JLINKARM_CM3_RESET_TYPE_NORMAL
TFC9C 1828:724.111 JLINK_Reset()
TFC9C 1828:724.156   CPU_ReadMem(4 bytes @ 0x20000674)
TFC9C 1828:724.614   CPU_WriteMem(4 bytes @ 0x20000674)
TFC9C 1828:725.144   ResetTarget() start
TFC9C 1828:725.189    J-Link Script File: Executing ResetTarget()
TFC9C 1828:725.576   CPU_ReadMem(4 bytes @ 0xE000EDFC)
TFC9C 1828:726.070   CPU_WriteMem(4 bytes @ 0xE000EDFC)
TFC9C 1828:726.495   CPU_WriteMem(4 bytes @ 0xE000ED0C)
TFC9C 1828:728.348   CPU_ReadMem(4 bytes @ 0xE000EDF0)
TFC9C 1828:728.754   CPU_ReadMem(4 bytes @ 0x41002100)
TFC9C 1828:729.147   CPU_WriteMem(4 bytes @ 0xE000EDFC)
TFC9C 1828:729.615   ResetTarget() end
TFC9C 1828:733.317   CPU_WriteMem(4 bytes @ 0xE0002000)
TFC9C 1828:733.840   CPU_ReadMem(4 bytes @ 0xE000EDFC)
TFC9C 1828:734.237   CPU_ReadMem(4 bytes @ 0xE0001000)
TFC9C 1828:734.609   CPU_WriteMem(4 bytes @ 0xE0001000)
TFC9C 1828:734.980 - 10.887ms
TF63C 1828:765.711 JLINK_IsHalted()
TF63C 1828:765.766 - 0.094ms returns TRUE
TF63C 1828:969.959 JLINK_IsHalted()
TF63C 1828:970.019 - 0.067ms returns TRUE
T113D4 1828:988.962 JLINK_Halt()
T113D4 1828:988.995 - 0.041ms returns 0x00
T113D4 1828:989.032 JLINK_ReadReg(R15 (PC))
T113D4 1828:989.055 - 0.030ms returns 0x00006CE4
T113D4 1828:989.075 JLINK_ReadReg(R13 (SP))
T113D4 1828:989.090 - 0.021ms returns 0x20008000
T113D4 1828:994.695 JLINK_ReadMemHW(0x00006CE4, 0x0004 Bytes, ...)
T113D4 1828:994.728   CPU_ReadMem(4 bytes @ 0x00006CE4)
T113D4 1828:995.085   Data:  10 B5 12 4A
T113D4 1828:995.128 - 0.443ms returns 0
T113D4 1828:995.446 JLINK_ReadReg(R0)
T113D4 1828:995.481 - 0.045ms returns 0x40001000
T113D4 1828:995.510 JLINK_ReadReg(R1)
T113D4 1828:995.532 - 0.032ms returns 0x00000000
T113D4 1828:995.557 JLINK_ReadReg(R2)
T113D4 1828:995.577 - 0.029ms returns 0x00000000
T113D4 1828:995.601 JLINK_ReadReg(R3)
T113D4 1828:995.621 - 0.030ms returns 0x00022000
T113D4 1828:995.646 JLINK_ReadReg(R4)
T113D4 1828:995.666 - 0.029ms returns 0x20000654
T113D4 1828:995.689 JLINK_ReadReg(R5)
T113D4 1828:995.709 - 0.029ms returns 0x200006AC
T113D4 1828:995.733 JLINK_ReadReg(R6)
T113D4 1828:995.753 - 0.030ms returns 0x200006AC
T113D4 1828:995.777 JLINK_ReadReg(R7)
T113D4 1828:995.799 - 0.031ms returns 0xA5A5A5A5
T113D4 1828:995.822 JLINK_ReadReg(R8)
T113D4 1828:995.842 - 0.030ms returns 0xA5A5A5A5
T113D4 1828:995.866 JLINK_ReadReg(R9)
T113D4 1828:995.886 - 0.029ms returns 0xA5A5A5A5
T113D4 1828:995.910 JLINK_ReadReg(R10)
T113D4 1828:995.936 - 0.035ms returns 0xA5A5A5A5
T113D4 1828:995.960 JLINK_ReadReg(R11)
T113D4 1828:995.980 - 0.040ms returns 0xA5A5A5A5
T113D4 1828:996.020 JLINK_ReadReg(R12)
T113D4 1828:996.043 - 0.032ms returns 0x200005D8
T113D4 1828:996.067 JLINK_ReadReg(R13 (SP))
T113D4 1828:996.087 - 0.030ms returns 0x20008000
T113D4 1828:996.111 JLINK_ReadReg(R14)
T113D4 1828:996.132 - 0.030ms returns 0x2000032F
T113D4 1828:996.156 JLINK_ReadReg(R15 (PC))
T113D4 1828:996.177 - 0.031ms returns 0x00006CE4
T113D4 1828:996.210 JLINK_ReadReg(XPSR)
T113D4 1828:996.231 - 0.030ms returns 0x21000000
T113D4 1828:996.255 JLINK_ReadReg(MSP)
T113D4 1828:996.276 - 0.029ms returns 0x20008000
T113D4 1828:996.300 JLINK_ReadReg(PSP)
T113D4 1828:996.320 - 0.030ms returns 0x20003120
T113D4 1828:996.344 JLINK_ReadReg(PRIMASK)
T113D4 1828:996.365 - 0.030ms returns 0x00000000
T113D4 1828:996.389 JLINK_ReadReg(BASEPRI)
T113D4 1828:996.410 - 0.030ms returns 0x00000000
T113D4 1828:996.434 JLINK_ReadReg(FAULTMASK)
T113D4 1828:996.455 - 0.030ms returns 0x00000000
T113D4 1828:996.479 JLINK_ReadReg(CONTROL)
T113D4 1828:996.500 - 0.030ms returns 0x00000000
T113D4 1828:996.809 JLINK_ReadMemHW(0x00006CE4, 0x0002 Bytes, ...)
T113D4 1828:996.839   CPU_ReadMem(2 bytes @ 0x00006CE4)
T113D4 1828:997.246   Data:  10 B5
T113D4 1828:997.289 - 0.486ms returns 0
T113D4 1829:062.380 JLINK_ReadReg(R0)
T113D4 1829:062.459 - 0.091ms returns 0x40001000
T113D4 1829:062.484 JLINK_ReadReg(R1)
T113D4 1829:062.498 - 0.021ms returns 0x00000000
T113D4 1829:062.540 JLINK_ReadReg(R2)
T113D4 1829:062.558 - 0.034ms returns 0x00000000
T113D4 1829:062.598 JLINK_ReadReg(R3)
T113D4 1829:062.642 - 0.057ms returns 0x00022000
T113D4 1829:062.673 JLINK_ReadReg(R4)
T113D4 1829:062.701 - 0.035ms returns 0x20000654
T113D4 1829:062.720 JLINK_ReadReg(R5)
T113D4 1829:062.734 - 0.020ms returns 0x200006AC
T113D4 1829:062.750 JLINK_ReadReg(R6)
T113D4 1829:062.764 - 0.020ms returns 0x200006AC
T113D4 1829:062.780 JLINK_ReadReg(R7)
T113D4 1829:062.793 - 0.020ms returns 0xA5A5A5A5
T113D4 1829:062.809 JLINK_ReadReg(R8)
T113D4 1829:062.823 - 0.020ms returns 0xA5A5A5A5
T113D4 1829:062.839 JLINK_ReadReg(R9)
T113D4 1829:062.852 - 0.019ms returns 0xA5A5A5A5
T113D4 1829:062.868 JLINK_ReadReg(R10)
T113D4 1829:062.882 - 0.019ms returns 0xA5A5A5A5
T113D4 1829:062.897 JLINK_ReadReg(R11)
T113D4 1829:062.912 - 0.028ms returns 0xA5A5A5A5
T113D4 1829:062.937 JLINK_ReadReg(R12)
T113D4 1829:062.951 - 0.020ms returns 0x200005D8
T113D4 1829:062.967 JLINK_ReadReg(R13 (SP))
T113D4 1829:062.981 - 0.020ms returns 0x20008000
T113D4 1829:062.997 JLINK_ReadReg(R14)
T113D4 1829:063.010 - 0.020ms returns 0x2000032F
T113D4 1829:063.026 JLINK_ReadReg(R15 (PC))
T113D4 1829:063.040 - 0.020ms returns 0x00006CE4
T113D4 1829:063.062 JLINK_ReadReg(XPSR)
T113D4 1829:063.076 - 0.020ms returns 0x21000000
T113D4 1829:063.092 JLINK_ReadReg(MSP)
T113D4 1829:063.106 - 0.020ms returns 0x20008000
T113D4 1829:063.122 JLINK_ReadReg(PSP)
T113D4 1829:063.135 - 0.020ms returns 0x20003120
T113D4 1829:063.151 JLINK_ReadReg(PRIMASK)
T113D4 1829:063.165 - 0.020ms returns 0x00000000
T113D4 1829:063.181 JLINK_ReadReg(BASEPRI)
T113D4 1829:063.194 - 0.020ms returns 0x00000000
T113D4 1829:063.210 JLINK_ReadReg(FAULTMASK)
T113D4 1829:063.224 - 0.020ms returns 0x00000000
T113D4 1829:063.240 JLINK_ReadReg(CONTROL)
T113D4 1829:063.253 - 0.020ms returns 0x00000000
T113D4 1829:134.178 JLINK_ReadMemHW(0x00006CE4, 0x0004 Bytes, ...)
T113D4 1829:134.232   CPU_ReadMem(4 bytes @ 0x00006CE4)
T113D4 1829:134.630   Data:  10 B5 12 4A
T113D4 1829:134.659 - 0.488ms returns 0
T113D4 1829:169.139 JLINK_SetResetType(JLINKARM_CM3_RESET_TYPE_NORMAL)
T113D4 1829:169.172 - 0.047ms returns JLINKARM_CM3_RESET_TYPE_NORMAL
T113D4 1829:169.206 JLINK_Reset()
T113D4 1829:169.265   ResetTarget() start
T113D4 1829:169.310    J-Link Script File: Executing ResetTarget()
T113D4 1829:169.344   CPU_ReadMem(4 bytes @ 0xE000EDFC)
T113D4 1829:169.734   CPU_WriteMem(4 bytes @ 0xE000EDFC)
T113D4 1829:170.131   CPU_WriteMem(4 bytes @ 0xE000ED0C)
T113D4 1829:171.626   CPU_ReadMem(4 bytes @ 0xE000EDF0)
T113D4 1829:172.053   CPU_ReadMem(4 bytes @ 0x41002100)
T113D4 1829:172.412   CPU_WriteMem(4 bytes @ 0xE000EDFC)
T113D4 1829:172.872   ResetTarget() end
T113D4 1829:176.332   CPU_WriteMem(4 bytes @ 0xE0002000)
T113D4 1829:176.824   CPU_ReadMem(4 bytes @ 0xE000EDFC)
T113D4 1829:177.225   CPU_ReadMem(4 bytes @ 0xE0001000)
T113D4 1829:177.601   CPU_WriteMem(4 bytes @ 0xE0001000)
T113D4 1829:178.002 - 8.811ms
TF63C 1829:178.087 JLINK_IsHalted()
TF63C 1829:178.110 - 0.030ms returns TRUE
TF63C 1829:178.127 JLINK_GetMOEs(...)
TF63C 1829:178.143   CPU_ReadMem(4 bytes @ 0xE000ED30)
TF63C 1829:178.515 - 0.418ms returns 0x01
TF63C 1829:178.562 JLINK_ReadReg(R15 (PC))
TF63C 1829:178.586 - 0.032ms returns 0x00006CE4
T10A44 1829:187.290 JLINK_EMU_GetList(InterfaceMask = 0x00000001, MaxInfos = 0x00000032) 
T10A44 1829:188.831   [0]: USB, S/N: 801026271
T10A44 1829:188.861 - 1.580ms returns 1
T113D4 1829:188.892 JLINK_ReadReg(R15 (PC))
T113D4 1829:188.943 - 0.059ms returns 0x00006CE4
T10A44 1829:188.966 JLINK_EMU_GetList(InterfaceMask = 0x00000002, MaxInfos = 0x00000032) 
T10A44 1829:257.963 - 69.055ms returns 0
T113D4 1829:258.096 JLINK_ReadReg(R13 (SP))
T113D4 1829:258.144 - 0.055ms returns 0x20008000
T113D4 1829:258.642 JLINK_ReadMemHW(0x00006CE4, 0x0004 Bytes, ...)
T113D4 1829:258.681   CPU_ReadMem(4 bytes @ 0x00006CE4)
T113D4 1829:259.106   Data:  10 B5 12 4A
T113D4 1829:259.134 - 0.498ms returns 0
T113D4 1829:310.221 JLINK_ReadMemHW(0x00000000, 0x0004 Bytes, ...)
T113D4 1829:310.258   CPU_ReadMem(4 bytes @ 0x00000000)
T113D4 1829:310.650   Data:  00 80 00 20
T113D4 1829:310.704 - 0.495ms returns 0
TF63C 1829:383.650 JLINK_IsHalted()
TF63C 1829:383.728 - 0.095ms returns TRUE
T113D4 1829:404.760 JLINK_ReadMemHW(0x00000000, 0x0004 Bytes, ...)
T113D4 1829:404.817   CPU_ReadMem(4 bytes @ 0x00000000)
T113D4 1829:405.263   Data:  00 80 00 20
T113D4 1829:405.344 - 0.595ms returns 0
T113D4 1829:406.748 JLINK_ReadMemHW(0x00000000, 0x0004 Bytes, ...)
T113D4 1829:406.827   CPU_ReadMem(4 bytes @ 0x00000000)
T113D4 1829:407.348   Data:  00 80 00 20
T113D4 1829:407.391 - 0.654ms returns 0
T113D4 1829:441.957 JLINK_ReadMemHW(0x00000000, 0x0004 Bytes, ...)
T113D4 1829:442.052   CPU_ReadMem(4 bytes @ 0x00000000)
T113D4 1829:442.530   Data:  00 80 00 20
T113D4 1829:442.577 - 0.631ms returns 0
T113D4 1829:527.558 JLINK_ReadMemHW(0x00006F00, 0x0001 Bytes, ...)
T113D4 1829:527.608   CPU_ReadMem(1 bytes @ 0x00006F00)
T113D4 1829:528.083   Data:  10
T113D4 1829:528.161 - 0.621ms returns 0
TF63C 1829:585.606 JLINK_IsHalted()
TF63C 1829:585.698 - 0.111ms returns TRUE
T113D4 1829:587.747 JLINK_ReadReg(R15 (PC))
T113D4 1829:587.798 - 0.063ms returns 0x00006CE4
T113D4 1829:587.944 JLINK_GetNumBPUnits(Type = 0xFFFFFF02)
T113D4 1829:587.968 - 0.034ms returns 0x04
T113D4 1829:587.991 JLINK_SetBPEx(Addr = 0x00006F00, Type = 0xFFFFFFF2)
T113D4 1829:588.018 - 0.038ms returns 0x00000001
T113D4 1829:588.041 JLINK_GetBPInfo(BPHandle = 1)
T113D4 1829:588.063 - 0.031ms returns 0x0
T113D4 1829:588.357 JLINK_Go()
T113D4 1829:588.443   CPU_WriteMem(4 bytes @ 0xE0002000)
T113D4 1829:590.660   CPU_ReadMem(4 bytes @ 0xE0001000)
T113D4 1829:591.135   CPU_WriteMem(4 bytes @ 0xE000ED30)
T113D4 1829:591.531   CPU_WriteMem(4 bytes @ 0xE0001000)
T113D4 1829:591.580   CPU_WriteMem(4 bytes @ 0xE0002008)
T113D4 1829:591.613   CPU_WriteMem(4 bytes @ 0xE000200C)
T113D4 1829:591.642   CPU_WriteMem(4 bytes @ 0xE0002010)
T113D4 1829:591.673   CPU_WriteMem(4 bytes @ 0xE0002014)
T113D4 1829:593.038   CPU_WriteMem(4 bytes @ 0xE0001004)
T113D4 1829:595.822 - 7.509ms
TF63C 1829:599.271 JLINK_IsHalted()
TF63C 1829:599.850   CPU_ReadMem(4 bytes @ 0x41002100)
TF63C 1829:600.452 - 1.215ms returns FALSE
TF63C 1829:621.165 JLINK_IsHalted()
TF63C 1829:622.899   CPU_ReadMem(4 bytes @ 0x41002100)
TF63C 1829:623.692 - 2.561ms returns FALSE
TF63C 1829:705.913 JLINK_IsHalted()
TF63C 1829:709.393 - 3.525ms returns TRUE
TF63C 1829:709.469 JLINK_GetMOEs(...)
TF63C 1829:709.501   CPU_ReadMem(4 bytes @ 0xE000ED30)
TF63C 1829:710.182 - 0.735ms returns 0x01
TF63C 1829:710.224 JLINK_ReadReg(R15 (PC))
TF63C 1829:710.251 - 0.036ms returns 0x00006F00
T113D4 1829:711.745 JLINK_ReadReg(R15 (PC))
T113D4 1829:711.804 - 0.070ms returns 0x00006F00
T113D4 1829:711.835 JLINK_ReadReg(R13 (SP))
T113D4 1829:711.858 - 0.034ms returns 0x20007FF8
T113D4 1829:712.477 JLINK_ReadMemHW(0x00006F00, 0x0004 Bytes, ...)
T113D4 1829:712.517   CPU_ReadMem(4 bytes @ 0x00006F00)
T113D4 1829:712.946   Data:  10 B5 02 F0
T113D4 1829:713.004 - 0.542ms returns 0
TF63C 1829:913.517 JLINK_IsHalted()
TF63C 1829:913.664 - 0.174ms returns TRUE
TFC9C 1830:098.083 JLINK_ReadMemHW(0x00000000, 0x01F4 Bytes, ...)
TFC9C 1830:098.143   CPU_ReadMem(500 bytes @ 0x00000000)
TFC9C 1830:101.680   Data:  00 80 00 20 E5 6C 00 00 CD 6C 00 00 CD 6C 00 00 ...
TFC9C 1830:101.717 - 3.642ms returns 0
TF63C 1830:114.482 JLINK_IsHalted()
TF63C 1830:114.529 - 0.058ms returns TRUE
TFC9C 1830:162.433 JLINK_ReadMemHW(0x000001F4, 0x0064 Bytes, ...)
TFC9C 1830:162.483   CPU_ReadMem(100 bytes @ 0x000001F4)
TFC9C 1830:163.470   Data:  0B 74 4A 82 0D 4C 02 93 01 3B 01 93 14 22 00 92 ...
TFC9C 1830:163.512 - 1.090ms returns 0
TFC9C 1830:174.514 JLINK_ReadMemHW(0x00000258, 0x0096 Bytes, ...)
TFC9C 1830:174.573   CPU_ReadMem(150 bytes @ 0x00000258)
TFC9C 1830:176.078   Data:  64 34 F7 E7 70 69 00 28 01 D0 06 F0 71 FE 30 00 ...
TFC9C 1830:176.203 - 1.700ms returns 0
TF63C 1830:318.871 JLINK_IsHalted()
TF63C 1830:332.692 - 13.853ms returns TRUE
T10A44 1830:370.138 JLINK_EMU_GetList(InterfaceMask = 0x00000001, MaxInfos = 0x00000032) 
T10A44 1830:372.775   [0]: USB, S/N: 801026271
T10A44 1830:372.823 - 2.696ms returns 1
T10A44 1830:372.906 JLINK_EMU_GetList(InterfaceMask = 0x00000002, MaxInfos = 0x00000032) 
T10A44 1830:443.628 - 70.795ms returns 0
T113D4 1830:530.512 JLINK_ReadMemHW(0x00006F00, 0x0001 Bytes, ...)
T113D4 1830:530.555   CPU_ReadMem(1 bytes @ 0x00006F00)
T113D4 1830:531.080   Data:  10
T113D4 1830:531.124 - 0.623ms returns 0
TF63C 1830:536.219 JLINK_IsHalted()
TF63C 1830:536.257 - 0.049ms returns TRUE
TF63C 1830:737.800 JLINK_IsHalted()
TF63C 1830:737.856 - 0.068ms returns TRUE
TF63C 1830:937.844 JLINK_IsHalted()
TF63C 1830:938.559 - 0.742ms returns TRUE
TF63C 1831:139.798 JLINK_IsHalted()
TF63C 1831:140.333 - 0.546ms returns TRUE
TF63C 1831:343.505 JLINK_IsHalted()
TF63C 1831:343.544 - 0.046ms returns TRUE
T10A44 1831:503.645 JLINK_EMU_GetList(InterfaceMask = 0x00000001, MaxInfos = 0x00000032) 
T10A44 1831:505.568   [0]: USB, S/N: 801026271
T10A44 1831:505.605 - 1.966ms returns 1
T10A44 1831:505.669 JLINK_EMU_GetList(InterfaceMask = 0x00000002, MaxInfos = 0x00000032) 
T10A44 1831:574.541 - 68.897ms returns 0
TF63C 1831:574.628 JLINK_IsHalted()
TF63C 1831:575.028 - 0.415ms returns TRUE
TF63C 1831:774.478 JLINK_IsHalted()
TF63C 1831:774.514 - 0.043ms returns TRUE
T113D4 1831:848.188 JLINK_WriteU32_64(0xE000EDFC, 0x01000000)
T113D4 1831:848.249   Debug reg: DEMCR
T113D4 1831:848.720   CPU_WriteMem(4 bytes @ 0xE000EDFC)
T113D4 1831:849.088 - 0.917ms returns 0 (0x00000000)
T113D4 1831:849.120 JLINK_ReadMem(0xE0001000, 0x4 Bytes, ...)
T113D4 1831:849.142   CPU_ReadMem(4 bytes @ 0xE0001000)
T113D4 1831:849.481   Data:  00 00 00 20
T113D4 1831:849.510   Debug reg: DWT_CTRL
T113D4 1831:849.529 - 0.416ms returns 0
T113D4 1831:849.593 JLINK_WriteU32_64(0xE0001000, 0x20000001)
T113D4 1831:849.609   Debug reg: DWT_CTRL
T113D4 1831:849.636 - 0.058ms returns 0 (0x00000000)
T113D4 1831:849.697 JLINK_WriteU32_64(0xE0001028, 0x00000100)
T113D4 1831:849.726   Debug reg: DWT_FUNC[0]
T113D4 1831:849.770 - 0.086ms returns 0 (0x00000000)
T113D4 1831:849.801 JLINK_ReadMem(0xE0001028, 0x4 Bytes, ...)
T113D4 1831:849.832   CPU_WriteMem(4 bytes @ 0xE0001028)
T113D4 1831:850.193   CPU_ReadMem(4 bytes @ 0xE0001028)
T113D4 1831:850.551   Data:  00 00 00 00
T113D4 1831:850.580   Debug reg: DWT_FUNC[0]
T113D4 1831:850.600 - 0.805ms returns 0
T113D4 1831:850.658 JLINK_WriteU32_64(0xE0001024, 0x0000001F)
T113D4 1831:850.674   Debug reg: DWT_MASK[0]
T113D4 1831:850.704 - 0.060ms returns 0 (0x00000000)
T113D4 1831:850.739 JLINK_ReadMem(0xE0001024, 0x4 Bytes, ...)
T113D4 1831:850.771   CPU_WriteMem(4 bytes @ 0xE0001024)
T113D4 1831:851.133   CPU_ReadMem(4 bytes @ 0xE0001024)
T113D4 1831:851.480   Data:  1F 00 00 00
T113D4 1831:851.519   Debug reg: DWT_MASK[0]
T113D4 1831:851.547 - 0.818ms returns 0
T113D4 1831:851.624 JLINK_WriteU32_64(0xE0001038, 0x00000100)
T113D4 1831:851.652   Debug reg: DWT_FUNC[1]
T113D4 1831:851.696 - 0.084ms returns 0 (0x00000000)
T113D4 1831:851.723 JLINK_ReadMem(0xE0001038, 0x4 Bytes, ...)
T113D4 1831:851.748   CPU_WriteMem(4 bytes @ 0xE0001038)
T113D4 1831:852.104   CPU_ReadMem(4 bytes @ 0xE0001038)
T113D4 1831:852.439   Data:  00 00 00 00
T113D4 1831:852.471   Debug reg: DWT_FUNC[1]
T113D4 1831:852.491 - 0.775ms returns 0
T113D4 1831:852.557 JLINK_WriteU32_64(0xE0001034, 0x0000001F)
T113D4 1831:852.580   Debug reg: DWT_MASK[1]
T113D4 1831:852.639 - 0.093ms returns 0 (0x00000000)
T113D4 1831:852.662 JLINK_ReadMem(0xE0001034, 0x4 Bytes, ...)
T113D4 1831:852.680   CPU_WriteMem(4 bytes @ 0xE0001034)
T113D4 1831:853.049   CPU_ReadMem(4 bytes @ 0xE0001034)
T113D4 1831:853.368   Data:  1F 00 00 00
T113D4 1831:853.399   Debug reg: DWT_MASK[1]
T113D4 1831:853.419 - 0.764ms returns 0
T113D4 1831:853.496 JLINK_WriteU32_64(0xE0001020, 0x00000000)
T113D4 1831:853.518   Debug reg: DWT_COMP[0]
T113D4 1831:853.597 - 0.113ms returns 0 (0x00000000)
T113D4 1831:853.652 JLINK_WriteU32_64(0xE0001024, 0x00000000)
T113D4 1831:853.676   Debug reg: DWT_MASK[0]
T113D4 1831:853.711 - 0.070ms returns 0 (0x00000000)
T113D4 1831:853.766 JLINK_WriteU32_64(0xE0001028, 0x00000000)
T113D4 1831:853.802   Debug reg: DWT_FUNC[0]
T113D4 1831:853.848 - 0.096ms returns 0 (0x00000000)
T113D4 1831:853.913 JLINK_WriteU32_64(0xE0001030, 0x00000000)
T113D4 1831:853.941   Debug reg: DWT_COMP[1]
T113D4 1831:853.995 - 0.093ms returns 0 (0x00000000)
T113D4 1831:854.070 JLINK_WriteU32_64(0xE0001034, 0x00000000)
T113D4 1831:854.099   Debug reg: DWT_MASK[1]
T113D4 1831:854.123 - 0.059ms returns 0 (0x00000000)
T113D4 1831:854.159 JLINK_WriteU32_64(0xE0001038, 0x00000000)
T113D4 1831:854.186   Debug reg: DWT_FUNC[1]
T113D4 1831:854.221 - 0.071ms returns 0 (0x00000000)
T113D4 1831:854.243 JLINK_GetBPInfo(BPHandle = 1)
T113D4 1831:854.256 - 0.019ms returns 0x0
T113D4 1831:854.271 JLINK_ClrBPEx(BPHandle = 0x00000001)
T113D4 1831:854.285 - 0.022ms returns 0x00
T113D4 1831:854.328 JLINK_ReadReg(R15 (PC))
T113D4 1831:854.369 - 0.059ms returns 0x00006F00
T113D4 1831:854.927 JLINK_Go()
T113D4 1831:854.983   CPU_WriteMem(4 bytes @ 0xE0001000)
T113D4 1831:855.325   CPU_ReadMem(4 bytes @ 0xE0001000)
T113D4 1831:855.696   CPU_WriteMem(4 bytes @ 0xE000ED30)
T113D4 1831:856.058   CPU_WriteMem(4 bytes @ 0xE0001000)
T113D4 1831:856.090   CPU_WriteMem(4 bytes @ 0xE0001020)
T113D4 1831:856.110   CPU_WriteMem(4 bytes @ 0xE0001030)
T113D4 1831:856.129   CPU_WriteMem(4 bytes @ 0xE0001024)
T113D4 1831:856.148   CPU_WriteMem(4 bytes @ 0xE0001034)
T113D4 1831:856.167   CPU_WriteMem(4 bytes @ 0xE0001028)
T113D4 1831:856.186   CPU_WriteMem(4 bytes @ 0xE0001038)
T113D4 1831:856.206   CPU_WriteMem(4 bytes @ 0xE0002008)
T113D4 1831:858.535 - 3.638ms
TF63C 1831:858.594 JLINK_IsHalted()
TF63C 1831:858.936   CPU_ReadMem(4 bytes @ 0x41002100)
TF63C 1831:859.279 - 0.705ms returns FALSE
TF63C 1831:900.483 JLINK_IsHalted()
TF63C 1831:900.850   CPU_ReadMem(4 bytes @ 0x41002100)
TF63C 1831:901.182 - 0.712ms returns FALSE
TF63C 1832:063.614 JLINK_IsHalted()
TF63C 1832:064.215   CPU_ReadMem(4 bytes @ 0x41002100)
TF63C 1832:064.822 - 1.248ms returns FALSE
TF63C 1832:264.361 JLINK_IsHalted()
TF63C 1832:264.833   CPU_ReadMem(4 bytes @ 0x41002100)
TF63C 1832:265.224 - 0.879ms returns FALSE
TF63C 1832:468.097 JLINK_IsHalted()
TF63C 1832:468.571   CPU_ReadMem(4 bytes @ 0x41002100)
TF63C 1832:468.968 - 0.886ms returns FALSE
T10A44 1832:627.057 JLINK_EMU_GetList(InterfaceMask = 0x00000001, MaxInfos = 0x00000032) 
T10A44 1832:628.560   [0]: USB, S/N: 801026271
T10A44 1832:628.589 - 1.538ms returns 1
T10A44 1832:628.651 JLINK_EMU_GetList(InterfaceMask = 0x00000002, MaxInfos = 0x00000032) 
T10A44 1832:698.101 - 69.512ms returns 0
TF63C 1832:698.275 JLINK_IsHalted()
TF63C 1832:698.683   CPU_ReadMem(4 bytes @ 0x41002100)
TF63C 1832:699.075 - 0.815ms returns FALSE
TF63C 1832:899.200 JLINK_IsHalted()
TF63C 1832:899.583   CPU_ReadMem(4 bytes @ 0x41002100)
TF63C 1832:899.939 - 0.760ms returns FALSE
TF63C 1833:103.189 JLINK_IsHalted()
TF63C 1833:103.559   CPU_ReadMem(4 bytes @ 0x41002100)
TF63C 1833:103.903 - 0.730ms returns FALSE
TF63C 1833:304.200 JLINK_IsHalted()
TF63C 1833:304.623   CPU_ReadMem(4 bytes @ 0x41002100)
TF63C 1833:305.164 - 1.020ms returns FALSE
TF63C 1833:510.181 JLINK_IsHalted()
TF63C 1833:510.566   CPU_ReadMem(4 bytes @ 0x41002100)
TF63C 1833:510.940 - 0.782ms returns FALSE
TF63C 1833:710.209 JLINK_IsHalted()
TF63C 1833:710.599   CPU_ReadMem(4 bytes @ 0x41002100)
TF63C 1833:710.953 - 0.763ms returns FALSE
T10A44 1833:749.775 JLINK_EMU_GetList(InterfaceMask = 0x00000001, MaxInfos = 0x00000032) 
T10A44 1833:751.518   [0]: USB, S/N: 801026271
T10A44 1833:751.566 - 1.801ms returns 1
T10A44 1833:751.648 JLINK_EMU_GetList(InterfaceMask = 0x00000002, MaxInfos = 0x00000032) 
T10A44 1833:822.235 - 70.615ms returns 0
TF63C 1833:912.237 JLINK_IsHalted()
TF63C 1833:912.645   CPU_ReadMem(4 bytes @ 0x41002100)
TF63C 1833:913.029 - 0.816ms returns FALSE
TF63C 1834:113.173 JLINK_IsHalted()
TF63C 1834:113.569   CPU_ReadMem(4 bytes @ 0x41002100)
TF63C 1834:113.931 - 0.772ms returns FALSE
TF63C 1834:314.178 JLINK_IsHalted()
TF63C 1834:314.551   CPU_ReadMem(4 bytes @ 0x41002100)
TF63C 1834:314.878 - 0.717ms returns FALSE
TF63C 1834:514.180 JLINK_IsHalted()
TF63C 1834:514.580   CPU_ReadMem(4 bytes @ 0x41002100)
TF63C 1834:514.937 - 0.775ms returns FALSE
TF63C 1834:714.703 JLINK_IsHalted()
TF63C 1834:715.202   CPU_ReadMem(4 bytes @ 0x41002100)
TF63C 1834:715.603 - 0.916ms returns FALSE
T10A44 1834:868.587 JLINK_EMU_GetList(InterfaceMask = 0x00000001, MaxInfos = 0x00000032) 
T10A44 1834:869.989   [0]: USB, S/N: 801026271
T10A44 1834:870.017 - 1.436ms returns 1
T10A44 1834:870.124 JLINK_EMU_GetList(InterfaceMask = 0x00000002, MaxInfos = 0x00000032) 
T10A44 1834:939.019 - 68.949ms returns 0
TF63C 1834:939.184 JLINK_IsHalted()
TF63C 1834:939.754   CPU_ReadMem(4 bytes @ 0x41002100)
TF63C 1834:940.332 - 1.188ms returns FALSE
TF63C 1835:141.624 JLINK_IsHalted()
TF63C 1835:142.172   CPU_ReadMem(4 bytes @ 0x41002100)
TF63C 1835:142.682 - 1.078ms returns FALSE
TF63C 1835:344.049 JLINK_IsHalted()
TF63C 1835:344.658   CPU_ReadMem(4 bytes @ 0x41002100)
TF63C 1835:345.139 - 1.136ms returns FALSE
TF63C 1835:544.430 JLINK_IsHalted()
TF63C 1835:544.839   CPU_ReadMem(4 bytes @ 0x41002100)
TF63C 1835:545.180 - 0.768ms returns FALSE
TF63C 1835:745.078 JLINK_IsHalted()
TF63C 1835:745.565   CPU_ReadMem(4 bytes @ 0x41002100)
TF63C 1835:746.241 - 1.201ms returns FALSE
TF63C 1835:947.173 JLINK_IsHalted()
TF63C 1835:947.667   CPU_ReadMem(4 bytes @ 0x41002100)
TF63C 1835:948.058 - 0.901ms returns FALSE
T10A44 1835:990.532 JLINK_EMU_GetList(InterfaceMask = 0x00000001, MaxInfos = 0x00000032) 
T10A44 1835:991.953   [0]: USB, S/N: 801026271
T10A44 1835:991.981 - 1.455ms returns 1
T10A44 1835:992.039 JLINK_EMU_GetList(InterfaceMask = 0x00000002, MaxInfos = 0x00000032) 
T10A44 1836:061.290 - 69.293ms returns 0
TF63C 1836:148.253 JLINK_IsHalted()
TF63C 1836:148.889   CPU_ReadMem(4 bytes @ 0x41002100)
TF63C 1836:149.527 - 1.312ms returns FALSE
TF63C 1836:354.156 JLINK_IsHalted()
TF63C 1836:354.776   CPU_ReadMem(4 bytes @ 0x41002100)
TF63C 1836:355.440 - 1.322ms returns FALSE
TF63C 1836:564.694 JLINK_IsHalted()
TF63C 1836:565.226   CPU_ReadMem(4 bytes @ 0x41002100)
TF63C 1836:565.906 - 1.243ms returns FALSE
TF63C 1836:765.682 JLINK_IsHalted()
TF63C 1836:766.067   CPU_ReadMem(4 bytes @ 0x41002100)
TF63C 1836:766.460 - 0.818ms returns FALSE
TF63C 1836:969.898 JLINK_IsHalted()
TF63C 1836:970.524   CPU_ReadMem(4 bytes @ 0x41002100)
TF63C 1836:971.011 - 1.136ms returns FALSE
T10A44 1837:109.483 JLINK_EMU_GetList(InterfaceMask = 0x00000001, MaxInfos = 0x00000032) 
T10A44 1837:110.928   [0]: USB, S/N: 801026271
T10A44 1837:110.956 - 1.479ms returns 1
T10A44 1837:111.015 JLINK_EMU_GetList(InterfaceMask = 0x00000002, MaxInfos = 0x00000032) 
T10A44 1837:180.160 - 69.191ms returns 0
TF63C 1837:180.426 JLINK_IsHalted()
TF63C 1837:180.858   CPU_ReadMem(4 bytes @ 0x41002100)
TF63C 1837:181.286 - 0.876ms returns FALSE
TF63C 1837:382.217 JLINK_IsHalted()
TF63C 1837:382.858   CPU_ReadMem(4 bytes @ 0x41002100)
TF63C 1837:383.486 - 1.308ms returns FALSE
TF63C 1837:584.210 JLINK_IsHalted()
TF63C 1837:584.818   CPU_ReadMem(4 bytes @ 0x41002100)
TF63C 1837:585.264 - 1.078ms returns FALSE
TF63C 1837:787.104 JLINK_IsHalted()
TF63C 1837:787.765   CPU_ReadMem(4 bytes @ 0x41002100)
TF63C 1837:788.225 - 1.203ms returns FALSE
TF63C 1837:992.620 JLINK_IsHalted()
TF63C 1837:993.227   CPU_ReadMem(4 bytes @ 0x41002100)
TF63C 1837:993.742 - 1.154ms returns FALSE
TF63C 1838:194.400 JLINK_IsHalted()
TF63C 1838:194.911   CPU_ReadMem(4 bytes @ 0x41002100)
TF63C 1838:195.574 - 1.215ms returns FALSE
T10A44 1838:226.637 JLINK_EMU_GetList(InterfaceMask = 0x00000001, MaxInfos = 0x00000032) 
T10A44 1838:228.013   [0]: USB, S/N: 801026271
T10A44 1838:228.041 - 1.411ms returns 1
T10A44 1838:228.107 JLINK_EMU_GetList(InterfaceMask = 0x00000002, MaxInfos = 0x00000032) 
T10A44 1838:298.196 - 70.124ms returns 0
TF63C 1838:399.264 JLINK_IsHalted()
TF63C 1838:399.685   CPU_ReadMem(4 bytes @ 0x41002100)
TF63C 1838:400.091 - 0.843ms returns FALSE
TF63C 1838:600.430 JLINK_IsHalted()
TF63C 1838:601.031   CPU_ReadMem(4 bytes @ 0x41002100)
TF63C 1838:601.625 - 1.233ms returns FALSE
TF63C 1838:803.969 JLINK_IsHalted()
TF63C 1838:804.590   CPU_ReadMem(4 bytes @ 0x41002100)
TF63C 1838:805.089 - 1.148ms returns FALSE
TF63C 1839:008.833 JLINK_IsHalted()
TF63C 1839:009.397   CPU_ReadMem(4 bytes @ 0x41002100)
TF63C 1839:009.967 - 1.163ms returns FALSE
TF63C 1839:210.502 JLINK_IsHalted()
TF63C 1839:211.089   CPU_ReadMem(4 bytes @ 0x41002100)
TF63C 1839:211.517 - 1.062ms returns FALSE
T10A44 1839:346.946 JLINK_EMU_GetList(InterfaceMask = 0x00000001, MaxInfos = 0x00000032) 
T10A44 1839:348.332   [0]: USB, S/N: 801026271
T10A44 1839:348.361 - 1.421ms returns 1
T10A44 1839:348.417 JLINK_EMU_GetList(InterfaceMask = 0x00000002, MaxInfos = 0x00000032) 
T10A44 1839:416.852 - 68.465ms returns 0
TF63C 1839:416.990 JLINK_IsHalted()
TF63C 1839:417.427   CPU_ReadMem(4 bytes @ 0x41002100)
TF63C 1839:417.871 - 0.896ms returns FALSE
TF63C 1839:617.894 JLINK_IsHalted()
TF63C 1839:618.529   CPU_ReadMem(4 bytes @ 0x41002100)
TF63C 1839:619.135 - 1.279ms returns FALSE
TF63C 1839:820.439 JLINK_IsHalted()
TF63C 1839:820.970   CPU_ReadMem(4 bytes @ 0x41002100)
TF63C 1839:821.578 - 1.177ms returns FALSE
TF63C 1840:023.755 JLINK_IsHalted()
TF63C 1840:024.356   CPU_ReadMem(4 bytes @ 0x41002100)
TF63C 1840:024.873 - 1.162ms returns FALSE
TF63C 1840:226.142 JLINK_IsHalted()
TF63C 1840:226.555   CPU_ReadMem(4 bytes @ 0x41002100)
TF63C 1840:226.964 - 0.849ms returns FALSE
TF63C 1840:430.137 JLINK_IsHalted()
TF63C 1840:430.630   CPU_ReadMem(4 bytes @ 0x41002100)
TF63C 1840:431.065 - 0.948ms returns FALSE
T10A44 1840:472.746 JLINK_EMU_GetList(InterfaceMask = 0x00000001, MaxInfos = 0x00000032) 
T10A44 1840:474.965   [0]: USB, S/N: 801026271
T10A44 1840:475.044 - 2.304ms returns 1
T10A44 1840:475.106 JLINK_EMU_GetList(InterfaceMask = 0x00000002, MaxInfos = 0x00000032) 
T10A44 1840:545.866 - 70.804ms returns 0
TF63C 1840:634.311 JLINK_IsHalted()
TF63C 1840:634.913   CPU_ReadMem(4 bytes @ 0x41002100)
TF63C 1840:635.364 - 1.123ms returns FALSE
TF63C 1840:836.477 JLINK_IsHalted()
TF63C 1840:836.882   CPU_ReadMem(4 bytes @ 0x41002100)
TF63C 1840:837.231 - 0.774ms returns FALSE
TF63C 1841:036.970 JLINK_IsHalted()
TF63C 1841:037.611   CPU_ReadMem(4 bytes @ 0x41002100)
TF63C 1841:038.232 - 1.302ms returns FALSE
TF63C 1841:240.411 JLINK_IsHalted()
TF63C 1841:240.862   CPU_ReadMem(4 bytes @ 0x41002100)
TF63C 1841:241.269 - 0.874ms returns FALSE
TF63C 1841:442.037 JLINK_IsHalted()
TF63C 1841:442.440   CPU_ReadMem(4 bytes @ 0x41002100)
TF63C 1841:442.856 - 0.834ms returns FALSE
T10A44 1841:589.231 JLINK_EMU_GetList(InterfaceMask = 0x00000001, MaxInfos = 0x00000032) 
T10A44 1841:590.631   [0]: USB, S/N: 801026271
T10A44 1841:590.659 - 1.434ms returns 1
T10A44 1841:591.148 JLINK_EMU_GetList(InterfaceMask = 0x00000002, MaxInfos = 0x00000032) 
T10A44 1841:660.108 - 69.010ms returns 0
TF63C 1841:660.293 JLINK_IsHalted()
TF63C 1841:660.865   CPU_ReadMem(4 bytes @ 0x41002100)
TF63C 1841:661.418 - 1.163ms returns FALSE
TF63C 1841:861.347 JLINK_IsHalted()
TF63C 1841:861.881   CPU_ReadMem(4 bytes @ 0x41002100)
TF63C 1841:862.395 - 1.082ms returns FALSE
TF63C 1842:064.022 JLINK_IsHalted()
TF63C 1842:064.444   CPU_ReadMem(4 bytes @ 0x41002100)
TF63C 1842:064.887 - 0.910ms returns FALSE
TF63C 1842:264.038 JLINK_IsHalted()
TF63C 1842:264.465   CPU_ReadMem(4 bytes @ 0x41002100)
TF63C 1842:264.917 - 0.925ms returns FALSE
TF63C 1842:470.691 JLINK_IsHalted()
TF63C 1842:471.242   CPU_ReadMem(4 bytes @ 0x41002100)
TF63C 1842:471.723 - 1.058ms returns FALSE
TF63C 1842:673.655 JLINK_IsHalted()
TF63C 1842:674.079   CPU_ReadMem(4 bytes @ 0x41002100)
TF63C 1842:674.476 - 0.851ms returns FALSE
T10A44 1842:705.717 JLINK_EMU_GetList(InterfaceMask = 0x00000001, MaxInfos = 0x00000032) 
T10A44 1842:707.135   [0]: USB, S/N: 801026271
T10A44 1842:707.163 - 1.452ms returns 1
T10A44 1842:707.219 JLINK_EMU_GetList(InterfaceMask = 0x00000002, MaxInfos = 0x00000032) 
T10A44 1842:776.230 - 69.043ms returns 0
TF63C 1842:874.434 JLINK_IsHalted()
TF63C 1842:874.997   CPU_ReadMem(4 bytes @ 0x41002100)
TF63C 1842:875.603 - 1.208ms returns FALSE
TF63C 1843:076.227 JLINK_IsHalted()
TF63C 1843:076.913   CPU_ReadMem(4 bytes @ 0x41002100)
TF63C 1843:077.363 - 1.193ms returns FALSE
TF63C 1843:277.838 JLINK_IsHalted()
TF63C 1843:278.493   CPU_ReadMem(4 bytes @ 0x41002100)
TF63C 1843:279.080 - 1.280ms returns FALSE
TF63C 1843:484.791 JLINK_IsHalted()
TF63C 1843:485.307   CPU_ReadMem(4 bytes @ 0x41002100)
TF63C 1843:485.725 - 1.020ms returns FALSE
TF63C 1843:686.931 JLINK_IsHalted()
TF63C 1843:687.415   CPU_ReadMem(4 bytes @ 0x41002100)
TF63C 1843:687.915 - 1.013ms returns FALSE
T10A44 1843:821.546 JLINK_EMU_GetList(InterfaceMask = 0x00000001, MaxInfos = 0x00000032) 
T10A44 1843:822.949   [0]: USB, S/N: 801026271
T10A44 1843:822.979 - 1.441ms returns 1
T10A44 1843:823.038 JLINK_EMU_GetList(InterfaceMask = 0x00000002, MaxInfos = 0x00000032) 
T10A44 1843:892.065 - 69.069ms returns 0
TF63C 1843:892.230 JLINK_IsHalted()
TF63C 1843:892.778   CPU_ReadMem(4 bytes @ 0x41002100)
TF63C 1843:893.339 - 1.147ms returns FALSE
TF63C 1844:094.027 JLINK_IsHalted()
TF63C 1844:094.401   CPU_ReadMem(4 bytes @ 0x41002100)
TF63C 1844:094.752 - 0.742ms returns FALSE
TF63C 1844:294.537 JLINK_IsHalted()
TF63C 1844:294.994   CPU_ReadMem(4 bytes @ 0x41002100)
TF63C 1844:295.609 - 1.132ms returns FALSE
TF63C 1844:499.191 JLINK_IsHalted()
TF63C 1844:499.684   CPU_ReadMem(4 bytes @ 0x41002100)
TF63C 1844:500.193 - 1.047ms returns FALSE
TF63C 1844:703.215 JLINK_IsHalted()
TF63C 1844:703.808   CPU_ReadMem(4 bytes @ 0x41002100)
TF63C 1844:704.275 - 1.104ms returns FALSE
TF63C 1844:904.414 JLINK_IsHalted()
TF63C 1844:904.927   CPU_ReadMem(4 bytes @ 0x41002100)
TF63C 1844:905.340 - 0.942ms returns FALSE
T10A44 1844:937.124 JLINK_EMU_GetList(InterfaceMask = 0x00000001, MaxInfos = 0x00000032) 
T10A44 1844:939.134   [0]: USB, S/N: 801026271
T10A44 1844:939.165 - 2.047ms returns 1
T10A44 1844:939.227 JLINK_EMU_GetList(InterfaceMask = 0x00000002, MaxInfos = 0x00000032) 
T10A44 1845:008.053 - 68.863ms returns 0
TF63C 1845:106.360 JLINK_IsHalted()
TF63C 1845:106.858   CPU_ReadMem(4 bytes @ 0x41002100)
TF63C 1845:107.377 - 1.039ms returns FALSE
TF63C 1845:313.210 JLINK_IsHalted()
TF63C 1845:313.807   CPU_ReadMem(4 bytes @ 0x41002100)
TF63C 1845:314.241 - 1.111ms returns FALSE
TF63C 1845:514.235 JLINK_IsHalted()
TF63C 1845:514.649   CPU_ReadMem(4 bytes @ 0x41002100)
TF63C 1845:515.066 - 0.846ms returns FALSE
TF63C 1845:720.326 JLINK_IsHalted()
TF63C 1845:720.978   CPU_ReadMem(4 bytes @ 0x41002100)
TF63C 1845:721.463 - 1.163ms returns FALSE
TF63C 1845:922.154 JLINK_IsHalted()
TF63C 1845:922.621   CPU_ReadMem(4 bytes @ 0x41002100)
TF63C 1845:923.076 - 0.941ms returns FALSE
T10A44 1846:053.087 JLINK_EMU_GetList(InterfaceMask = 0x00000001, MaxInfos = 0x00000032) 
T10A44 1846:054.692   [0]: USB, S/N: 801026271
T10A44 1846:054.722 - 1.642ms returns 1
T10A44 1846:054.781 JLINK_EMU_GetList(InterfaceMask = 0x00000002, MaxInfos = 0x00000032) 
T10A44 1846:124.278 - 69.540ms returns 0
TF63C 1846:124.426 JLINK_IsHalted()
TF63C 1846:124.924   CPU_ReadMem(4 bytes @ 0x41002100)
TF63C 1846:125.464 - 1.051ms returns FALSE
TF63C 1846:325.440 JLINK_IsHalted()
TF63C 1846:326.050   CPU_ReadMem(4 bytes @ 0x41002100)
TF63C 1846:326.555 - 1.154ms returns FALSE
TF63C 1846:527.398 JLINK_IsHalted()
TF63C 1846:527.822   CPU_ReadMem(4 bytes @ 0x41002100)
TF63C 1846:528.177 - 0.796ms returns FALSE
TF63C 1846:734.178 JLINK_IsHalted()
TF63C 1846:734.598   CPU_ReadMem(4 bytes @ 0x41002100)
TF63C 1846:734.992 - 0.833ms returns FALSE
TF63C 1846:935.922 JLINK_IsHalted()
TF63C 1846:936.367   CPU_ReadMem(4 bytes @ 0x41002100)
TF63C 1846:936.757 - 0.862ms returns FALSE
TF63C 1847:137.230 JLINK_IsHalted()
TF63C 1847:137.672   CPU_ReadMem(4 bytes @ 0x41002100)
TF63C 1847:138.042 - 0.828ms returns FALSE
T10A44 1847:173.599 JLINK_EMU_GetList(InterfaceMask = 0x00000001, MaxInfos = 0x00000032) 
T10A44 1847:175.173   [0]: USB, S/N: 801026271
T10A44 1847:175.204 - 1.614ms returns 1
T10A44 1847:175.268 JLINK_EMU_GetList(InterfaceMask = 0x00000002, MaxInfos = 0x00000032) 
T10A44 1847:244.287 - 69.060ms returns 0
TF63C 1847:337.583 JLINK_IsHalted()
TF63C 1847:338.217   CPU_ReadMem(4 bytes @ 0x41002100)
TF63C 1847:338.727 - 1.187ms returns FALSE
TF63C 1847:539.438 JLINK_IsHalted()
TF63C 1847:540.090   CPU_ReadMem(4 bytes @ 0x41002100)
TF63C 1847:540.697 - 1.296ms returns FALSE
TF63C 1847:743.700 JLINK_IsHalted()
TF63C 1847:744.299   CPU_ReadMem(4 bytes @ 0x41002100)
TF63C 1847:744.887 - 1.227ms returns FALSE
TF63C 1847:945.052 JLINK_IsHalted()
TF63C 1847:945.491   CPU_ReadMem(4 bytes @ 0x41002100)
TF63C 1847:945.881 - 0.844ms returns FALSE
TF63C 1848:154.534 JLINK_IsHalted()
TF63C 1848:155.136   CPU_ReadMem(4 bytes @ 0x41002100)
TF63C 1848:155.580 - 1.076ms returns FALSE
T10A44 1848:293.687 JLINK_EMU_GetList(InterfaceMask = 0x00000001, MaxInfos = 0x00000032) 
T10A44 1848:295.164   [0]: USB, S/N: 801026271
T10A44 1848:295.193 - 1.512ms returns 1
T10A44 1848:295.249 JLINK_EMU_GetList(InterfaceMask = 0x00000002, MaxInfos = 0x00000032) 
T10A44 1848:364.215 - 69.011ms returns 0
TF63C 1848:364.353 JLINK_IsHalted()
TF63C 1848:364.911   CPU_ReadMem(4 bytes @ 0x41002100)
TF63C 1848:365.382 - 1.097ms returns FALSE
TF63C 1848:569.053 JLINK_IsHalted()
TF63C 1848:569.544   CPU_ReadMem(4 bytes @ 0x41002100)
TF63C 1848:569.959 - 0.921ms returns FALSE
TF63C 1848:770.645 JLINK_IsHalted()
TF63C 1848:771.219   CPU_ReadMem(4 bytes @ 0x41002100)
TF63C 1848:771.776 - 1.169ms returns FALSE
TF63C 1848:972.802 JLINK_IsHalted()
TF63C 1848:973.397   CPU_ReadMem(4 bytes @ 0x41002100)
TF63C 1848:974.025 - 1.262ms returns FALSE
TF63C 1849:174.525 JLINK_IsHalted()
TF63C 1849:174.998   CPU_ReadMem(4 bytes @ 0x41002100)
TF63C 1849:175.510 - 1.007ms returns FALSE
TF63C 1849:376.137 JLINK_IsHalted()
TF63C 1849:376.553   CPU_ReadMem(4 bytes @ 0x41002100)
TF63C 1849:376.959 - 0.841ms returns FALSE
T10A44 1849:408.923 JLINK_EMU_GetList(InterfaceMask = 0x00000001, MaxInfos = 0x00000032) 
T10A44 1849:410.499   [0]: USB, S/N: 801026271
T10A44 1849:410.528 - 1.610ms returns 1
T10A44 1849:410.584 JLINK_EMU_GetList(InterfaceMask = 0x00000002, MaxInfos = 0x00000032) 
T10A44 1849:479.174 - 68.635ms returns 0
TF63C 1849:576.488 JLINK_IsHalted()
TF63C 1849:576.919   CPU_ReadMem(4 bytes @ 0x41002100)
TF63C 1849:577.305 - 0.833ms returns FALSE
TF63C 1849:776.962 JLINK_IsHalted()
TF63C 1849:777.371   CPU_ReadMem(4 bytes @ 0x41002100)
TF63C 1849:777.722 - 0.775ms returns FALSE
TF63C 1849:977.490 JLINK_IsHalted()
TF63C 1849:977.931   CPU_ReadMem(4 bytes @ 0x41002100)
TF63C 1849:978.323 - 0.848ms returns FALSE
TF63C 1850:182.209 JLINK_IsHalted()
TF63C 1850:182.693   CPU_ReadMem(4 bytes @ 0x41002100)
TF63C 1850:183.077 - 0.884ms returns FALSE
TF63C 1850:383.826 JLINK_IsHalted()
TF63C 1850:384.288   CPU_ReadMem(4 bytes @ 0x41002100)
TF63C 1850:384.746 - 0.960ms returns FALSE
T10A44 1850:532.426 JLINK_EMU_GetList(InterfaceMask = 0x00000001, MaxInfos = 0x00000032) 
T10A44 1850:533.834   [0]: USB, S/N: 801026271
T10A44 1850:533.862 - 1.442ms returns 1
T10A44 1850:533.918 JLINK_EMU_GetList(InterfaceMask = 0x00000002, MaxInfos = 0x00000032) 
T10A44 1850:603.079 - 69.207ms returns 0
TF63C 1850:603.263 JLINK_IsHalted()
TF63C 1850:603.656   CPU_ReadMem(4 bytes @ 0x41002100)
TF63C 1850:604.045 - 0.800ms returns FALSE
TF63C 1850:804.311 JLINK_IsHalted()
TF63C 1850:804.905   CPU_ReadMem(4 bytes @ 0x41002100)
TF63C 1850:805.386 - 1.105ms returns FALSE
TF63C 1851:006.768 JLINK_IsHalted()
TF63C 1851:007.383   CPU_ReadMem(4 bytes @ 0x41002100)
TF63C 1851:007.843 - 1.091ms returns FALSE
TF63C 1851:213.292 JLINK_IsHalted()
TF63C 1851:213.915   CPU_ReadMem(4 bytes @ 0x41002100)
TF63C 1851:214.537 - 1.283ms returns FALSE
TF63C 1851:415.063 JLINK_IsHalted()
TF63C 1851:415.916   CPU_ReadMem(4 bytes @ 0x41002100)
TF63C 1851:416.450 - 1.404ms returns FALSE
TF63C 1851:620.156 JLINK_IsHalted()
TF63C 1851:620.572   CPU_ReadMem(4 bytes @ 0x41002100)
TF63C 1851:620.944 - 0.801ms returns FALSE
T10A44 1851:648.685 JLINK_EMU_GetList(InterfaceMask = 0x00000001, MaxInfos = 0x00000032) 
T10A44 1851:650.066   [0]: USB, S/N: 801026271
T10A44 1851:650.095 - 1.416ms returns 1
T10A44 1851:650.154 JLINK_EMU_GetList(InterfaceMask = 0x00000002, MaxInfos = 0x00000032) 
T10A44 1851:719.216 - 69.102ms returns 0
TF63C 1851:820.260 JLINK_IsHalted()
TF63C 1851:820.892   CPU_ReadMem(4 bytes @ 0x41002100)
TF63C 1851:821.426 - 1.203ms returns FALSE
TF63C 1852:024.751 JLINK_IsHalted()
TF63C 1852:025.224   CPU_ReadMem(4 bytes @ 0x41002100)
TF63C 1852:025.593 - 0.858ms returns FALSE
TF63C 1852:227.299 JLINK_IsHalted()
TF63C 1852:227.922   CPU_ReadMem(4 bytes @ 0x41002100)
TF63C 1852:228.548 - 1.287ms returns FALSE
TF63C 1852:433.358 JLINK_IsHalted()
TF63C 1852:434.032   CPU_ReadMem(4 bytes @ 0x41002100)
TF63C 1852:434.507 - 1.176ms returns FALSE
TF63C 1852:636.047 JLINK_IsHalted()
TF63C 1852:636.561   CPU_ReadMem(4 bytes @ 0x41002100)
TF63C 1852:637.037 - 1.053ms returns FALSE
TF63C 1852:838.724 JLINK_IsHalted()
TF63C 1852:839.166   CPU_ReadMem(4 bytes @ 0x41002100)
TF63C 1852:839.541 - 0.832ms returns FALSE
TF63C 1853:038.958 JLINK_IsHalted()
TF63C 1853:039.595   CPU_ReadMem(4 bytes @ 0x41002100)
TF63C 1853:040.265 - 1.345ms returns FALSE
TF63C 1853:240.317 JLINK_IsHalted()
TF63C 1853:240.909   CPU_ReadMem(4 bytes @ 0x41002100)
TF63C 1853:241.426 - 1.151ms returns FALSE
TF63C 1853:444.896 JLINK_IsHalted()
TF63C 1853:445.317   CPU_ReadMem(4 bytes @ 0x41002100)
TF63C 1853:445.672 - 0.792ms returns FALSE
TF63C 1853:648.901 JLINK_IsHalted()
TF63C 1853:649.505   CPU_ReadMem(4 bytes @ 0x41002100)
TF63C 1853:650.106 - 1.242ms returns FALSE
TF63C 1853:850.395 JLINK_IsHalted()
TF63C 1853:850.993   CPU_ReadMem(4 bytes @ 0x41002100)
TF63C 1853:851.438 - 1.081ms returns FALSE
TF63C 1854:054.318 JLINK_IsHalted()
TF63C 1854:054.803   CPU_ReadMem(4 bytes @ 0x41002100)
TF63C 1854:055.314 - 1.014ms returns FALSE
TF63C 1854:257.402 JLINK_IsHalted()
TF63C 1854:257.848   CPU_ReadMem(4 bytes @ 0x41002100)
TF63C 1854:258.198 - 0.810ms returns FALSE
TF63C 1854:459.163 JLINK_IsHalted()
TF63C 1854:459.766   CPU_ReadMem(4 bytes @ 0x41002100)
TF63C 1854:460.364 - 1.239ms returns FALSE
TF63C 1854:661.006 JLINK_IsHalted()
TF63C 1854:661.705   CPU_ReadMem(4 bytes @ 0x41002100)
TF63C 1854:662.341 - 1.373ms returns FALSE
TF63C 1854:864.113 JLINK_IsHalted()
TF63C 1854:864.712   CPU_ReadMem(4 bytes @ 0x41002100)
TF63C 1854:865.191 - 1.103ms returns FALSE
TF63C 1855:068.919 JLINK_IsHalted()
TF63C 1855:069.416   CPU_ReadMem(4 bytes @ 0x41002100)
TF63C 1855:069.918 - 1.034ms returns FALSE
TF63C 1855:270.065 JLINK_IsHalted()
TF63C 1855:270.520   CPU_ReadMem(4 bytes @ 0x41002100)
TF63C 1855:271.027 - 0.993ms returns FALSE
TF63C 1855:474.873 JLINK_IsHalted()
TF63C 1855:475.251   CPU_ReadMem(4 bytes @ 0x41002100)
TF63C 1855:475.567 - 0.707ms returns FALSE
TF63C 1855:675.080 JLINK_IsHalted()
TF63C 1855:675.522   CPU_ReadMem(4 bytes @ 0x41002100)
TF63C 1855:675.894 - 0.830ms returns FALSE
TF63C 1855:877.883 JLINK_IsHalted()
TF63C 1855:878.476   CPU_ReadMem(4 bytes @ 0x41002100)
TF63C 1855:879.073 - 1.229ms returns FALSE
TF63C 1856:079.281 JLINK_IsHalted()
TF63C 1856:079.736   CPU_ReadMem(4 bytes @ 0x41002100)
TF63C 1856:080.078 - 0.811ms returns FALSE
TF63C 1856:280.513 JLINK_IsHalted()
TF63C 1856:281.015   CPU_ReadMem(4 bytes @ 0x41002100)
TF63C 1856:281.419 - 0.921ms returns FALSE
TF63C 1856:484.612 JLINK_IsHalted()
TF63C 1856:485.091   CPU_ReadMem(4 bytes @ 0x41002100)
TF63C 1856:485.695 - 1.121ms returns FALSE
TF63C 1856:686.283 JLINK_IsHalted()
TF63C 1856:686.881   CPU_ReadMem(4 bytes @ 0x41002100)
TF63C 1856:687.392 - 1.155ms returns FALSE
TF63C 1856:893.153 JLINK_IsHalted()
TF63C 1856:893.775   CPU_ReadMem(4 bytes @ 0x41002100)
TF63C 1856:894.388 - 1.273ms returns FALSE
TF63C 1857:094.643 JLINK_IsHalted()
TF63C 1857:095.110   CPU_ReadMem(4 bytes @ 0x41002100)
TF63C 1857:095.737 - 1.167ms returns FALSE
TF63C 1857:297.345 JLINK_IsHalted()
TF63C 1857:297.873   CPU_ReadMem(4 bytes @ 0x41002100)
TF63C 1857:298.309 - 0.982ms returns FALSE
TF63C 1857:499.388 JLINK_IsHalted()
TF63C 1857:499.835   CPU_ReadMem(4 bytes @ 0x41002100)
TF63C 1857:500.199 - 0.834ms returns FALSE
TF63C 1857:703.644 JLINK_IsHalted()
TF63C 1857:704.242   CPU_ReadMem(4 bytes @ 0x41002100)
TF63C 1857:704.841 - 1.237ms returns FALSE
TF63C 1857:905.064 JLINK_IsHalted()
TF63C 1857:905.458   CPU_ReadMem(4 bytes @ 0x41002100)
TF63C 1857:906.055 - 1.033ms returns FALSE
TF63C 1858:114.039 JLINK_IsHalted()
TF63C 1858:114.699   CPU_ReadMem(4 bytes @ 0x41002100)
TF63C 1858:115.192 - 1.183ms returns FALSE
TF63C 1858:320.241 JLINK_IsHalted()
TF63C 1858:320.762   CPU_ReadMem(4 bytes @ 0x41002100)
TF63C 1858:321.240 - 1.045ms returns FALSE
TF63C 1858:523.818 JLINK_IsHalted()
TF63C 1858:524.221   CPU_ReadMem(4 bytes @ 0x41002100)
TF63C 1858:524.593 - 0.789ms returns FALSE
TF63C 1858:724.068 JLINK_IsHalted()
TF63C 1858:724.600   CPU_ReadMem(4 bytes @ 0x41002100)
TF63C 1858:725.106 - 1.054ms returns FALSE
TF63C 1858:928.254 JLINK_IsHalted()
TF63C 1858:928.736   CPU_ReadMem(4 bytes @ 0x41002100)
TF63C 1858:929.191 - 0.969ms returns FALSE
TF63C 1859:131.516 JLINK_IsHalted()
TF63C 1859:131.968   CPU_ReadMem(4 bytes @ 0x41002100)
TF63C 1859:132.391 - 0.893ms returns FALSE
TF63C 1859:334.232 JLINK_IsHalted()
TF63C 1859:334.729   CPU_ReadMem(4 bytes @ 0x41002100)
TF63C 1859:335.143 - 0.927ms returns FALSE
TF63C 1859:536.197 JLINK_IsHalted()
TF63C 1859:536.679   CPU_ReadMem(4 bytes @ 0x41002100)
TF63C 1859:537.116 - 0.961ms returns FALSE
TF63C 1859:744.139 JLINK_IsHalted()
TF63C 1859:744.611   CPU_ReadMem(4 bytes @ 0x41002100)
TF63C 1859:745.089 - 0.996ms returns FALSE
TF63C 1859:948.064 JLINK_IsHalted()
TF63C 1859:948.478   CPU_ReadMem(4 bytes @ 0x41002100)
TF63C 1859:948.874 - 0.826ms returns FALSE
TF63C 1860:153.527 JLINK_IsHalted()
TF63C 1860:154.059   CPU_ReadMem(4 bytes @ 0x41002100)
TF63C 1860:154.583 - 1.078ms returns FALSE
TF63C 1860:355.746 JLINK_IsHalted()
TF63C 1860:356.176   CPU_ReadMem(4 bytes @ 0x41002100)
TF63C 1860:356.641 - 0.937ms returns FALSE
TF63C 1860:562.641 JLINK_IsHalted()
TF63C 1860:563.179   CPU_ReadMem(4 bytes @ 0x41002100)
TF63C 1860:563.656 - 1.047ms returns FALSE
TF63C 1860:764.258 JLINK_IsHalted()
TF63C 1860:764.775   CPU_ReadMem(4 bytes @ 0x41002100)
TF63C 1860:765.206 - 0.974ms returns FALSE
TF63C 1860:970.197 JLINK_IsHalted()
TF63C 1860:970.799   CPU_ReadMem(4 bytes @ 0x41002100)
TF63C 1860:971.335 - 1.177ms returns FALSE
TF63C 1861:171.180 JLINK_IsHalted()
TF63C 1861:171.815   CPU_ReadMem(4 bytes @ 0x41002100)
TF63C 1861:172.325 - 1.183ms returns FALSE
TF63C 1861:374.444 JLINK_IsHalted()
TF63C 1861:375.017   CPU_ReadMem(4 bytes @ 0x41002100)
TF63C 1861:375.636 - 1.230ms returns FALSE
TF63C 1861:577.430 JLINK_IsHalted()
TF63C 1861:577.901   CPU_ReadMem(4 bytes @ 0x41002100)
TF63C 1861:578.308 - 0.910ms returns FALSE
TF63C 1861:784.274 JLINK_IsHalted()
TF63C 1861:784.791   CPU_ReadMem(4 bytes @ 0x41002100)
TF63C 1861:785.309 - 1.072ms returns FALSE
TF63C 1861:986.953 JLINK_IsHalted()
TF63C 1861:987.434   CPU_ReadMem(4 bytes @ 0x41002100)
TF63C 1861:987.855 - 0.945ms returns FALSE
TF63C 1862:188.855 JLINK_IsHalted()
TF63C 1862:189.280   CPU_ReadMem(4 bytes @ 0x41002100)
TF63C 1862:189.660 - 0.821ms returns FALSE
TF63C 1862:391.358 JLINK_IsHalted()
TF63C 1862:392.025   CPU_ReadMem(4 bytes @ 0x41002100)
TF63C 1862:392.662 - 1.342ms returns FALSE
TF63C 1862:593.906 JLINK_IsHalted()
TF63C 1862:594.350   CPU_ReadMem(4 bytes @ 0x41002100)
TF63C 1862:594.908 - 1.043ms returns FALSE
TF63C 1862:802.150 JLINK_IsHalted()
TF63C 1862:802.585   CPU_ReadMem(4 bytes @ 0x41002100)
TF63C 1862:803.020 - 0.885ms returns FALSE
TF63C 1863:003.223 JLINK_IsHalted()
TF63C 1863:003.645   CPU_ReadMem(4 bytes @ 0x41002100)
TF63C 1863:004.054 - 0.847ms returns FALSE
TF63C 1863:203.421 JLINK_IsHalted()
TF63C 1863:203.944   CPU_ReadMem(4 bytes @ 0x41002100)
TF63C 1863:204.484 - 1.078ms returns FALSE
TF63C 1863:404.203 JLINK_IsHalted()
TF63C 1863:404.822   CPU_ReadMem(4 bytes @ 0x41002100)
TF63C 1863:405.366 - 1.198ms returns FALSE
TF63C 1863:607.202 JLINK_IsHalted()
TF63C 1863:607.754   CPU_ReadMem(4 bytes @ 0x41002100)
TF63C 1863:608.218 - 1.046ms returns FALSE
TF63C 1863:813.535 JLINK_IsHalted()
TF63C 1863:814.163   CPU_ReadMem(4 bytes @ 0x41002100)
TF63C 1863:814.628 - 1.116ms returns FALSE
TF63C 1864:015.132 JLINK_IsHalted()
TF63C 1864:015.640   CPU_ReadMem(4 bytes @ 0x41002100)
TF63C 1864:016.123 - 1.020ms returns FALSE
TF63C 1864:216.839 JLINK_IsHalted()
TF63C 1864:217.304   CPU_ReadMem(4 bytes @ 0x41002100)
TF63C 1864:217.902 - 1.102ms returns FALSE
TF63C 1864:420.938 JLINK_IsHalted()
TF63C 1864:421.514   CPU_ReadMem(4 bytes @ 0x41002100)
TF63C 1864:422.028 - 1.128ms returns FALSE
TF63C 1864:624.022 JLINK_IsHalted()
TF63C 1864:624.615   CPU_ReadMem(4 bytes @ 0x41002100)
TF63C 1864:625.066 - 1.072ms returns FALSE
TF63C 1864:826.460 JLINK_IsHalted()
TF63C 1864:827.032   CPU_ReadMem(4 bytes @ 0x41002100)
TF63C 1864:827.593 - 1.171ms returns FALSE
TF63C 1865:028.231 JLINK_IsHalted()
TF63C 1865:028.835   CPU_ReadMem(4 bytes @ 0x41002100)
TF63C 1865:029.380 - 1.171ms returns FALSE
TF63C 1865:232.284 JLINK_IsHalted()
TF63C 1865:232.935   CPU_ReadMem(4 bytes @ 0x41002100)
TF63C 1865:233.547 - 1.301ms returns FALSE
TF63C 1865:433.873 JLINK_IsHalted()
TF63C 1865:434.367   CPU_ReadMem(4 bytes @ 0x41002100)
TF63C 1865:434.923 - 1.084ms returns FALSE
TF63C 1865:637.490 JLINK_IsHalted()
TF63C 1865:637.976   CPU_ReadMem(4 bytes @ 0x41002100)
TF63C 1865:638.468 - 0.993ms returns FALSE
TF63C 1865:840.045 JLINK_IsHalted()
TF63C 1865:840.568   CPU_ReadMem(4 bytes @ 0x41002100)
TF63C 1865:841.012 - 0.995ms returns FALSE
TF63C 1866:042.259 JLINK_IsHalted()
TF63C 1866:042.882   CPU_ReadMem(4 bytes @ 0x41002100)
TF63C 1866:043.488 - 1.269ms returns FALSE
TF63C 1866:244.288 JLINK_IsHalted()
TF63C 1866:244.881   CPU_ReadMem(4 bytes @ 0x41002100)
TF63C 1866:245.366 - 1.106ms returns FALSE
TF63C 1866:447.514 JLINK_IsHalted()
TF63C 1866:447.991   CPU_ReadMem(4 bytes @ 0x41002100)
TF63C 1866:448.527 - 1.043ms returns FALSE
TF63C 1866:653.768 JLINK_IsHalted()
TF63C 1866:654.351   CPU_ReadMem(4 bytes @ 0x41002100)
TF63C 1866:654.945 - 1.218ms returns FALSE
TF63C 1866:855.005 JLINK_IsHalted()
TF63C 1866:855.561   CPU_ReadMem(4 bytes @ 0x41002100)
TF63C 1866:855.968 - 0.979ms returns FALSE
TF63C 1867:060.227 JLINK_IsHalted()
TF63C 1867:060.746   CPU_ReadMem(4 bytes @ 0x41002100)
TF63C 1867:061.154 - 0.942ms returns FALSE
TF63C 1867:261.915 JLINK_IsHalted()
TF63C 1867:262.368   CPU_ReadMem(4 bytes @ 0x41002100)
TF63C 1867:262.809 - 0.910ms returns FALSE
TF63C 1867:464.078 JLINK_IsHalted()
TF63C 1867:464.719   CPU_ReadMem(4 bytes @ 0x41002100)
TF63C 1867:465.195 - 1.139ms returns FALSE
TF63C 1867:665.950 JLINK_IsHalted()
TF63C 1867:666.374   CPU_ReadMem(4 bytes @ 0x41002100)
TF63C 1867:666.757 - 0.824ms returns FALSE
TF63C 1867:868.889 JLINK_IsHalted()
TF63C 1867:869.314   CPU_ReadMem(4 bytes @ 0x41002100)
TF63C 1867:869.729 - 0.855ms returns FALSE
TF63C 1868:070.805 JLINK_IsHalted()
TF63C 1868:071.210   CPU_ReadMem(4 bytes @ 0x41002100)
TF63C 1868:071.594 - 0.805ms returns FALSE
TF63C 1868:272.017 JLINK_IsHalted()
TF63C 1868:272.637   CPU_ReadMem(4 bytes @ 0x41002100)
TF63C 1868:273.233 - 1.255ms returns FALSE
TF63C 1868:474.309 JLINK_IsHalted()
TF63C 1868:474.937   CPU_ReadMem(4 bytes @ 0x41002100)
TF63C 1868:475.595 - 1.324ms returns FALSE
TF63C 1868:678.859 JLINK_IsHalted()
TF63C 1868:679.500   CPU_ReadMem(4 bytes @ 0x41002100)
TF63C 1868:680.107 - 1.285ms returns FALSE
TF63C 1868:883.173 JLINK_IsHalted()
TF63C 1868:883.598   CPU_ReadMem(4 bytes @ 0x41002100)
TF63C 1868:884.077 - 0.920ms returns FALSE
TF63C 1869:086.932 JLINK_IsHalted()
TF63C 1869:087.547   CPU_ReadMem(4 bytes @ 0x41002100)
TF63C 1869:087.970 - 1.063ms returns FALSE
TF63C 1869:292.351 JLINK_IsHalted()
TF63C 1869:293.027   CPU_ReadMem(4 bytes @ 0x41002100)
TF63C 1869:293.662 - 1.350ms returns FALSE
TF63C 1869:493.893 JLINK_IsHalted()
TF63C 1869:494.438   CPU_ReadMem(4 bytes @ 0x41002100)
TF63C 1869:494.976 - 1.123ms returns FALSE
TF63C 1869:695.105 JLINK_IsHalted()
TF63C 1869:695.705   CPU_ReadMem(4 bytes @ 0x41002100)
TF63C 1869:696.225 - 1.197ms returns FALSE
TF63C 1869:901.645 JLINK_IsHalted()
TF63C 1869:902.256   CPU_ReadMem(4 bytes @ 0x41002100)
TF63C 1869:902.862 - 1.256ms returns FALSE
TF63C 1870:103.621 JLINK_IsHalted()
TF63C 1870:104.102   CPU_ReadMem(4 bytes @ 0x41002100)
TF63C 1870:104.745 - 1.183ms returns FALSE
TF63C 1870:307.082 JLINK_IsHalted()
TF63C 1870:307.692   CPU_ReadMem(4 bytes @ 0x41002100)
TF63C 1870:308.305 - 1.260ms returns FALSE
TF63C 1870:509.631 JLINK_IsHalted()
TF63C 1870:510.229   CPU_ReadMem(4 bytes @ 0x41002100)
TF63C 1870:510.891 - 1.298ms returns FALSE
TF63C 1870:711.931 JLINK_IsHalted()
TF63C 1870:712.382   CPU_ReadMem(4 bytes @ 0x41002100)
TF63C 1870:712.746 - 0.828ms returns FALSE
TF63C 1870:914.275 JLINK_IsHalted()
TF63C 1870:914.891   CPU_ReadMem(4 bytes @ 0x41002100)
TF63C 1870:915.539 - 1.303ms returns FALSE
TF63C 1871:116.231 JLINK_IsHalted()
TF63C 1871:116.840   CPU_ReadMem(4 bytes @ 0x41002100)
TF63C 1871:117.283 - 1.085ms returns FALSE
TF63C 1871:320.093 JLINK_IsHalted()
TF63C 1871:320.627   CPU_ReadMem(4 bytes @ 0x41002100)
TF63C 1871:321.195 - 1.118ms returns FALSE
TF63C 1871:521.888 JLINK_IsHalted()
TF63C 1871:522.517   CPU_ReadMem(4 bytes @ 0x41002100)
TF63C 1871:523.128 - 1.279ms returns FALSE
TF63C 1871:724.293 JLINK_IsHalted()
TF63C 1871:724.715   CPU_ReadMem(4 bytes @ 0x41002100)
TF63C 1871:725.124 - 0.845ms returns FALSE
TF63C 1871:930.222 JLINK_IsHalted()
TF63C 1871:930.848   CPU_ReadMem(4 bytes @ 0x41002100)
TF63C 1871:931.461 - 1.277ms returns FALSE
TF63C 1872:134.350 JLINK_IsHalted()
TF63C 1872:134.882   CPU_ReadMem(4 bytes @ 0x41002100)
TF63C 1872:135.301 - 0.983ms returns FALSE
TF63C 1872:336.813 JLINK_IsHalted()
TF63C 1872:337.431   CPU_ReadMem(4 bytes @ 0x41002100)
TF63C 1872:338.040 - 1.264ms returns FALSE
TF63C 1872:537.901 JLINK_IsHalted()
TF63C 1872:538.338   CPU_ReadMem(4 bytes @ 0x41002100)
TF63C 1872:538.713 - 0.827ms returns FALSE
TF63C 1872:744.574 JLINK_IsHalted()
TF63C 1872:745.043   CPU_ReadMem(4 bytes @ 0x41002100)
TF63C 1872:745.431 - 0.879ms returns FALSE
TF63C 1872:946.615 JLINK_IsHalted()
TF63C 1872:947.129   CPU_ReadMem(4 bytes @ 0x41002100)
TF63C 1872:947.636 - 1.049ms returns FALSE
TF63C 1873:151.004 JLINK_IsHalted()
TF63C 1873:151.616   CPU_ReadMem(4 bytes @ 0x41002100)
TF63C 1873:152.230 - 1.264ms returns FALSE
TF63C 1873:353.606 JLINK_IsHalted()
TF63C 1873:354.120   CPU_ReadMem(4 bytes @ 0x41002100)
TF63C 1873:354.654 - 1.069ms returns FALSE
TF63C 1873:560.785 JLINK_IsHalted()
TF63C 1873:561.362   CPU_ReadMem(4 bytes @ 0x41002100)
TF63C 1873:561.986 - 1.239ms returns FALSE
TF63C 1873:762.390 JLINK_IsHalted()
TF63C 1873:762.930   CPU_ReadMem(4 bytes @ 0x41002100)
TF63C 1873:763.413 - 1.038ms returns FALSE
TF63C 1873:964.050 JLINK_IsHalted()
TF63C 1873:964.540   CPU_ReadMem(4 bytes @ 0x41002100)
TF63C 1873:965.004 - 0.995ms returns FALSE
TF63C 1874:166.363 JLINK_IsHalted()
TF63C 1874:167.025   CPU_ReadMem(4 bytes @ 0x41002100)
TF63C 1874:167.651 - 1.327ms returns FALSE
TF63C 1874:370.861 JLINK_IsHalted()
TF63C 1874:371.276   CPU_ReadMem(4 bytes @ 0x41002100)
TF63C 1874:371.612 - 0.765ms returns FALSE
TF63C 1874:571.102 JLINK_IsHalted()
TF63C 1874:571.621   CPU_ReadMem(4 bytes @ 0x41002100)
TF63C 1874:572.224 - 1.161ms returns FALSE
TF63C 1874:772.631 JLINK_IsHalted()
TF63C 1874:773.165   CPU_ReadMem(4 bytes @ 0x41002100)
TF63C 1874:773.727 - 1.135ms returns FALSE
TF63C 1874:974.162 JLINK_IsHalted()
TF63C 1874:974.755   CPU_ReadMem(4 bytes @ 0x41002100)
TF63C 1874:975.416 - 1.295ms returns FALSE
TF63C 1875:178.193 JLINK_IsHalted()
TF63C 1875:178.809   CPU_ReadMem(4 bytes @ 0x41002100)
TF63C 1875:179.404 - 1.249ms returns FALSE
TF63C 1875:379.865 JLINK_IsHalted()
TF63C 1875:380.276   CPU_ReadMem(4 bytes @ 0x41002100)
TF63C 1875:380.626 - 0.776ms returns FALSE
TF63C 1875:580.532 JLINK_IsHalted()
TF63C 1875:581.089   CPU_ReadMem(4 bytes @ 0x41002100)
TF63C 1875:581.681 - 1.183ms returns FALSE
TF63C 1875:784.139 JLINK_IsHalted()
TF63C 1875:784.615   CPU_ReadMem(4 bytes @ 0x41002100)
TF63C 1875:785.123 - 1.024ms returns FALSE
TF63C 1875:985.212 JLINK_IsHalted()
TF63C 1875:985.651   CPU_ReadMem(4 bytes @ 0x41002100)
TF63C 1875:986.062 - 0.869ms returns FALSE
TF63C 1876:187.175 JLINK_IsHalted()
TF63C 1876:187.660   CPU_ReadMem(4 bytes @ 0x41002100)
TF63C 1876:188.112 - 0.962ms returns FALSE
TF63C 1876:392.542 JLINK_IsHalted()
TF63C 1876:393.078   CPU_ReadMem(4 bytes @ 0x41002100)
TF63C 1876:393.461 - 0.941ms returns FALSE
TF63C 1876:594.004 JLINK_IsHalted()
TF63C 1876:594.487   CPU_ReadMem(4 bytes @ 0x41002100)
TF63C 1876:594.916 - 0.977ms returns FALSE
TF63C 1876:798.287 JLINK_IsHalted()
TF63C 1876:798.889   CPU_ReadMem(4 bytes @ 0x41002100)
TF63C 1876:799.482 - 1.234ms returns FALSE
TF63C 1876:999.138 JLINK_IsHalted()
TF63C 1876:999.500   CPU_ReadMem(4 bytes @ 0x41002100)
TF63C 1876:999.857 - 0.732ms returns FALSE
TF63C 1877:201.407 JLINK_IsHalted()
TF63C 1877:201.839   CPU_ReadMem(4 bytes @ 0x41002100)
TF63C 1877:202.183 - 0.792ms returns FALSE
TF63C 1877:403.865 JLINK_IsHalted()
TF63C 1877:404.403   CPU_ReadMem(4 bytes @ 0x41002100)
TF63C 1877:405.007 - 1.183ms returns FALSE
TF63C 1877:604.773 JLINK_IsHalted()
TF63C 1877:605.320   CPU_ReadMem(4 bytes @ 0x41002100)
TF63C 1877:605.689 - 0.936ms returns FALSE
TF63C 1877:804.909 JLINK_IsHalted()
TF63C 1877:805.364   CPU_ReadMem(4 bytes @ 0x41002100)
TF63C 1877:805.726 - 0.834ms returns FALSE
TF63C 1878:007.113 JLINK_IsHalted()
TF63C 1878:007.538   CPU_ReadMem(4 bytes @ 0x41002100)
TF63C 1878:007.877 - 0.777ms returns FALSE
TF63C 1878:209.403 JLINK_IsHalted()
TF63C 1878:209.899   CPU_ReadMem(4 bytes @ 0x41002100)
TF63C 1878:210.282 - 0.924ms returns FALSE
TF63C 1878:413.987 JLINK_IsHalted()
TF63C 1878:414.333   CPU_ReadMem(4 bytes @ 0x41002100)
TF63C 1878:414.658 - 0.685ms returns FALSE
TF63C 1878:617.955 JLINK_IsHalted()
TF63C 1878:618.418   CPU_ReadMem(4 bytes @ 0x41002100)
TF63C 1878:618.885 - 0.965ms returns FALSE
TF63C 1878:821.022 JLINK_IsHalted()
TF63C 1878:821.588   CPU_ReadMem(4 bytes @ 0x41002100)
TF63C 1878:822.084 - 1.084ms returns FALSE
TF63C 1879:024.658 JLINK_IsHalted()
TF63C 1879:025.069   CPU_ReadMem(4 bytes @ 0x41002100)
TF63C 1879:025.682 - 1.062ms returns FALSE
TF63C 1879:225.590 JLINK_IsHalted()
TF63C 1879:226.075   CPU_ReadMem(4 bytes @ 0x41002100)
TF63C 1879:226.468 - 0.893ms returns FALSE
TF63C 1879:426.346 JLINK_IsHalted()
TF63C 1879:426.773   CPU_ReadMem(4 bytes @ 0x41002100)
TF63C 1879:427.162 - 0.831ms returns FALSE
TF63C 1879:629.618 JLINK_IsHalted()
TF63C 1879:630.144   CPU_ReadMem(4 bytes @ 0x41002100)
TF63C 1879:630.591 - 0.988ms returns FALSE
TF63C 1879:832.409 JLINK_IsHalted()
TF63C 1879:832.809   CPU_ReadMem(4 bytes @ 0x41002100)
TF63C 1879:833.133 - 0.737ms returns FALSE
TF63C 1880:034.925 JLINK_IsHalted()
TF63C 1880:035.604   CPU_ReadMem(4 bytes @ 0x41002100)
TF63C 1880:036.234 - 1.347ms returns FALSE
TF63C 1880:236.334 JLINK_IsHalted()
TF63C 1880:236.712   CPU_ReadMem(4 bytes @ 0x41002100)
TF63C 1880:237.066 - 0.754ms returns FALSE
TF63C 1880:437.126 JLINK_IsHalted()
TF63C 1880:437.600   CPU_ReadMem(4 bytes @ 0x41002100)
TF63C 1880:438.240 - 1.153ms returns FALSE
TF63C 1880:641.860 JLINK_IsHalted()
TF63C 1880:642.329   CPU_ReadMem(4 bytes @ 0x41002100)
TF63C 1880:642.688 - 0.847ms returns FALSE
TF63C 1880:844.419 JLINK_IsHalted()
TF63C 1880:844.814   CPU_ReadMem(4 bytes @ 0x41002100)
TF63C 1880:845.193 - 0.790ms returns FALSE
TF63C 1881:049.214 JLINK_IsHalted()
TF63C 1881:049.821   CPU_ReadMem(4 bytes @ 0x41002100)
TF63C 1881:050.419 - 1.291ms returns FALSE
TF63C 1881:253.679 JLINK_IsHalted()
TF63C 1881:254.068   CPU_ReadMem(4 bytes @ 0x41002100)
TF63C 1881:254.452 - 0.788ms returns FALSE
TF63C 1881:455.721 JLINK_IsHalted()
TF63C 1881:456.165   CPU_ReadMem(4 bytes @ 0x41002100)
TF63C 1881:456.659 - 1.029ms returns FALSE
TF63C 1881:657.715 JLINK_IsHalted()
TF63C 1881:658.302   CPU_ReadMem(4 bytes @ 0x41002100)
TF63C 1881:658.699 - 1.006ms returns FALSE
TF63C 1881:864.145 JLINK_IsHalted()
TF63C 1881:864.612   CPU_ReadMem(4 bytes @ 0x41002100)
TF63C 1881:865.073 - 0.978ms returns FALSE
TF63C 1882:068.314 JLINK_IsHalted()
TF63C 1882:068.972   CPU_ReadMem(4 bytes @ 0x41002100)
TF63C 1882:069.481 - 1.213ms returns FALSE
TF63C 1882:270.063 JLINK_IsHalted()
TF63C 1882:270.513   CPU_ReadMem(4 bytes @ 0x41002100)
TF63C 1882:270.999 - 0.971ms returns FALSE
TF63C 1882:474.866 JLINK_IsHalted()
TF63C 1882:475.338   CPU_ReadMem(4 bytes @ 0x41002100)
TF63C 1882:475.703 - 0.857ms returns FALSE
TF63C 1882:682.124 JLINK_IsHalted()
TF63C 1882:682.754   CPU_ReadMem(4 bytes @ 0x41002100)
TF63C 1882:683.347 - 1.262ms returns FALSE
TF63C 1882:884.892 JLINK_IsHalted()
TF63C 1882:885.354   CPU_ReadMem(4 bytes @ 0x41002100)
TF63C 1882:885.841 - 0.987ms returns FALSE
TF63C 1883:087.004 JLINK_IsHalted()
TF63C 1883:087.418   CPU_ReadMem(4 bytes @ 0x41002100)
TF63C 1883:087.846 - 0.860ms returns FALSE
TF63C 1883:288.021 JLINK_IsHalted()
TF63C 1883:288.553   CPU_ReadMem(4 bytes @ 0x41002100)
TF63C 1883:289.142 - 1.139ms returns FALSE
TF63C 1883:489.265 JLINK_IsHalted()
TF63C 1883:489.859   CPU_ReadMem(4 bytes @ 0x41002100)
TF63C 1883:490.306 - 1.061ms returns FALSE
TF63C 1883:693.805 JLINK_IsHalted()
TF63C 1883:694.412   CPU_ReadMem(4 bytes @ 0x41002100)
TF63C 1883:694.987 - 1.222ms returns FALSE
TF63C 1883:895.040 JLINK_IsHalted()
TF63C 1883:895.625   CPU_ReadMem(4 bytes @ 0x41002100)
TF63C 1883:896.168 - 1.161ms returns FALSE
TF63C 1884:101.944 JLINK_IsHalted()
TF63C 1884:102.539   CPU_ReadMem(4 bytes @ 0x41002100)
TF63C 1884:103.142 - 1.236ms returns FALSE
TF63C 1884:303.530 JLINK_IsHalted()
TF63C 1884:303.951   CPU_ReadMem(4 bytes @ 0x41002100)
TF63C 1884:304.407 - 0.897ms returns FALSE
TF63C 1884:504.331 JLINK_IsHalted()
TF63C 1884:504.883   CPU_ReadMem(4 bytes @ 0x41002100)
TF63C 1884:505.386 - 1.072ms returns FALSE
TF63C 1884:706.164 JLINK_IsHalted()
TF63C 1884:706.650   CPU_ReadMem(4 bytes @ 0x41002100)
TF63C 1884:707.045 - 0.897ms returns FALSE
TF63C 1884:910.449 JLINK_IsHalted()
TF63C 1884:911.063   CPU_ReadMem(4 bytes @ 0x41002100)
TF63C 1884:911.662 - 1.252ms returns FALSE
TF63C 1885:114.392 JLINK_IsHalted()
TF63C 1885:114.828   CPU_ReadMem(4 bytes @ 0x41002100)
TF63C 1885:115.210 - 0.834ms returns FALSE
TF63C 1885:314.350 JLINK_IsHalted()
TF63C 1885:314.824   CPU_ReadMem(4 bytes @ 0x41002100)
TF63C 1885:315.178 - 0.842ms returns FALSE
TF63C 1885:514.345 JLINK_IsHalted()
TF63C 1885:514.979   CPU_ReadMem(4 bytes @ 0x41002100)
TF63C 1885:515.390 - 1.072ms returns FALSE
TF63C 1885:716.911 JLINK_IsHalted()
TF63C 1885:717.303   CPU_ReadMem(4 bytes @ 0x41002100)
TF63C 1885:717.723 - 0.841ms returns FALSE
TF63C 1885:916.918 JLINK_IsHalted()
TF63C 1885:917.382   CPU_ReadMem(4 bytes @ 0x41002100)
TF63C 1885:917.768 - 0.866ms returns FALSE
TF63C 1886:117.993 JLINK_IsHalted()
TF63C 1886:118.388   CPU_ReadMem(4 bytes @ 0x41002100)
TF63C 1886:118.863 - 0.900ms returns FALSE
TF63C 1886:320.896 JLINK_IsHalted()
TF63C 1886:321.345   CPU_ReadMem(4 bytes @ 0x41002100)
TF63C 1886:321.701 - 0.821ms returns FALSE
TF63C 1886:523.026 JLINK_IsHalted()
TF63C 1886:523.579   CPU_ReadMem(4 bytes @ 0x41002100)
TF63C 1886:524.061 - 1.073ms returns FALSE
TF63C 1886:724.106 JLINK_IsHalted()
TF63C 1886:724.609   CPU_ReadMem(4 bytes @ 0x41002100)
TF63C 1886:725.048 - 0.956ms returns FALSE
TF63C 1886:928.978 JLINK_IsHalted()
TF63C 1886:929.507   CPU_ReadMem(4 bytes @ 0x41002100)
TF63C 1886:929.969 - 1.007ms returns FALSE
T113D4 1886:969.329 JLINK_Halt()
T113D4 1886:972.206 - 2.920ms returns 0x00
TF63C 1887:134.659 JLINK_IsHalted()
TF63C 1887:134.778 - 0.128ms returns TRUE
TF63C 1887:134.799 JLINK_GetMOEs(...)
TF63C 1887:134.818   CPU_ReadMem(4 bytes @ 0xE000ED30)
TF63C 1887:135.419 - 0.658ms returns 0x01
TF63C 1887:135.474 JLINK_ReadReg(R15 (PC))
TF63C 1887:135.493 - 0.026ms returns 0x00008128
TFC9C 1887:137.122 JLINK_ResetPullsRESET(ON)
TFC9C 1887:137.159 - 0.048ms
TFC9C 1887:137.185 JLINK_ResetNoHalt()
TFC9C 1887:137.454   InitTarget() start
TFC9C 1887:137.493    J-Link Script File: Executing InitTarget()
TFC9C 1887:137.537   InitTarget()
TFC9C 1887:140.645   InitTarget() end
TFC9C 1887:141.379   Found SW-DP with ID 0x0BC11477
TFC9C 1887:143.661   DPIDR: 0x0BC11477
TFC9C 1887:143.700   AP map detection skipped. Manually configured AP map found.
TFC9C 1887:143.758   AP[0]: AHB-AP (IDR: Not set)
TFC9C 1887:144.763   AP[0]: Core found
TFC9C 1887:144.816   AP[0]: AHB-AP ROM base: 0x41003000
TFC9C 1887:145.274   CPUID register: 0x410CC601. Implementer code: 0x41 (ARM)
TFC9C 1887:145.327   Found Cortex-M0 r0p1, Little endian.
TFC9C 1887:245.774   -- Max. mem block: 0x000010B8
TFC9C 1887:245.818   CPU_ReadMem(4 bytes @ 0xE000EDF0)
TFC9C 1887:246.224   CPU_ReadMem(4 bytes @ 0xE0002000)
TFC9C 1887:246.679   FPUnit: 4 code (BP) slots and 0 literal slots
TFC9C 1887:246.706   CPU_ReadMem(4 bytes @ 0xE0001000)
TFC9C 1887:247.116   CoreSight components:
TFC9C 1887:247.154   ROMTbl[0] @ 41003000
TFC9C 1887:247.176   CPU_ReadMem(64 bytes @ 0x41003000)
TFC9C 1887:248.094   CPU_ReadMem(32 bytes @ 0xE00FFFE0)
TFC9C 1887:248.719   ROMTbl[0][0]: E00FF000, CID: B105100D, PID: 000BB4C0 ROM Table
TFC9C 1887:248.756   ROMTbl[1] @ E00FF000
TFC9C 1887:248.777   CPU_ReadMem(64 bytes @ 0xE00FF000)
TFC9C 1887:249.640   CPU_ReadMem(32 bytes @ 0xE000EFE0)
TFC9C 1887:250.353   ROMTbl[1][0]: E000E000, CID: B105E00D, PID: 000BB008 SCS
TFC9C 1887:250.380   CPU_WriteMem(4 bytes @ 0xE0001000)
TFC9C 1887:250.858   CPU_ReadMem(32 bytes @ 0xE0001FE0)
TFC9C 1887:251.547   ROMTbl[1][1]: E0001000, CID: B105E00D, PID: 000BB00A DWT
TFC9C 1887:251.574   CPU_ReadMem(32 bytes @ 0xE0002FE0)
TFC9C 1887:252.175   ROMTbl[1][2]: E0002000, CID: B105E00D, PID: 000BB00B FPB
TFC9C 1887:252.202   CPU_ReadMem(32 bytes @ 0x41006FE0)
TFC9C 1887:252.788   ROMTbl[0][1]: 41006000, CID: B105900D, PID: 001BB932 MTB-M0+
TFC9C 1887:252.821   JLINK_Reset()
TFC9C 1887:252.850     ResetTarget() start
TFC9C 1887:252.883      J-Link Script File: Executing ResetTarget()
TFC9C 1887:252.901     CPU_ReadMem(4 bytes @ 0xE000EDFC)
TFC9C 1887:253.335     CPU_WriteMem(4 bytes @ 0xE000EDFC)
TFC9C 1887:253.747     CPU_WriteMem(4 bytes @ 0xE000ED0C)
TFC9C 1887:256.169     CPU_ReadMem(4 bytes @ 0xE000EDF0)
TFC9C 1887:256.577     CPU_ReadMem(4 bytes @ 0x41002100)
TFC9C 1887:256.955     CPU_WriteMem(4 bytes @ 0xE000EDFC)
TFC9C 1887:257.394     ResetTarget() end
TFC9C 1887:260.908     CPU_WriteMem(4 bytes @ 0xE0002000)
TFC9C 1887:261.301     CPU_ReadMem(4 bytes @ 0xE000EDFC)
TFC9C 1887:261.693     CPU_ReadMem(4 bytes @ 0xE0001000)
TFC9C 1887:262.103     CPU_WriteMem(4 bytes @ 0xE0001000)
TFC9C 1887:262.557   - 9.751ms
TFC9C 1887:262.583   JLINK_Go()
TFC9C 1887:262.603     CPU_ReadMem(4 bytes @ 0xE0001000)
TFC9C 1887:263.105     CPU_WriteMem(4 bytes @ 0xE0001000)
TFC9C 1887:263.136     CPU_WriteMem(4 bytes @ 0xE0002008)
TFC9C 1887:263.155     CPU_WriteMem(4 bytes @ 0xE000200C)
TFC9C 1887:263.174     CPU_WriteMem(4 bytes @ 0xE0002010)
TFC9C 1887:263.193     CPU_WriteMem(4 bytes @ 0xE0002014)
TFC9C 1887:264.549     CPU_WriteMem(4 bytes @ 0xE0001004)
TFC9C 1887:265.501   - 2.937ms
TFC9C 1887:265.532 - 128.371ms
TFC9C 1887:309.610 JLINK_Close()
TFC9C 1887:310.340   CPU is running
TFC9C 1887:310.429   CPU_WriteMem(4 bytes @ 0xE0002008)
TFC9C 1887:310.933   CPU is running
TFC9C 1887:311.040   CPU_WriteMem(4 bytes @ 0xE000200C)
TFC9C 1887:311.647   CPU is running
TFC9C 1887:311.701   CPU_WriteMem(4 bytes @ 0xE0002010)
TFC9C 1887:312.166   CPU is running
TFC9C 1887:312.225   CPU_WriteMem(4 bytes @ 0xE0002014)
TFC9C 1887:329.478 - 19.930ms
TFC9C 1887:329.636   
TFC9C 1887:329.655   Closed
