T2AB0 56317:181.762   SEGGER J-Link V6.94d Log File
T2AB0 56317:182.106   DLL Compiled: Feb 12 2021 15:52:57
T2AB0 56317:182.242   Logging started @ 2021-02-28 20:58
T2AB0 56317:182.373 - 202266.851ms
T2AB0 56317:299.192 JLINK_ExecCommand("Device = ATSAMD21G18A", ...). 
T2AB0 56317:300.460   Device "ATSAMD21G18" selected.
T2AB0 56317:305.238 - 5.945ms returns 0x00
T2AB0 56317:366.209 JLINK_TIF_Select(JLINKARM_TIF_SWD)
T2AB0 56317:367.539 - 1.715ms returns 0x00
T2AB0 56317:368.108 JLINK_SetSpeed(4000)
T2AB0 56317:368.832 - 1.007ms
T2AB0 56317:369.197 JLINK_ResetPullsRESET(OFF)
T2AB0 56317:369.322 - 0.188ms
T2AB0 56317:369.452 JLINK_Connect()
T2AB0 56317:370.154   InitTarget() start
T2AB0 56317:370.544    J-Link Script File: Executing InitTarget()
T2AB0 56317:402.185   InitTarget()
T2AB0 56317:406.414   InitTarget() end
T2AB0 56317:408.307   Found SW-DP with ID 0x0BC11477
T2AB0 56317:410.964   DPIDR: 0x0BC11477
T2AB0 56317:411.087   Scanning AP map to find all available APs
T2AB0 56317:411.946   AP[1]: Stopped AP scan as end of AP map has been reached
T2AB0 56317:412.053   AP[0]: AHB-AP (IDR: 0x04770031)
T2AB0 56317:412.134   Iterating through AP map to find AHB-AP to use
T2AB0 56317:413.336   AP[0]: Core found
T2AB0 56317:413.442   AP[0]: AHB-AP ROM base: 0x41003000
T2AB0 56317:414.131   CPUID register: 0x410CC601. Implementer code: 0x41 (ARM)
T2AB0 56317:414.227   Found Cortex-M0 r0p1, Little endian.
T2AB0 56317:515.497   -- Max. mem block: 0x000013C8
T2AB0 56317:515.723   CPU_ReadMem(4 bytes @ 0xE000EDF0)
T2AB0 56317:516.425   CPU_WriteMem(4 bytes @ 0xE000EDF0)
T2AB0 56317:517.377   CPU_ReadMem(4 bytes @ 0xE0002000)
T2AB0 56317:517.962   FPUnit: 4 code (BP) slots and 0 literal slots
T2AB0 56317:518.042   CPU_ReadMem(4 bytes @ 0xE000EDFC)
T2AB0 56317:518.947   CPU_WriteMem(4 bytes @ 0xE000EDFC)
T2AB0 56317:519.491   CPU_ReadMem(4 bytes @ 0xE0001000)
T2AB0 56317:519.987   CPU_WriteMem(4 bytes @ 0xE0001000)
T2AB0 56317:520.957   CoreSight components:
T2AB0 56317:521.064   ROMTbl[0] @ 41003000
T2AB0 56317:521.120   CPU_ReadMem(64 bytes @ 0x41003000)
T2AB0 56317:522.199   CPU_ReadMem(32 bytes @ 0xE00FFFE0)
T2AB0 56317:523.240   ROMTbl[0][0]: E00FF000, CID: B105100D, PID: 000BB4C0 ROM Table
T2AB0 56317:523.347   ROMTbl[1] @ E00FF000
T2AB0 56317:523.400   CPU_ReadMem(64 bytes @ 0xE00FF000)
T2AB0 56317:524.378   CPU_ReadMem(32 bytes @ 0xE000EFE0)
T2AB0 56317:525.482   ROMTbl[1][0]: E000E000, CID: B105E00D, PID: 000BB008 SCS
T2AB0 56317:525.582   CPU_ReadMem(32 bytes @ 0xE0001FE0)
T2AB0 56317:526.577   ROMTbl[1][1]: E0001000, CID: B105E00D, PID: 000BB00A DWT
T2AB0 56317:526.676   CPU_ReadMem(32 bytes @ 0xE0002FE0)
T2AB0 56317:527.670   ROMTbl[1][2]: E0002000, CID: B105E00D, PID: 000BB00B FPB
T2AB0 56317:527.769   CPU_ReadMem(32 bytes @ 0x41006FE0)
T2AB0 56317:528.934   ROMTbl[0][1]: 41006000, CID: B105900D, PID: 001BB932 MTB-M0+
T2AB0 56317:529.074 - 159.640ms returns 0x00
T2AB0 56317:529.244 JLINK_Halt()
T2AB0 56317:532.448 - 3.260ms returns 0x00
T2AB0 56317:536.025 JLINK_JTAG_GetDeviceID(DeviceIndex = 0)
T2AB0 56317:536.071 - 0.062ms returns 0
T2AB0 56317:536.110 JLINK_ReadMemU32(0x41002018, 0x1 Items)
T2AB0 56317:536.176   CPU_ReadMem(4 bytes @ 0x41002018)
T2AB0 56317:536.806   Data:  05 03 01 10
T2AB0 56317:536.890 - 0.797ms returns 1 (0x1)
T20B0 56317:544.040 JLINK_IsHalted()
T20B0 56317:544.686 - 0.676ms returns TRUE
T20B0 56317:544.748 JLINK_GetMOEs(...)
T20B0 56317:544.796   CPU_ReadMem(4 bytes @ 0xE000ED30)
T20B0 56317:545.486 - 0.809ms returns 0x01
T20B0 56317:545.595 JLINK_ReadReg(R15 (PC))
T20B0 56317:545.654 - 0.077ms returns 0x00005F0A
T20B0 56317:748.137 JLINK_IsHalted()
T20B0 56317:748.223 - 0.105ms returns TRUE
T2AB0 56317:879.633 JLINK_BeginDownload(Flags = 0x00000000)
T2AB0 56317:879.713 - 0.097ms
T2AB0 56317:879.817 JLINK_WriteMem(0x00000000, 0x1EB40 Bytes, ...)
T2AB0 56317:879.857   Data:  00 80 00 20 F1 5D 00 00 D9 5D 00 00 D9 5D 00 00 ...
T2AB0 56317:880.750   completely In flash
T2AB0 56317:881.465    -- Read from flash cache (125760 bytes @ 0x00000000)
T2AB0 56317:881.759 - 1.961ms returns 0x1EB40
T2AB0 56317:882.672 JLINK_WriteMem(0x0001EB40, 0x5C Bytes, ...)
T2AB0 56317:882.747   Data:  72 B6 10 4B 04 33 10 4A 93 42 12 D9 0F 4A 12 7D ...
T2AB0 56317:882.862   completely In flash
T2AB0 56317:882.919    -- Read from flash cache (92 bytes @ 0x0001EB40)
T2AB0 56317:882.969 - 0.314ms returns 0x5C
T2AB0 56317:883.541 JLINK_WriteMem(0x0001EB9C, 0x310 Bytes, ...)
T2AB0 56317:883.593   Data:  00 00 00 00 01 00 00 00 44 65 66 61 75 6C 74 2D ...
T2AB0 56317:883.659   completely In flash
T2AB0 56317:883.734    -- Read from flash cache (784 bytes @ 0x0001EB9C)
T2AB0 56317:883.791 - 0.295ms returns 0x310
T20B0 56317:948.167 JLINK_IsHalted()
T20B0 56317:948.247 - 0.098ms returns TRUE
T2AB0 56318:076.330 JLINK_EndDownload()
T2AB0 56318:076.714   CPU_ReadMem(4 bytes @ 0x41006004)
T2AB0 56318:077.188   CPU_ReadMem(4 bytes @ 0xE000ED90)
T2AB0 56318:077.589    -- --------------------------------------
T2AB0 56318:077.641   Flash bank @ 0x00000000: Default: L2 verify disabled because algorithm performs L1 verify
T2AB0 56318:077.688    -- Start of determining dirty areas in flash cache
T2AB0 56318:077.997    -- End of determining dirty areas
T2AB0 56318:078.045    -- Start of preparing flash programming
T2AB0 56318:078.093    -- Calculating RAM usage
T2AB0 56318:078.168    -- RAM usage = 5860 Bytes
T2AB0 56318:078.215    -- Preserving CPU registers
T2AB0 56318:078.294    -- Preparing memory
T2AB0 56318:078.343    -- Preparing target
T2AB0 56318:078.390    -- Downloading RAMCode
T2AB0 56318:095.943    -- Preparing RAMCode
T2AB0 56318:102.502    -- Checking target RAM
T2AB0 56318:104.071    -- End of preparing flash programming
T2AB0 56318:104.555   Looking for J-Link GUI Server exe at: C:\Program Files (x86)\Atmel\Studio\7.0\atbackend\JLinkGUIServer.exe
T2AB0 56318:104.829   Looking for J-Link GUI Server exe at: C:\Program Files (x86)\SEGGER\JLink\JLinkGUIServer.exe
T2AB0 56318:104.991   Forking J-Link GUI Server: C:\Program Files (x86)\SEGGER\JLink\JLinkGUIServer.exe
T2AB0 56318:270.583   J-Link GUI Server info: "J-Link GUI server V6.94d "
T2AB0 56318:304.268    -- CPU speed could not be measured.
T2AB0 56318:304.365    -- Start of comparing flash
T2AB0 56318:304.418    -- CRC check was estimated as fastest method
T2AB0 56318:387.822    -- Comparing range 0x0000 - 0xFFFF (256 Sectors, 64 KB), using multi-block CRC calculation
T2AB0 56318:454.799    -- CRC does not match for sectors 6-7, 9
T2AB0 56318:455.751    -- Comparing range 0x10000 - 0x1EEFF (239 Sectors, 59 KB), using multi-block CRC calculation
T2AB0 56318:508.046    -- All CRCs match
T2AB0 56318:509.262    -- Comparing range 0x0000 - 0x05FF (6 Sectors, 1 KB), using alternative multi-block CRC calculation
T2AB0 56318:516.822    -- All CRCs match
T2AB0 56318:517.923    -- Comparing range 0x0800 - 0x08FF (1 Sector, 256 Bytes), using alternative multi-block CRC calculation
T2AB0 56318:524.807    -- All CRCs match
T2AB0 56318:525.956    -- Comparing range 0x0A00 - 0x109FF (256 Sectors, 64 KB), using alternative multi-block CRC calculation
T2AB0 56318:583.933    -- All CRCs match
T2AB0 56318:585.061    -- Comparing range 0x10A00 - 0x1EEFF (229 Sectors, 57 KB), using alternative multi-block CRC calculation
T2AB0 56318:636.211    -- All CRCs match
T2AB0 56318:636.326    -- End of comparing flash
T2AB0 56318:636.385    -- Start of erasing sectors
T2AB0 56318:636.442    -- Erasing range 0x00000600 - 0x000007FF (  2 Sectors, 512 Bytes)
T2AB0 56318:646.019    -- Erasing range 0x00000900 - 0x000009FF (  1 Sector, 256 Bytes)
T2AB0 56318:654.128    -- End of erasing sectors
T2AB0 56318:654.227    -- Start of flash programming
T2AB0 56318:654.278    -- Programming range 0x00000600 - 0x000007FF (  2 Sectors, 512 Bytes)
T2AB0 56318:655.506    -- Programming range 0x00000900 - 0x000009FF (  1 Sector, 256 Bytes)
T2AB0 56318:656.727    -- End of flash programming
T2AB0 56318:656.819    -- 0x0600 - 0x07FF (  2 Sectors, 512 Bytes)
T2AB0 56318:656.866    -- 0x0900 - 0x09FF (  1 Sector, 256 Bytes)
T2AB0 56318:657.080    -- Start of restoring
T2AB0 56318:657.129    -- Restoring RAMCode
T2AB0 56318:681.306    -- Restore target
T2AB0 56318:681.411    -- Restore memory
T2AB0 56318:681.461    -- Restoring CPU registers
T2AB0 56318:681.546    -- End of restoring
T2AB0 56318:681.738    -- Bank 0 @ 0x00000000: 2 ranges affected (768 bytes)
T2AB0 56318:681.825    -- Total: 0.603s (Prepare: 0.226s, Compare: 0.332s, Erase: 0.017s, Program & Verify: 0.020s, Restore: 0.007s)
T2AB0 56318:681.899    -- Program & Verify speed: 37 KB/s
T2AB0 56318:689.212 - 612.935ms returns 768 (0x300)
T2AB0 56318:689.392 JLINK_SetResetType(JLINKARM_CM3_RESET_TYPE_NORMAL)
T2AB0 56318:689.432 - 0.058ms returns JLINKARM_CM3_RESET_TYPE_NORMAL
T2AB0 56318:689.473 JLINK_Reset()
T2AB0 56318:689.561   CPU_ReadMem(4 bytes @ 0x20000674)
T2AB0 56318:690.008   CPU_WriteMem(4 bytes @ 0x20000674)
T2AB0 56318:690.532   ResetTarget() start
T2AB0 56318:690.582    J-Link Script File: Executing ResetTarget()
T2AB0 56318:690.987   CPU_ReadMem(4 bytes @ 0xE000EDFC)
T2AB0 56318:691.560   CPU_WriteMem(4 bytes @ 0xE000EDFC)
T2AB0 56318:692.099   CPU_WriteMem(4 bytes @ 0xE000ED0C)
T2AB0 56318:695.241   CPU_ReadMem(4 bytes @ 0xE000EDF0)
T2AB0 56318:696.316   CPU_ReadMem(4 bytes @ 0x41002100)
T2AB0 56318:696.924   CPU_WriteMem(4 bytes @ 0xE000EDFC)
T2AB0 56318:698.040   ResetTarget() end
T2AB0 56318:702.476   CPU_WriteMem(4 bytes @ 0xE0002000)
T2AB0 56318:706.819   CPU_ReadMem(4 bytes @ 0xE000EDFC)
T2AB0 56318:707.725   CPU_ReadMem(4 bytes @ 0xE0001000)
T2AB0 56318:708.418   CPU_WriteMem(4 bytes @ 0xE0001000)
T2AB0 56318:709.282 - 19.914ms
T20B0 56318:757.358 JLINK_IsHalted()
T20B0 56318:757.427 - 0.089ms returns TRUE
T20B0 56318:957.717 JLINK_IsHalted()
T20B0 56318:957.798 - 0.109ms returns TRUE
T31F8 56319:034.095 JLINK_Halt()
T31F8 56319:034.194 - 0.141ms returns 0x00
T31F8 56319:034.303 JLINK_ReadReg(R15 (PC))
T31F8 56319:034.353 - 0.068ms returns 0x00005DF0
T31F8 56319:034.401 JLINK_ReadReg(R13 (SP))
T31F8 56319:034.438 - 0.054ms returns 0x20008000
T31F8 56319:045.296 JLINK_ReadMemHW(0x00005DF0, 0x0004 Bytes, ...)
T31F8 56319:045.378   CPU_ReadMem(4 bytes @ 0x00005DF0)
T31F8 56319:045.894   Data:  10 B5 12 4A
T31F8 56319:045.958 - 0.681ms returns 0
T31F8 56319:046.718 JLINK_ReadReg(R0)
T31F8 56319:046.785 - 0.112ms returns 0x20000654
T31F8 56319:046.839 JLINK_ReadReg(R1)
T31F8 56319:046.877 - 0.057ms returns 0x00000000
T31F8 56319:046.926 JLINK_ReadReg(R2)
T31F8 56319:046.965 - 0.056ms returns 0x00000000
T31F8 56319:047.012 JLINK_ReadReg(R3)
T31F8 56319:047.049 - 0.055ms returns 0x00000900
T31F8 56319:047.095 JLINK_ReadReg(R4)
T31F8 56319:047.132 - 0.055ms returns 0x20000654
T31F8 56319:047.178 JLINK_ReadReg(R5)
T31F8 56319:047.215 - 0.055ms returns 0x200006AC
T31F8 56319:047.262 JLINK_ReadReg(R6)
T31F8 56319:047.301 - 0.058ms returns 0x200006AC
T31F8 56319:047.350 JLINK_ReadReg(R7)
T31F8 56319:047.393 - 0.062ms returns 0xA5A5A5A5
T31F8 56319:047.442 JLINK_ReadReg(R8)
T31F8 56319:047.480 - 0.055ms returns 0xA5A5A5A5
T31F8 56319:047.526 JLINK_ReadReg(R9)
T31F8 56319:047.562 - 0.053ms returns 0xA5A5A5A5
T31F8 56319:047.608 JLINK_ReadReg(R10)
T31F8 56319:047.644 - 0.054ms returns 0xA5A5A5A5
T31F8 56319:047.695 JLINK_ReadReg(R11)
T31F8 56319:047.731 - 0.054ms returns 0xA5A5A5A5
T31F8 56319:047.783 JLINK_ReadReg(R12)
T31F8 56319:047.822 - 0.057ms returns 0x200005D8
T31F8 56319:047.871 JLINK_ReadReg(R13 (SP))
T31F8 56319:047.910 - 0.056ms returns 0x20008000
T31F8 56319:047.955 JLINK_ReadReg(R14)
T31F8 56319:047.991 - 0.054ms returns 0x20000347
T31F8 56319:048.037 JLINK_ReadReg(R15 (PC))
T31F8 56319:048.073 - 0.055ms returns 0x00005DF0
T31F8 56319:048.149 JLINK_ReadReg(XPSR)
T31F8 56319:048.186 - 0.054ms returns 0x21000000
T31F8 56319:048.232 JLINK_ReadReg(MSP)
T31F8 56319:048.270 - 0.055ms returns 0x20008000
T31F8 56319:048.318 JLINK_ReadReg(PSP)
T31F8 56319:048.356 - 0.057ms returns 0x20003000
T31F8 56319:048.405 JLINK_ReadReg(PRIMASK)
T31F8 56319:048.443 - 0.055ms returns 0x00000000
T31F8 56319:048.506 JLINK_ReadReg(BASEPRI)
T31F8 56319:048.553 - 0.065ms returns 0x00000000
T31F8 56319:048.600 JLINK_ReadReg(FAULTMASK)
T31F8 56319:048.641 - 0.059ms returns 0x00000000
T31F8 56319:048.721 JLINK_ReadReg(CONTROL)
T31F8 56319:048.762 - 0.060ms returns 0x00000000
T31F8 56319:049.543 JLINK_ReadMemHW(0x00005DF0, 0x0002 Bytes, ...)
T31F8 56319:049.930   CPU_ReadMem(2 bytes @ 0x00005DF0)
T31F8 56319:050.520   Data:  10 B5
T31F8 56319:050.638 - 1.113ms returns 0
T20B0 56319:158.761 JLINK_IsHalted()
T20B0 56319:158.845 - 0.102ms returns TRUE
T31F8 56319:204.570 JLINK_ReadReg(R0)
T31F8 56319:205.340 - 0.803ms returns 0x20000654
T31F8 56319:205.438 JLINK_ReadReg(R1)
T31F8 56319:205.484 - 0.064ms returns 0x00000000
T31F8 56319:205.535 JLINK_ReadReg(R2)
T31F8 56319:205.573 - 0.056ms returns 0x00000000
T31F8 56319:205.624 JLINK_ReadReg(R3)
T31F8 56319:205.665 - 0.062ms returns 0x00000900
T31F8 56319:205.718 JLINK_ReadReg(R4)
T31F8 56319:205.788 - 0.088ms returns 0x20000654
T31F8 56319:205.837 JLINK_ReadReg(R5)
T31F8 56319:205.875 - 0.056ms returns 0x200006AC
T31F8 56319:205.923 JLINK_ReadReg(R6)
T31F8 56319:205.961 - 0.055ms returns 0x200006AC
T31F8 56319:206.006 JLINK_ReadReg(R7)
T31F8 56319:206.042 - 0.053ms returns 0xA5A5A5A5
T31F8 56319:206.087 JLINK_ReadReg(R8)
T31F8 56319:206.123 - 0.053ms returns 0xA5A5A5A5
T31F8 56319:206.167 JLINK_ReadReg(R9)
T31F8 56319:206.201 - 0.051ms returns 0xA5A5A5A5
T31F8 56319:206.245 JLINK_ReadReg(R10)
T31F8 56319:206.279 - 0.051ms returns 0xA5A5A5A5
T31F8 56319:206.323 JLINK_ReadReg(R11)
T31F8 56319:206.357 - 0.051ms returns 0xA5A5A5A5
T31F8 56319:206.400 JLINK_ReadReg(R12)
T31F8 56319:206.433 - 0.050ms returns 0x200005D8
T31F8 56319:206.477 JLINK_ReadReg(R13 (SP))
T31F8 56319:206.511 - 0.051ms returns 0x20008000
T31F8 56319:206.553 JLINK_ReadReg(R14)
T31F8 56319:206.588 - 0.051ms returns 0x20000347
T31F8 56319:206.632 JLINK_ReadReg(R15 (PC))
T31F8 56319:206.666 - 0.050ms returns 0x00005DF0
T31F8 56319:206.742 JLINK_ReadReg(XPSR)
T31F8 56319:206.779 - 0.053ms returns 0x21000000
T31F8 56319:206.822 JLINK_ReadReg(MSP)
T31F8 56319:206.856 - 0.050ms returns 0x20008000
T31F8 56319:206.898 JLINK_ReadReg(PSP)
T31F8 56319:206.931 - 0.050ms returns 0x20003000
T31F8 56319:206.975 JLINK_ReadReg(PRIMASK)
T31F8 56319:207.011 - 0.052ms returns 0x00000000
T31F8 56319:207.055 JLINK_ReadReg(BASEPRI)
T31F8 56319:207.089 - 0.051ms returns 0x00000000
T31F8 56319:207.133 JLINK_ReadReg(FAULTMASK)
T31F8 56319:207.168 - 0.052ms returns 0x00000000
T31F8 56319:207.212 JLINK_ReadReg(CONTROL)
T31F8 56319:207.247 - 0.051ms returns 0x00000000
T20B0 56319:371.794 JLINK_IsHalted()
T20B0 56319:371.874 - 0.134ms returns TRUE
T20B0 56319:575.279 JLINK_IsHalted()
T20B0 56319:575.361 - 0.101ms returns TRUE
T31F8 56319:606.946 JLINK_ReadMemHW(0x00005DF0, 0x0004 Bytes, ...)
T31F8 56319:607.116   CPU_ReadMem(4 bytes @ 0x00005DF0)
T31F8 56319:607.619   Data:  10 B5 12 4A
T31F8 56319:607.697 - 0.769ms returns 0
T31F8 56319:795.991 JLINK_SetResetType(JLINKARM_CM3_RESET_TYPE_NORMAL)
T31F8 56319:796.066 - 0.094ms returns JLINKARM_CM3_RESET_TYPE_NORMAL
T31F8 56319:796.109 JLINK_Reset()
T31F8 56319:796.325   ResetTarget() start
T31F8 56319:796.390    J-Link Script File: Executing ResetTarget()
T31F8 56319:796.884   CPU_ReadMem(4 bytes @ 0xE000EDFC)
T31F8 56319:798.470   CPU_WriteMem(4 bytes @ 0xE000EDFC)
T31F8 56319:799.171   CPU_WriteMem(4 bytes @ 0xE000ED0C)
T31F8 56319:801.426   CPU_ReadMem(4 bytes @ 0xE000EDF0)
T31F8 56319:802.002   CPU_ReadMem(4 bytes @ 0x41002100)
T31F8 56319:802.526   CPU_WriteMem(4 bytes @ 0xE000EDFC)
T31F8 56319:803.086   ResetTarget() end
T31F8 56319:806.752   CPU_WriteMem(4 bytes @ 0xE0002000)
T31F8 56319:807.313   CPU_ReadMem(4 bytes @ 0xE000EDFC)
T31F8 56319:807.872   CPU_ReadMem(4 bytes @ 0xE0001000)
T31F8 56319:808.985   CPU_WriteMem(4 bytes @ 0xE0001000)
T31F8 56319:809.557 - 13.486ms
T20B0 56319:809.846 JLINK_IsHalted()
T20B0 56319:809.918 - 0.093ms returns TRUE
T20B0 56319:809.967 JLINK_GetMOEs(...)
T20B0 56319:810.281   CPU_ReadMem(4 bytes @ 0xE000ED30)
T20B0 56319:811.545 - 1.643ms returns 0x01
T20B0 56319:811.645 JLINK_ReadReg(R15 (PC))
T20B0 56319:811.698 - 0.071ms returns 0x00005DF0
T31F8 56319:819.503 JLINK_ReadReg(R15 (PC))
T31F8 56319:819.601 - 0.117ms returns 0x00005DF0
T31F8 56319:819.655 JLINK_ReadReg(R13 (SP))
T31F8 56319:819.740 - 0.104ms returns 0x20008000
T31F8 56319:823.221 JLINK_ReadMemHW(0x00005DF0, 0x0004 Bytes, ...)
T31F8 56319:823.295   CPU_ReadMem(4 bytes @ 0x00005DF0)
T31F8 56319:823.891   Data:  10 B5 12 4A
T31F8 56319:823.964 - 0.763ms returns 0
T334C 56319:881.919 JLINK_EMU_GetList(InterfaceMask = 0x00000001, MaxInfos = 0x00000032) 
T334C 56319:888.987   [0]: USB, S/N: 801014814
T334C 56319:889.074 - 7.174ms returns 1
T334C 56319:889.246 JLINK_EMU_GetList(InterfaceMask = 0x00000002, MaxInfos = 0x00000032) 
T334C 56319:951.418 - 62.224ms returns 0
T31F8 56319:951.528 JLINK_ReadMemHW(0x00000000, 0x0004 Bytes, ...)
T31F8 56319:951.617   CPU_ReadMem(4 bytes @ 0x00000000)
T31F8 56319:952.129   Data:  00 80 00 20
T31F8 56319:952.209 - 0.701ms returns 0
T31F8 56319:997.248 JLINK_ReadMemHW(0x00000000, 0x0004 Bytes, ...)
T31F8 56319:997.348   CPU_ReadMem(4 bytes @ 0x00000000)
T31F8 56319:998.957   Data:  00 80 00 20
T31F8 56319:999.053 - 1.823ms returns 0
T31F8 56320:000.653 JLINK_ReadMemHW(0x00000000, 0x0004 Bytes, ...)
T31F8 56320:000.738   CPU_ReadMem(4 bytes @ 0x00000000)
T31F8 56320:003.105   Data:  00 80 00 20
T31F8 56320:003.201 - 2.569ms returns 0
T20B0 56320:021.480 JLINK_IsHalted()
T20B0 56320:021.559 - 0.157ms returns TRUE
T31F8 56320:021.779 JLINK_ReadMemHW(0x00000000, 0x0004 Bytes, ...)
T31F8 56320:021.841   CPU_ReadMem(4 bytes @ 0x00000000)
T31F8 56320:022.342   Data:  00 80 00 20
T31F8 56320:022.412 - 0.651ms returns 0
T31F8 56320:097.994 JLINK_ReadMemHW(0x0000600C, 0x0001 Bytes, ...)
T31F8 56320:098.080   CPU_ReadMem(1 bytes @ 0x0000600C)
T31F8 56320:098.605   Data:  10
T31F8 56320:098.695 - 0.720ms returns 0
T31F8 56320:162.408 JLINK_ReadReg(R15 (PC))
T31F8 56320:162.493 - 0.106ms returns 0x00005DF0
T31F8 56320:162.768 JLINK_GetNumBPUnits(Type = 0xFFFFFF02)
T31F8 56320:162.819 - 0.069ms returns 0x04
T31F8 56320:162.861 JLINK_SetBPEx(Addr = 0x0000600C, Type = 0xFFFFFFF2)
T31F8 56320:162.909 - 0.074ms returns 0x00000001
T31F8 56320:162.960 JLINK_GetBPInfo(BPHandle = 1)
T31F8 56320:162.996 - 0.054ms returns 0x0
T31F8 56320:163.734 JLINK_Go()
T31F8 56320:163.816   CPU_WriteMem(4 bytes @ 0xE0002000)
T31F8 56320:170.360   CPU_ReadMem(4 bytes @ 0xE0001000)
T31F8 56320:170.957   CPU_WriteMem(4 bytes @ 0xE000ED30)
T31F8 56320:171.546   CPU_WriteMem(4 bytes @ 0xE0001000)
T31F8 56320:171.619   CPU_WriteMem(4 bytes @ 0xE0002008)
T31F8 56320:171.674   CPU_WriteMem(4 bytes @ 0xE000200C)
T31F8 56320:171.728   CPU_WriteMem(4 bytes @ 0xE0002010)
T31F8 56320:171.780   CPU_WriteMem(4 bytes @ 0xE0002014)
T31F8 56320:173.163   CPU_WriteMem(4 bytes @ 0xE0001004)
T31F8 56320:174.213 - 10.510ms
T20B0 56320:174.290 JLINK_IsHalted()
T20B0 56320:174.779   CPU_ReadMem(4 bytes @ 0x41002100)
T20B0 56320:175.276 - 1.034ms returns FALSE
T20B0 56320:197.501 JLINK_IsHalted()
T20B0 56320:198.043   CPU_ReadMem(4 bytes @ 0x41002100)
T20B0 56320:198.659 - 1.220ms returns FALSE
T20B0 56320:280.468 JLINK_IsHalted()
T20B0 56320:283.573 - 3.169ms returns TRUE
T20B0 56320:283.673 JLINK_GetMOEs(...)
T20B0 56320:283.722   CPU_ReadMem(4 bytes @ 0xE000ED30)
T20B0 56320:284.195 - 0.557ms returns 0x01
T20B0 56320:284.260 JLINK_ReadReg(R15 (PC))
T20B0 56320:284.307 - 0.064ms returns 0x0000600C
T31F8 56320:284.908 JLINK_ReadReg(R15 (PC))
T31F8 56320:284.986 - 0.098ms returns 0x0000600C
T31F8 56320:285.040 JLINK_ReadReg(R13 (SP))
T31F8 56320:285.096 - 0.092ms returns 0x20007FF8
T31F8 56320:285.950 JLINK_ReadMemHW(0x0000600C, 0x0004 Bytes, ...)
T31F8 56320:286.078   CPU_ReadMem(4 bytes @ 0x0000600C)
T31F8 56320:286.565   Data:  10 B5 02 F0
T31F8 56320:286.631 - 0.699ms returns 0
T31F8 56320:322.152 JLINK_WriteU32_64(0xE000EDFC, 0x01000000)
T31F8 56320:322.224   Debug reg: DEMCR
T31F8 56320:323.285   CPU_WriteMem(4 bytes @ 0xE000EDFC)
T31F8 56320:323.829 - 1.700ms returns 0 (0x00000000)
T31F8 56320:323.885 JLINK_ReadMem(0xE0001000, 0x4 Bytes, ...)
T31F8 56320:323.939   CPU_ReadMem(4 bytes @ 0xE0001000)
T31F8 56320:324.474   Data:  00 00 00 20
T31F8 56320:324.531   Debug reg: DWT_CTRL
T31F8 56320:324.585 - 0.718ms returns 0
T31F8 56320:324.734 JLINK_WriteU32_64(0xE0001000, 0x20000001)
T31F8 56320:324.773   Debug reg: DWT_CTRL
T31F8 56320:324.847 - 0.133ms returns 0 (0x00000000)
T31F8 56320:324.920 JLINK_WriteU32_64(0xE0001028, 0x00000100)
T31F8 56320:324.963   Debug reg: DWT_FUNC[0]
T31F8 56320:325.023 - 0.122ms returns 0 (0x00000000)
T31F8 56320:325.067 JLINK_ReadMem(0xE0001028, 0x4 Bytes, ...)
T31F8 56320:325.147   CPU_WriteMem(4 bytes @ 0xE0001028)
T31F8 56320:325.808   CPU_ReadMem(4 bytes @ 0xE0001028)
T31F8 56320:326.304   Data:  00 00 00 00
T31F8 56320:326.367   Debug reg: DWT_FUNC[0]
T31F8 56320:326.423 - 1.373ms returns 0
T31F8 56320:326.578 JLINK_WriteU32_64(0xE0001024, 0x0000001F)
T31F8 56320:326.618   Debug reg: DWT_MASK[0]
T31F8 56320:326.694 - 0.135ms returns 0 (0x00000000)
T31F8 56320:326.737 JLINK_ReadMem(0xE0001024, 0x4 Bytes, ...)
T31F8 56320:326.784   CPU_WriteMem(4 bytes @ 0xE0001024)
T31F8 56320:327.390   CPU_ReadMem(4 bytes @ 0xE0001024)
T31F8 56320:328.021   Data:  1F 00 00 00
T31F8 56320:328.111   Debug reg: DWT_MASK[0]
T31F8 56320:328.158 - 1.438ms returns 0
T31F8 56320:328.319 JLINK_WriteU32_64(0xE0001038, 0x00000100)
T31F8 56320:328.359   Debug reg: DWT_FUNC[1]
T31F8 56320:328.441 - 0.141ms returns 0 (0x00000000)
T31F8 56320:328.484 JLINK_ReadMem(0xE0001038, 0x4 Bytes, ...)
T31F8 56320:328.528   CPU_WriteMem(4 bytes @ 0xE0001038)
T31F8 56320:329.121   CPU_ReadMem(4 bytes @ 0xE0001038)
T31F8 56320:329.718   Data:  00 00 00 00
T31F8 56320:329.813   Debug reg: DWT_FUNC[1]
T31F8 56320:329.864 - 1.398ms returns 0
T31F8 56320:330.023 JLINK_WriteU32_64(0xE0001034, 0x0000001F)
T31F8 56320:330.065   Debug reg: DWT_MASK[1]
T31F8 56320:330.145 - 0.146ms returns 0 (0x00000000)
T31F8 56320:330.194 JLINK_ReadMem(0xE0001034, 0x4 Bytes, ...)
T31F8 56320:330.241   CPU_WriteMem(4 bytes @ 0xE0001034)
T31F8 56320:330.751   CPU_ReadMem(4 bytes @ 0xE0001034)
T31F8 56320:331.196   Data:  1F 00 00 00
T31F8 56320:331.256   Debug reg: DWT_MASK[1]
T31F8 56320:331.306 - 1.130ms returns 0
T31F8 56320:331.752 JLINK_WriteU32_64(0xE0001020, 0x00000000)
T31F8 56320:331.830   Debug reg: DWT_COMP[0]
T31F8 56320:331.940 - 0.213ms returns 0 (0x00000000)
T31F8 56320:332.199 JLINK_WriteU32_64(0xE0001024, 0x00000000)
T31F8 56320:332.239   Debug reg: DWT_MASK[0]
T31F8 56320:332.304 - 0.124ms returns 0 (0x00000000)
T31F8 56320:332.473 JLINK_WriteU32_64(0xE0001028, 0x00000000)
T31F8 56320:332.513   Debug reg: DWT_FUNC[0]
T31F8 56320:332.574 - 0.120ms returns 0 (0x00000000)
T31F8 56320:332.696 JLINK_WriteU32_64(0xE0001030, 0x00000000)
T31F8 56320:332.788   Debug reg: DWT_COMP[1]
T31F8 56320:332.873 - 0.197ms returns 0 (0x00000000)
T31F8 56320:334.133 JLINK_WriteU32_64(0xE0001034, 0x00000000)
T31F8 56320:334.210   Debug reg: DWT_MASK[1]
T31F8 56320:334.338 - 0.243ms returns 0 (0x00000000)
T31F8 56320:334.499 JLINK_WriteU32_64(0xE0001038, 0x00000000)
T31F8 56320:334.539   Debug reg: DWT_FUNC[1]
T31F8 56320:334.605 - 0.130ms returns 0 (0x00000000)
T31F8 56320:334.657 JLINK_GetBPInfo(BPHandle = 1)
T31F8 56320:334.693 - 0.053ms returns 0x0
T31F8 56320:334.733 JLINK_ClrBPEx(BPHandle = 0x00000001)
T31F8 56320:334.771 - 0.056ms returns 0x00
T31F8 56320:334.861 JLINK_ReadReg(R15 (PC))
T31F8 56320:334.902 - 0.059ms returns 0x0000600C
T31F8 56320:335.465 JLINK_Go()
T31F8 56320:335.572   CPU_WriteMem(4 bytes @ 0xE0001000)
T31F8 56320:336.412   CPU_ReadMem(4 bytes @ 0xE0001000)
T31F8 56320:336.972   CPU_WriteMem(4 bytes @ 0xE000ED30)
T31F8 56320:337.453   CPU_WriteMem(4 bytes @ 0xE0001000)
T31F8 56320:337.512   CPU_WriteMem(4 bytes @ 0xE0001020)
T31F8 56320:337.563   CPU_WriteMem(4 bytes @ 0xE0001030)
T31F8 56320:337.612   CPU_WriteMem(4 bytes @ 0xE0001024)
T31F8 56320:337.843   CPU_WriteMem(4 bytes @ 0xE0001034)
T31F8 56320:337.894   CPU_WriteMem(4 bytes @ 0xE0001028)
T31F8 56320:337.943   CPU_WriteMem(4 bytes @ 0xE0001038)
T31F8 56320:337.992   CPU_WriteMem(4 bytes @ 0xE0002008)
T31F8 56320:340.728 - 5.322ms
T20B0 56320:340.930 JLINK_IsHalted()
T20B0 56320:341.512   CPU_ReadMem(4 bytes @ 0x41002100)
T20B0 56320:342.007 - 1.105ms returns FALSE
T20B0 56320:351.484 JLINK_IsHalted()
T20B0 56320:352.001   CPU_ReadMem(4 bytes @ 0x41002100)
T20B0 56320:352.490 - 1.035ms returns FALSE
T20B0 56320:392.605 JLINK_IsHalted()
T20B0 56320:393.176   CPU_ReadMem(4 bytes @ 0x41002100)
T20B0 56320:393.695 - 1.132ms returns FALSE
T20B0 56320:554.590 JLINK_IsHalted()
T20B0 56320:555.119   CPU_ReadMem(4 bytes @ 0x41002100)
T20B0 56320:555.784 - 1.255ms returns FALSE
T20B0 56320:757.975 JLINK_IsHalted()
T20B0 56320:758.517   CPU_ReadMem(4 bytes @ 0x41002100)
T20B0 56320:758.931 - 0.976ms returns FALSE
T20B0 56320:961.111 JLINK_IsHalted()
T20B0 56320:961.603   CPU_ReadMem(4 bytes @ 0x41002100)
T20B0 56320:962.054 - 1.001ms returns FALSE
T334C 56321:027.416 JLINK_EMU_GetList(InterfaceMask = 0x00000001, MaxInfos = 0x00000032) 
T334C 56321:030.135   [0]: USB, S/N: 801014814
T334C 56321:030.209 - 2.817ms returns 1
T334C 56321:030.374 JLINK_EMU_GetList(InterfaceMask = 0x00000002, MaxInfos = 0x00000032) 
T334C 56321:086.529 - 56.283ms returns 0
T20B0 56321:162.298 JLINK_IsHalted()
T20B0 56321:163.131   CPU_ReadMem(4 bytes @ 0x41002100)
T20B0 56321:164.055 - 1.831ms returns FALSE
T20B0 56321:365.111 JLINK_IsHalted()
T20B0 56321:365.689   CPU_ReadMem(4 bytes @ 0x41002100)
T20B0 56321:366.105 - 1.012ms returns FALSE
T20B0 56321:569.315 JLINK_IsHalted()
T20B0 56321:570.101   CPU_ReadMem(4 bytes @ 0x41002100)
T20B0 56321:574.008 - 4.749ms returns FALSE
T20B0 56321:775.409 JLINK_IsHalted()
T20B0 56321:775.915   CPU_ReadMem(4 bytes @ 0x41002100)
T20B0 56321:776.376 - 0.993ms returns FALSE
T20B0 56321:978.476 JLINK_IsHalted()
T20B0 56321:978.988   CPU_ReadMem(4 bytes @ 0x41002100)
T20B0 56321:979.669 - 1.258ms returns FALSE
T334C 56322:171.567 JLINK_EMU_GetList(InterfaceMask = 0x00000001, MaxInfos = 0x00000032) 
T334C 56322:174.917   [0]: USB, S/N: 801014814
T334C 56322:175.011 - 3.463ms returns 1
T334C 56322:175.172 JLINK_EMU_GetList(InterfaceMask = 0x00000002, MaxInfos = 0x00000032) 
T334C 56322:232.595 - 57.483ms returns 0
T20B0 56322:234.519 JLINK_IsHalted()
T20B0 56322:235.043   CPU_ReadMem(4 bytes @ 0x41002100)
T20B0 56322:235.540 - 1.073ms returns FALSE
T20B0 56322:435.671 JLINK_IsHalted()
T20B0 56322:436.208   CPU_ReadMem(4 bytes @ 0x41002100)
T20B0 56322:436.704 - 1.087ms returns FALSE
T20B0 56322:636.937 JLINK_IsHalted()
T20B0 56322:637.528   CPU_ReadMem(4 bytes @ 0x41002100)
T20B0 56322:638.061 - 1.143ms returns FALSE
T20B0 56322:839.323 JLINK_IsHalted()
T20B0 56322:839.882   CPU_ReadMem(4 bytes @ 0x41002100)
T20B0 56322:840.310 - 1.007ms returns FALSE
T20B0 56323:040.525 JLINK_IsHalted()
T20B0 56323:041.029   CPU_ReadMem(4 bytes @ 0x41002100)
T20B0 56323:041.458 - 0.953ms returns FALSE
T20B0 56323:245.638 JLINK_IsHalted()
T20B0 56323:246.124   CPU_ReadMem(4 bytes @ 0x41002100)
T20B0 56323:246.667 - 1.048ms returns FALSE
T334C 56323:299.836 JLINK_EMU_GetList(InterfaceMask = 0x00000001, MaxInfos = 0x00000032) 
T334C 56323:302.708   [0]: USB, S/N: 801014814
T334C 56323:302.792 - 2.973ms returns 1
T334C 56323:302.940 JLINK_EMU_GetList(InterfaceMask = 0x00000002, MaxInfos = 0x00000032) 
T334C 56323:357.189 - 54.307ms returns 0
T20B0 56323:446.274 JLINK_IsHalted()
T20B0 56323:446.837   CPU_ReadMem(4 bytes @ 0x41002100)
T20B0 56323:447.268 - 1.013ms returns FALSE
T20B0 56323:647.735 JLINK_IsHalted()
T20B0 56323:648.310   CPU_ReadMem(4 bytes @ 0x41002100)
T20B0 56323:648.728 - 1.012ms returns FALSE
T20B0 56323:849.710 JLINK_IsHalted()
T20B0 56323:850.286   CPU_ReadMem(4 bytes @ 0x41002100)
T20B0 56323:850.817 - 1.135ms returns FALSE
T20B0 56324:052.106 JLINK_IsHalted()
T20B0 56324:052.773   CPU_ReadMem(4 bytes @ 0x41002100)
T20B0 56324:053.279 - 1.198ms returns FALSE
T20B0 56324:257.672 JLINK_IsHalted()
T20B0 56324:258.246   CPU_ReadMem(4 bytes @ 0x41002100)
T20B0 56324:258.678 - 1.026ms returns FALSE
T334C 56324:424.619 JLINK_EMU_GetList(InterfaceMask = 0x00000001, MaxInfos = 0x00000032) 
T334C 56324:427.177   [0]: USB, S/N: 801014814
T334C 56324:427.244 - 2.643ms returns 1
T334C 56324:427.433 JLINK_EMU_GetList(InterfaceMask = 0x00000002, MaxInfos = 0x00000032) 
T334C 56324:483.501 - 56.179ms returns 0
T20B0 56324:483.768 JLINK_IsHalted()
T20B0 56324:484.244   CPU_ReadMem(4 bytes @ 0x41002100)
T20B0 56324:484.733 - 0.985ms returns FALSE
T20B0 56324:685.224 JLINK_IsHalted()
T20B0 56324:685.802   CPU_ReadMem(4 bytes @ 0x41002100)
T20B0 56324:686.216 - 1.011ms returns FALSE
T20B0 56324:886.739 JLINK_IsHalted()
T20B0 56324:887.302   CPU_ReadMem(4 bytes @ 0x41002100)
T20B0 56324:887.824 - 1.105ms returns FALSE
T20B0 56325:091.433 JLINK_IsHalted()
T20B0 56325:092.020   CPU_ReadMem(4 bytes @ 0x41002100)
T20B0 56325:092.553 - 1.145ms returns FALSE
T20B0 56325:294.860 JLINK_IsHalted()
T20B0 56325:295.485   CPU_ReadMem(4 bytes @ 0x41002100)
T20B0 56325:296.000 - 1.160ms returns FALSE
T20B0 56325:497.683 JLINK_IsHalted()
T20B0 56325:498.244   CPU_ReadMem(4 bytes @ 0x41002100)
T20B0 56325:498.679 - 1.032ms returns FALSE
T334C 56325:558.725 JLINK_EMU_GetList(InterfaceMask = 0x00000001, MaxInfos = 0x00000032) 
T334C 56325:562.000   [0]: USB, S/N: 801014814
T334C 56325:562.102 - 3.396ms returns 1
T334C 56325:562.297 JLINK_EMU_GetList(InterfaceMask = 0x00000002, MaxInfos = 0x00000032) 
T334C 56325:620.791 - 58.566ms returns 0
T20B0 56325:699.268 JLINK_IsHalted()
T20B0 56325:700.155   CPU_ReadMem(4 bytes @ 0x41002100)
T20B0 56325:700.727 - 1.536ms returns FALSE
T20B0 56325:900.414 JLINK_IsHalted()
T20B0 56325:900.900   CPU_ReadMem(4 bytes @ 0x41002100)
T20B0 56325:901.330 - 0.941ms returns FALSE
T20B0 56326:102.415 JLINK_IsHalted()
T20B0 56326:102.988   CPU_ReadMem(4 bytes @ 0x41002100)
T20B0 56326:103.497 - 1.164ms returns FALSE
T20B0 56326:304.409 JLINK_IsHalted()
T20B0 56326:304.885   CPU_ReadMem(4 bytes @ 0x41002100)
T20B0 56326:305.292 - 0.902ms returns FALSE
T20B0 56326:506.459 JLINK_IsHalted()
T20B0 56326:506.927   CPU_ReadMem(4 bytes @ 0x41002100)
T20B0 56326:507.391 - 0.950ms returns FALSE
T334C 56326:700.915 JLINK_EMU_GetList(InterfaceMask = 0x00000001, MaxInfos = 0x00000032) 
T334C 56326:704.289   [0]: USB, S/N: 801014814
T334C 56326:704.378 - 3.480ms returns 1
T334C 56326:704.533 JLINK_EMU_GetList(InterfaceMask = 0x00000002, MaxInfos = 0x00000032) 
T334C 56326:760.412 - 55.937ms returns 0
T20B0 56326:760.618 JLINK_IsHalted()
T20B0 56326:761.115   CPU_ReadMem(4 bytes @ 0x41002100)
T20B0 56326:761.552 - 0.962ms returns FALSE
T20B0 56326:963.401 JLINK_IsHalted()
T20B0 56326:963.942   CPU_ReadMem(4 bytes @ 0x41002100)
T20B0 56326:964.347 - 0.966ms returns FALSE
T20B0 56327:164.617 JLINK_IsHalted()
T20B0 56327:165.134   CPU_ReadMem(4 bytes @ 0x41002100)
T20B0 56327:165.662 - 1.063ms returns FALSE
T20B0 56327:365.602 JLINK_IsHalted()
T20B0 56327:366.108   CPU_ReadMem(4 bytes @ 0x41002100)
T20B0 56327:366.559 - 0.981ms returns FALSE
T20B0 56327:568.084 JLINK_IsHalted()
T20B0 56327:568.705   CPU_ReadMem(4 bytes @ 0x41002100)
T20B0 56327:569.212 - 1.147ms returns FALSE
T20B0 56327:770.569 JLINK_IsHalted()
T20B0 56327:771.128   CPU_ReadMem(4 bytes @ 0x41002100)
T20B0 56327:771.555 - 1.005ms returns FALSE
T334C 56327:833.531 JLINK_EMU_GetList(InterfaceMask = 0x00000001, MaxInfos = 0x00000032) 
T334C 56327:836.412   [0]: USB, S/N: 801014814
T334C 56327:836.521 - 3.008ms returns 1
T334C 56327:836.712 JLINK_EMU_GetList(InterfaceMask = 0x00000002, MaxInfos = 0x00000032) 
T334C 56327:892.871 - 56.233ms returns 0
T20B0 56327:973.513 JLINK_IsHalted()
T20B0 56327:974.055   CPU_ReadMem(4 bytes @ 0x41002100)
T20B0 56327:974.554 - 1.062ms returns FALSE
T20B0 56328:175.072 JLINK_IsHalted()
T20B0 56328:175.702   CPU_ReadMem(4 bytes @ 0x41002100)
T20B0 56328:176.290 - 1.249ms returns FALSE
T20B0 56328:377.156 JLINK_IsHalted()
T20B0 56328:377.876   CPU_ReadMem(4 bytes @ 0x41002100)
T20B0 56328:378.613 - 1.476ms returns FALSE
T20B0 56328:579.300 JLINK_IsHalted()
T20B0 56328:579.873   CPU_ReadMem(4 bytes @ 0x41002100)
T20B0 56328:580.601 - 1.320ms returns FALSE
T20B0 56328:781.252 JLINK_IsHalted()
T20B0 56328:781.838   CPU_ReadMem(4 bytes @ 0x41002100)
T20B0 56328:782.518 - 1.285ms returns FALSE
T20B0 56328:983.752 JLINK_IsHalted()
T20B0 56328:984.403   CPU_ReadMem(4 bytes @ 0x41002100)
T20B0 56328:984.954 - 1.228ms returns FALSE
T334C 56328:985.612 JLINK_EMU_GetList(InterfaceMask = 0x00000001, MaxInfos = 0x00000032) 
T334C 56328:988.025   [0]: USB, S/N: 801014814
T334C 56328:988.086 - 2.489ms returns 1
T334C 56328:988.232 JLINK_EMU_GetList(InterfaceMask = 0x00000002, MaxInfos = 0x00000032) 
T334C 56329:044.702 - 56.532ms returns 0
T20B0 56329:189.748 JLINK_IsHalted()
T20B0 56329:190.334   CPU_ReadMem(4 bytes @ 0x41002100)
T20B0 56329:190.859 - 1.131ms returns FALSE
T20B0 56329:393.208 JLINK_IsHalted()
T20B0 56329:393.979   CPU_ReadMem(4 bytes @ 0x41002100)
T20B0 56329:394.509 - 1.323ms returns FALSE
T20B0 56329:595.685 JLINK_IsHalted()
T20B0 56329:596.326   CPU_ReadMem(4 bytes @ 0x41002100)
T20B0 56329:597.137 - 1.540ms returns FALSE
T20B0 56329:799.172 JLINK_IsHalted()
T20B0 56329:799.851   CPU_ReadMem(4 bytes @ 0x41002100)
T20B0 56329:800.356 - 1.224ms returns FALSE
T20B0 56330:004.421 JLINK_IsHalted()
T20B0 56330:005.000   CPU_ReadMem(4 bytes @ 0x41002100)
T20B0 56330:005.477 - 1.078ms returns FALSE
T334C 56330:111.690 JLINK_EMU_GetList(InterfaceMask = 0x00000001, MaxInfos = 0x00000032) 
T334C 56330:114.074   [0]: USB, S/N: 801014814
T334C 56330:114.141 - 2.469ms returns 1
T334C 56330:114.291 JLINK_EMU_GetList(InterfaceMask = 0x00000002, MaxInfos = 0x00000032) 
T334C 56330:168.295 - 54.065ms returns 0
T20B0 56330:210.338 JLINK_IsHalted()
T20B0 56330:210.856   CPU_ReadMem(4 bytes @ 0x41002100)
T20B0 56330:211.274 - 0.959ms returns FALSE
T20B0 56330:414.014 JLINK_IsHalted()
T20B0 56330:414.595   CPU_ReadMem(4 bytes @ 0x41002100)
T20B0 56330:415.004 - 1.009ms returns FALSE
T20B0 56330:615.004 JLINK_IsHalted()
T20B0 56330:615.576   CPU_ReadMem(4 bytes @ 0x41002100)
T20B0 56330:616.005 - 1.106ms returns FALSE
T20B0 56330:816.687 JLINK_IsHalted()
T20B0 56330:817.287   CPU_ReadMem(4 bytes @ 0x41002100)
T20B0 56330:817.721 - 1.056ms returns FALSE
T20B0 56331:018.821 JLINK_IsHalted()
T20B0 56331:019.359   CPU_ReadMem(4 bytes @ 0x41002100)
T20B0 56331:019.917 - 1.115ms returns FALSE
T20B0 56331:219.515 JLINK_IsHalted()
T20B0 56331:220.009   CPU_ReadMem(4 bytes @ 0x41002100)
T20B0 56331:220.483 - 0.987ms returns FALSE
T334C 56331:239.436 JLINK_EMU_GetList(InterfaceMask = 0x00000001, MaxInfos = 0x00000032) 
T334C 56331:242.113   [0]: USB, S/N: 801014814
T334C 56331:242.192 - 2.773ms returns 1
T334C 56331:242.351 JLINK_EMU_GetList(InterfaceMask = 0x00000002, MaxInfos = 0x00000032) 
T334C 56331:296.573 - 54.280ms returns 0
T20B0 56331:423.003 JLINK_IsHalted()
T20B0 56331:423.585   CPU_ReadMem(4 bytes @ 0x41002100)
T20B0 56331:424.006 - 1.022ms returns FALSE
T20B0 56331:624.185 JLINK_IsHalted()
T20B0 56331:624.711   CPU_ReadMem(4 bytes @ 0x41002100)
T20B0 56331:625.126 - 0.960ms returns FALSE
T20B0 56331:828.689 JLINK_IsHalted()
T20B0 56331:829.284   CPU_ReadMem(4 bytes @ 0x41002100)
T20B0 56331:829.721 - 1.057ms returns FALSE
T20B0 56332:030.010 JLINK_IsHalted()
T20B0 56332:030.603   CPU_ReadMem(4 bytes @ 0x41002100)
T20B0 56332:031.045 - 1.054ms returns FALSE
T20B0 56332:231.758 JLINK_IsHalted()
T20B0 56332:232.341   CPU_ReadMem(4 bytes @ 0x41002100)
T20B0 56332:232.867 - 1.130ms returns FALSE
T334C 56332:367.725 JLINK_EMU_GetList(InterfaceMask = 0x00000001, MaxInfos = 0x00000032) 
T334C 56332:370.372   [0]: USB, S/N: 801014814
T334C 56332:370.448 - 2.741ms returns 1
T334C 56332:370.616 JLINK_EMU_GetList(InterfaceMask = 0x00000002, MaxInfos = 0x00000032) 
T334C 56332:426.067 - 55.526ms returns 0
T20B0 56332:436.053 JLINK_IsHalted()
T20B0 56332:436.719   CPU_ReadMem(4 bytes @ 0x41002100)
T20B0 56332:437.267 - 1.235ms returns FALSE
T20B0 56332:638.236 JLINK_IsHalted()
T20B0 56332:638.834   CPU_ReadMem(4 bytes @ 0x41002100)
T20B0 56332:639.286 - 1.075ms returns FALSE
T20B0 56332:842.874 JLINK_IsHalted()
T20B0 56332:843.503   CPU_ReadMem(4 bytes @ 0x41002100)
T20B0 56332:843.940 - 1.086ms returns FALSE
T20B0 56333:044.973 JLINK_IsHalted()
T20B0 56333:045.533   CPU_ReadMem(4 bytes @ 0x41002100)
T20B0 56333:045.952 - 0.999ms returns FALSE
T20B0 56333:247.856 JLINK_IsHalted()
T20B0 56333:248.498   CPU_ReadMem(4 bytes @ 0x41002100)
T20B0 56333:248.931 - 1.094ms returns FALSE
T20B0 56333:449.030 JLINK_IsHalted()
T20B0 56333:449.554   CPU_ReadMem(4 bytes @ 0x41002100)
T20B0 56333:450.039 - 1.037ms returns FALSE
T334C 56333:489.314 JLINK_EMU_GetList(InterfaceMask = 0x00000001, MaxInfos = 0x00000032) 
T334C 56333:491.635   [0]: USB, S/N: 801014814
T334C 56333:491.693 - 2.395ms returns 1
T334C 56333:491.835 JLINK_EMU_GetList(InterfaceMask = 0x00000002, MaxInfos = 0x00000032) 
T334C 56333:546.103 - 54.324ms returns 0
T20B0 56333:652.897 JLINK_IsHalted()
T20B0 56333:653.503   CPU_ReadMem(4 bytes @ 0x41002100)
T20B0 56333:653.956 - 1.121ms returns FALSE
T20B0 56333:855.019 JLINK_IsHalted()
T20B0 56333:855.586   CPU_ReadMem(4 bytes @ 0x41002100)
T20B0 56333:856.102 - 1.102ms returns FALSE
T20B0 56334:056.874 JLINK_IsHalted()
T20B0 56334:057.534   CPU_ReadMem(4 bytes @ 0x41002100)
T20B0 56334:057.971 - 1.117ms returns FALSE
T20B0 56334:261.126 JLINK_IsHalted()
T20B0 56334:261.727   CPU_ReadMem(4 bytes @ 0x41002100)
T20B0 56334:262.288 - 1.206ms returns FALSE
T20B0 56334:464.957 JLINK_IsHalted()
T20B0 56334:465.541   CPU_ReadMem(4 bytes @ 0x41002100)
T20B0 56334:466.184 - 1.259ms returns FALSE
T334C 56334:613.221 JLINK_EMU_GetList(InterfaceMask = 0x00000001, MaxInfos = 0x00000032) 
T334C 56334:615.789   [0]: USB, S/N: 801014814
T334C 56334:615.863 - 2.661ms returns 1
T334C 56334:616.044 JLINK_EMU_GetList(InterfaceMask = 0x00000002, MaxInfos = 0x00000032) 
T334C 56334:672.254 - 56.279ms returns 0
T20B0 56334:672.512 JLINK_IsHalted()
T20B0 56334:673.045   CPU_ReadMem(4 bytes @ 0x41002100)
T20B0 56334:673.535 - 1.050ms returns FALSE
T20B0 56334:873.758 JLINK_IsHalted()
T20B0 56334:874.333   CPU_ReadMem(4 bytes @ 0x41002100)
T20B0 56334:874.876 - 1.137ms returns FALSE
T20B0 56335:075.692 JLINK_IsHalted()
T20B0 56335:076.287   CPU_ReadMem(4 bytes @ 0x41002100)
T20B0 56335:076.760 - 1.130ms returns FALSE
T20B0 56335:276.937 JLINK_IsHalted()
T20B0 56335:277.524   CPU_ReadMem(4 bytes @ 0x41002100)
T20B0 56335:277.961 - 1.043ms returns FALSE
T20B0 56335:479.755 JLINK_IsHalted()
T20B0 56335:480.331   CPU_ReadMem(4 bytes @ 0x41002100)
T20B0 56335:480.753 - 1.017ms returns FALSE
T20B0 56335:681.346 JLINK_IsHalted()
T20B0 56335:681.919   CPU_ReadMem(4 bytes @ 0x41002100)
T20B0 56335:682.409 - 1.122ms returns FALSE
T334C 56335:738.767 JLINK_EMU_GetList(InterfaceMask = 0x00000001, MaxInfos = 0x00000032) 
T334C 56335:741.090   [0]: USB, S/N: 801014814
T334C 56335:741.147 - 2.397ms returns 1
T334C 56335:741.296 JLINK_EMU_GetList(InterfaceMask = 0x00000002, MaxInfos = 0x00000032) 
T334C 56335:796.344 - 55.116ms returns 0
T20B0 56335:882.369 JLINK_IsHalted()
T20B0 56335:883.051   CPU_ReadMem(4 bytes @ 0x41002100)
T20B0 56335:883.701 - 1.367ms returns FALSE
T20B0 56336:084.859 JLINK_IsHalted()
T20B0 56336:085.390   CPU_ReadMem(4 bytes @ 0x41002100)
T20B0 56336:085.895 - 1.054ms returns FALSE
T20B0 56336:286.919 JLINK_IsHalted()
T20B0 56336:287.487   CPU_ReadMem(4 bytes @ 0x41002100)
T20B0 56336:287.912 - 1.011ms returns FALSE
T20B0 56336:493.971 JLINK_IsHalted()
T20B0 56336:494.513   CPU_ReadMem(4 bytes @ 0x41002100)
T20B0 56336:494.937 - 0.994ms returns FALSE
T20B0 56336:696.022 JLINK_IsHalted()
T20B0 56336:696.574   CPU_ReadMem(4 bytes @ 0x41002100)
T20B0 56336:697.000 - 1.000ms returns FALSE
T334C 56336:868.067 JLINK_EMU_GetList(InterfaceMask = 0x00000001, MaxInfos = 0x00000032) 
T334C 56336:870.924   [0]: USB, S/N: 801014814
T334C 56336:871.001 - 2.951ms returns 1
T334C 56336:871.147 JLINK_EMU_GetList(InterfaceMask = 0x00000002, MaxInfos = 0x00000032) 
T334C 56336:926.156 - 55.072ms returns 0
T20B0 56336:926.385 JLINK_IsHalted()
T20B0 56336:926.877   CPU_ReadMem(4 bytes @ 0x41002100)
T20B0 56336:927.340 - 0.976ms returns FALSE
T20B0 56337:127.229 JLINK_IsHalted()
T20B0 56337:127.752   CPU_ReadMem(4 bytes @ 0x41002100)
T20B0 56337:128.176 - 0.969ms returns FALSE
T20B0 56337:328.480 JLINK_IsHalted()
T20B0 56337:329.047   CPU_ReadMem(4 bytes @ 0x41002100)
T20B0 56337:329.493 - 1.033ms returns FALSE
T20B0 56337:530.480 JLINK_IsHalted()
T20B0 56337:531.080   CPU_ReadMem(4 bytes @ 0x41002100)
T20B0 56337:531.514 - 1.053ms returns FALSE
T20B0 56337:732.014 JLINK_IsHalted()
T20B0 56337:732.735   CPU_ReadMem(4 bytes @ 0x41002100)
T20B0 56337:733.211 - 1.262ms returns FALSE
T20B0 56337:933.579 JLINK_IsHalted()
T20B0 56337:934.253   CPU_ReadMem(4 bytes @ 0x41002100)
T20B0 56337:934.777 - 1.229ms returns FALSE
T334C 56337:997.531 JLINK_EMU_GetList(InterfaceMask = 0x00000001, MaxInfos = 0x00000032) 
T334C 56338:000.230   [0]: USB, S/N: 801014814
T334C 56338:000.319 - 2.806ms returns 1
T334C 56338:000.490 JLINK_EMU_GetList(InterfaceMask = 0x00000002, MaxInfos = 0x00000032) 
T334C 56338:057.045 - 56.622ms returns 0
T20B0 56338:136.962 JLINK_IsHalted()
T20B0 56338:137.512   CPU_ReadMem(4 bytes @ 0x41002100)
T20B0 56338:138.005 - 1.062ms returns FALSE
T20B0 56338:342.414 JLINK_IsHalted()
T20B0 56338:343.008   CPU_ReadMem(4 bytes @ 0x41002100)
T20B0 56338:343.488 - 1.100ms returns FALSE
T20B0 56338:548.328 JLINK_IsHalted()
T20B0 56338:548.957   CPU_ReadMem(4 bytes @ 0x41002100)
T20B0 56338:549.472 - 1.173ms returns FALSE
T20B0 56338:748.910 JLINK_IsHalted()
T20B0 56338:749.500   CPU_ReadMem(4 bytes @ 0x41002100)
T20B0 56338:750.005 - 1.130ms returns FALSE
T20B0 56338:950.985 JLINK_IsHalted()
T20B0 56338:951.582   CPU_ReadMem(4 bytes @ 0x41002100)
T20B0 56338:952.059 - 1.138ms returns FALSE
T334C 56339:123.950 JLINK_EMU_GetList(InterfaceMask = 0x00000001, MaxInfos = 0x00000032) 
T334C 56339:126.456   [0]: USB, S/N: 801014814
T334C 56339:126.517 - 2.583ms returns 1
T334C 56339:126.733 JLINK_EMU_GetList(InterfaceMask = 0x00000002, MaxInfos = 0x00000032) 
T334C 56339:181.899 - 55.225ms returns 0
T20B0 56339:182.120 JLINK_IsHalted()
T20B0 56339:182.767   CPU_ReadMem(4 bytes @ 0x41002100)
T20B0 56339:183.330 - 1.252ms returns FALSE
T20B0 56339:383.738 JLINK_IsHalted()
T20B0 56339:384.289   CPU_ReadMem(4 bytes @ 0x41002100)
T20B0 56339:384.776 - 1.057ms returns FALSE
T20B0 56339:585.705 JLINK_IsHalted()
T20B0 56339:586.355   CPU_ReadMem(4 bytes @ 0x41002100)
T20B0 56339:586.781 - 1.095ms returns FALSE
T20B0 56339:787.261 JLINK_IsHalted()
T20B0 56339:787.834   CPU_ReadMem(4 bytes @ 0x41002100)
T20B0 56339:788.277 - 1.036ms returns FALSE
T20B0 56339:988.439 JLINK_IsHalted()
T20B0 56339:989.110   CPU_ReadMem(4 bytes @ 0x41002100)
T20B0 56339:989.536 - 1.116ms returns FALSE
T20B0 56340:191.024 JLINK_IsHalted()
T20B0 56340:191.583   CPU_ReadMem(4 bytes @ 0x41002100)
T20B0 56340:192.013 - 1.008ms returns FALSE
T334C 56340:249.257 JLINK_EMU_GetList(InterfaceMask = 0x00000001, MaxInfos = 0x00000032) 
T334C 56340:251.904   [0]: USB, S/N: 801014814
T334C 56340:251.992 - 2.752ms returns 1
T334C 56340:252.159 JLINK_EMU_GetList(InterfaceMask = 0x00000002, MaxInfos = 0x00000032) 
T334C 56340:308.131 - 56.042ms returns 0
T20B0 56340:394.580 JLINK_IsHalted()
T20B0 56340:395.161   CPU_ReadMem(4 bytes @ 0x41002100)
T20B0 56340:395.610 - 1.049ms returns FALSE
T20B0 56340:598.319 JLINK_IsHalted()
T20B0 56340:598.875   CPU_ReadMem(4 bytes @ 0x41002100)
T20B0 56340:599.302 - 1.007ms returns FALSE
T20B0 56340:801.127 JLINK_IsHalted()
T20B0 56340:801.789   CPU_ReadMem(4 bytes @ 0x41002100)
T20B0 56340:802.250 - 1.142ms returns FALSE
T20B0 56341:003.789 JLINK_IsHalted()
T20B0 56341:004.400   CPU_ReadMem(4 bytes @ 0x41002100)
T20B0 56341:004.847 - 1.077ms returns FALSE
T20B0 56341:206.028 JLINK_IsHalted()
T20B0 56341:206.612   CPU_ReadMem(4 bytes @ 0x41002100)
T20B0 56341:207.208 - 1.223ms returns FALSE
T20B0 56341:412.373 JLINK_IsHalted()
T20B0 56341:412.954   CPU_ReadMem(4 bytes @ 0x41002100)
T20B0 56341:413.491 - 1.137ms returns FALSE
T20B0 56341:614.945 JLINK_IsHalted()
T20B0 56341:615.584   CPU_ReadMem(4 bytes @ 0x41002100)
T20B0 56341:616.026 - 1.104ms returns FALSE
T20B0 56341:816.222 JLINK_IsHalted()
T20B0 56341:816.832   CPU_ReadMem(4 bytes @ 0x41002100)
T20B0 56341:817.278 - 1.076ms returns FALSE
T20B0 56342:017.850 JLINK_IsHalted()
T20B0 56342:018.429   CPU_ReadMem(4 bytes @ 0x41002100)
T20B0 56342:018.963 - 1.132ms returns FALSE
T20B0 56342:222.262 JLINK_IsHalted()
T20B0 56342:222.945   CPU_ReadMem(4 bytes @ 0x41002100)
T20B0 56342:223.376 - 1.134ms returns FALSE
T20B0 56342:429.205 JLINK_IsHalted()
T20B0 56342:429.798   CPU_ReadMem(4 bytes @ 0x41002100)
T20B0 56342:430.220 - 1.034ms returns FALSE
T20B0 56342:630.775 JLINK_IsHalted()
T20B0 56342:631.369   CPU_ReadMem(4 bytes @ 0x41002100)
T20B0 56342:631.803 - 1.047ms returns FALSE
T20B0 56342:833.308 JLINK_IsHalted()
T20B0 56342:833.873   CPU_ReadMem(4 bytes @ 0x41002100)
T20B0 56342:834.309 - 1.020ms returns FALSE
T20B0 56343:038.634 JLINK_IsHalted()
T20B0 56343:039.202   CPU_ReadMem(4 bytes @ 0x41002100)
T20B0 56343:039.720 - 1.105ms returns FALSE
T20B0 56343:240.965 JLINK_IsHalted()
T20B0 56343:241.576   CPU_ReadMem(4 bytes @ 0x41002100)
T20B0 56343:242.089 - 1.151ms returns FALSE
T20B0 56343:448.255 JLINK_IsHalted()
T20B0 56343:448.872   CPU_ReadMem(4 bytes @ 0x41002100)
T20B0 56343:449.501 - 1.281ms returns FALSE
T20B0 56343:650.836 JLINK_IsHalted()
T20B0 56343:651.430   CPU_ReadMem(4 bytes @ 0x41002100)
T20B0 56343:651.918 - 1.104ms returns FALSE
T20B0 56343:854.078 JLINK_IsHalted()
T20B0 56343:854.708   CPU_ReadMem(4 bytes @ 0x41002100)
T20B0 56343:855.141 - 1.082ms returns FALSE
T20B0 56344:056.844 JLINK_IsHalted()
T20B0 56344:057.427   CPU_ReadMem(4 bytes @ 0x41002100)
T20B0 56344:057.960 - 1.135ms returns FALSE
T20B0 56344:259.670 JLINK_IsHalted()
T20B0 56344:260.266   CPU_ReadMem(4 bytes @ 0x41002100)
T20B0 56344:260.702 - 1.056ms returns FALSE
T20B0 56344:463.747 JLINK_IsHalted()
T20B0 56344:464.333   CPU_ReadMem(4 bytes @ 0x41002100)
T20B0 56344:464.769 - 1.041ms returns FALSE
T20B0 56344:664.981 JLINK_IsHalted()
T20B0 56344:665.734   CPU_ReadMem(4 bytes @ 0x41002100)
T20B0 56344:666.197 - 1.283ms returns FALSE
T20B0 56344:867.455 JLINK_IsHalted()
T20B0 56344:868.022   CPU_ReadMem(4 bytes @ 0x41002100)
T20B0 56344:868.513 - 1.121ms returns FALSE
T20B0 56345:068.657 JLINK_IsHalted()
T20B0 56345:069.231   CPU_ReadMem(4 bytes @ 0x41002100)
T20B0 56345:069.744 - 1.106ms returns FALSE
T20B0 56345:273.924 JLINK_IsHalted()
T20B0 56345:274.512   CPU_ReadMem(4 bytes @ 0x41002100)
T20B0 56345:275.040 - 1.135ms returns FALSE
T20B0 56345:475.179 JLINK_IsHalted()
T20B0 56345:475.789   CPU_ReadMem(4 bytes @ 0x41002100)
T20B0 56345:476.257 - 1.099ms returns FALSE
T20B0 56345:677.608 JLINK_IsHalted()
T20B0 56345:678.165   CPU_ReadMem(4 bytes @ 0x41002100)
T20B0 56345:678.709 - 1.121ms returns FALSE
T20B0 56345:879.576 JLINK_IsHalted()
T20B0 56345:880.239   CPU_ReadMem(4 bytes @ 0x41002100)
T20B0 56345:880.702 - 1.146ms returns FALSE
T20B0 56346:081.294 JLINK_IsHalted()
T20B0 56346:081.805   CPU_ReadMem(4 bytes @ 0x41002100)
T20B0 56346:082.237 - 1.373ms returns FALSE
T20B0 56346:284.409 JLINK_IsHalted()
T20B0 56346:284.933   CPU_ReadMem(4 bytes @ 0x41002100)
T20B0 56346:285.338 - 0.949ms returns FALSE
T20B0 56346:486.401 JLINK_IsHalted()
T20B0 56346:486.932   CPU_ReadMem(4 bytes @ 0x41002100)
T20B0 56346:487.395 - 1.017ms returns FALSE
T20B0 56346:691.555 JLINK_IsHalted()
T20B0 56346:692.093   CPU_ReadMem(4 bytes @ 0x41002100)
T20B0 56346:692.518 - 0.982ms returns FALSE
T20B0 56346:892.503 JLINK_IsHalted()
T20B0 56346:893.048   CPU_ReadMem(4 bytes @ 0x41002100)
T20B0 56346:893.480 - 0.997ms returns FALSE
T20B0 56347:095.622 JLINK_IsHalted()
T20B0 56347:096.116   CPU_ReadMem(4 bytes @ 0x41002100)
T20B0 56347:096.531 - 0.928ms returns FALSE
T20B0 56347:297.698 JLINK_IsHalted()
T20B0 56347:298.297   CPU_ReadMem(4 bytes @ 0x41002100)
T20B0 56347:298.950 - 1.278ms returns FALSE
T20B0 56347:502.331 JLINK_IsHalted()
T20B0 56347:502.896   CPU_ReadMem(4 bytes @ 0x41002100)
T20B0 56347:503.320 - 1.008ms returns FALSE
T20B0 56347:703.959 JLINK_IsHalted()
T20B0 56347:704.529   CPU_ReadMem(4 bytes @ 0x41002100)
T20B0 56347:704.965 - 1.025ms returns FALSE
T20B0 56347:905.502 JLINK_IsHalted()
T20B0 56347:906.083   CPU_ReadMem(4 bytes @ 0x41002100)
T20B0 56347:906.523 - 1.041ms returns FALSE
T20B0 56348:107.873 JLINK_IsHalted()
T20B0 56348:108.513   CPU_ReadMem(4 bytes @ 0x41002100)
T20B0 56348:108.939 - 1.085ms returns FALSE
T20B0 56348:310.376 JLINK_IsHalted()
T20B0 56348:311.067   CPU_ReadMem(4 bytes @ 0x41002100)
T20B0 56348:311.492 - 1.135ms returns FALSE
T20B0 56348:513.221 JLINK_IsHalted()
T20B0 56348:513.789   CPU_ReadMem(4 bytes @ 0x41002100)
T20B0 56348:514.310 - 1.113ms returns FALSE
T20B0 56348:714.505 JLINK_IsHalted()
T20B0 56348:715.173   CPU_ReadMem(4 bytes @ 0x41002100)
T20B0 56348:715.696 - 1.219ms returns FALSE
T20B0 56348:915.651 JLINK_IsHalted()
T20B0 56348:916.229   CPU_ReadMem(4 bytes @ 0x41002100)
T20B0 56348:916.741 - 1.111ms returns FALSE
T20B0 56349:119.609 JLINK_IsHalted()
T20B0 56349:120.192   CPU_ReadMem(4 bytes @ 0x41002100)
T20B0 56349:120.715 - 1.125ms returns FALSE
T20B0 56349:326.319 JLINK_IsHalted()
T20B0 56349:326.891   CPU_ReadMem(4 bytes @ 0x41002100)
T20B0 56349:327.498 - 1.198ms returns FALSE
T20B0 56349:529.497 JLINK_IsHalted()
T20B0 56349:530.060   CPU_ReadMem(4 bytes @ 0x41002100)
T20B0 56349:530.532 - 1.100ms returns FALSE
T20B0 56349:731.088 JLINK_IsHalted()
T20B0 56349:731.810   CPU_ReadMem(4 bytes @ 0x41002100)
T20B0 56349:732.272 - 1.211ms returns FALSE
T20B0 56349:936.214 JLINK_IsHalted()
T20B0 56349:936.784   CPU_ReadMem(4 bytes @ 0x41002100)
T20B0 56349:937.209 - 1.014ms returns FALSE
T20B0 56350:137.523 JLINK_IsHalted()
T20B0 56350:138.098   CPU_ReadMem(4 bytes @ 0x41002100)
T20B0 56350:138.624 - 1.120ms returns FALSE
T20B0 56350:340.721 JLINK_IsHalted()
T20B0 56350:341.298   CPU_ReadMem(4 bytes @ 0x41002100)
T20B0 56350:341.728 - 1.026ms returns FALSE
T20B0 56350:542.196 JLINK_IsHalted()
T20B0 56350:542.783   CPU_ReadMem(4 bytes @ 0x41002100)
T20B0 56350:543.211 - 1.034ms returns FALSE
T20B0 56350:744.823 JLINK_IsHalted()
T20B0 56350:745.392   CPU_ReadMem(4 bytes @ 0x41002100)
T20B0 56350:745.828 - 1.024ms returns FALSE
T20B0 56350:947.660 JLINK_IsHalted()
T20B0 56350:948.219   CPU_ReadMem(4 bytes @ 0x41002100)
T20B0 56350:948.878 - 1.284ms returns FALSE
T20B0 56351:149.048 JLINK_IsHalted()
T20B0 56351:149.725   CPU_ReadMem(4 bytes @ 0x41002100)
T20B0 56351:150.251 - 1.223ms returns FALSE
T20B0 56351:351.754 JLINK_IsHalted()
T20B0 56351:352.337   CPU_ReadMem(4 bytes @ 0x41002100)
T20B0 56351:352.759 - 1.024ms returns FALSE
T20B0 56351:552.549 JLINK_IsHalted()
T20B0 56351:553.118   CPU_ReadMem(4 bytes @ 0x41002100)
T20B0 56351:553.722 - 1.193ms returns FALSE
T20B0 56351:758.572 JLINK_IsHalted()
T20B0 56351:759.143   CPU_ReadMem(4 bytes @ 0x41002100)
T20B0 56351:759.573 - 1.020ms returns FALSE
T20B0 56351:960.914 JLINK_IsHalted()
T20B0 56351:961.513   CPU_ReadMem(4 bytes @ 0x41002100)
T20B0 56351:961.935 - 1.041ms returns FALSE
T20B0 56352:163.734 JLINK_IsHalted()
T20B0 56352:164.330   CPU_ReadMem(4 bytes @ 0x41002100)
T20B0 56352:164.754 - 1.039ms returns FALSE
T20B0 56352:369.220 JLINK_IsHalted()
T20B0 56352:369.788   CPU_ReadMem(4 bytes @ 0x41002100)
T20B0 56352:370.216 - 1.017ms returns FALSE
T20B0 56352:571.079 JLINK_IsHalted()
T20B0 56352:571.644   CPU_ReadMem(4 bytes @ 0x41002100)
T20B0 56352:572.076 - 1.016ms returns FALSE
T20B0 56352:772.550 JLINK_IsHalted()
T20B0 56352:773.080   CPU_ReadMem(4 bytes @ 0x41002100)
T20B0 56352:773.577 - 1.047ms returns FALSE
T20B0 56352:974.499 JLINK_IsHalted()
T20B0 56352:975.094   CPU_ReadMem(4 bytes @ 0x41002100)
T20B0 56352:975.583 - 1.115ms returns FALSE
T20B0 56353:180.389 JLINK_IsHalted()
T20B0 56353:180.964   CPU_ReadMem(4 bytes @ 0x41002100)
T20B0 56353:181.415 - 1.045ms returns FALSE
T20B0 56353:384.021 JLINK_IsHalted()
T20B0 56353:384.615   CPU_ReadMem(4 bytes @ 0x41002100)
T20B0 56353:385.097 - 1.138ms returns FALSE
T20B0 56353:585.836 JLINK_IsHalted()
T20B0 56353:586.418   CPU_ReadMem(4 bytes @ 0x41002100)
T20B0 56353:586.979 - 1.163ms returns FALSE
T20B0 56353:789.689 JLINK_IsHalted()
T20B0 56353:790.267   CPU_ReadMem(4 bytes @ 0x41002100)
T20B0 56353:790.711 - 1.041ms returns FALSE
T20B0 56353:993.032 JLINK_IsHalted()
T20B0 56353:993.588   CPU_ReadMem(4 bytes @ 0x41002100)
T20B0 56353:994.097 - 1.131ms returns FALSE
T20B0 56354:197.689 JLINK_IsHalted()
T20B0 56354:198.330   CPU_ReadMem(4 bytes @ 0x41002100)
T20B0 56354:198.801 - 1.180ms returns FALSE
T20B0 56354:400.103 JLINK_IsHalted()
T20B0 56354:400.729   CPU_ReadMem(4 bytes @ 0x41002100)
T20B0 56354:401.148 - 1.064ms returns FALSE
T20B0 56354:603.264 JLINK_IsHalted()
T20B0 56354:603.825   CPU_ReadMem(4 bytes @ 0x41002100)
T20B0 56354:604.336 - 1.139ms returns FALSE
T20B0 56354:810.146 JLINK_IsHalted()
T20B0 56354:810.736   CPU_ReadMem(4 bytes @ 0x41002100)
T20B0 56354:811.165 - 1.039ms returns FALSE
T20B0 56355:013.938 JLINK_IsHalted()
T20B0 56355:014.561   CPU_ReadMem(4 bytes @ 0x41002100)
T20B0 56355:015.058 - 1.216ms returns FALSE
T20B0 56355:216.341 JLINK_IsHalted()
T20B0 56355:216.905   CPU_ReadMem(4 bytes @ 0x41002100)
T20B0 56355:217.336 - 1.015ms returns FALSE
T20B0 56355:418.378 JLINK_IsHalted()
T20B0 56355:418.965   CPU_ReadMem(4 bytes @ 0x41002100)
T20B0 56355:419.389 - 1.030ms returns FALSE
T20B0 56355:620.178 JLINK_IsHalted()
T20B0 56355:620.765   CPU_ReadMem(4 bytes @ 0x41002100)
T20B0 56355:621.273 - 1.130ms returns FALSE
T20B0 56355:821.750 JLINK_IsHalted()
T20B0 56355:822.401   CPU_ReadMem(4 bytes @ 0x41002100)
T20B0 56355:822.825 - 1.095ms returns FALSE
T20B0 56356:024.639 JLINK_IsHalted()
T20B0 56356:025.228   CPU_ReadMem(4 bytes @ 0x41002100)
T20B0 56356:025.711 - 1.091ms returns FALSE
T20B0 56356:229.001 JLINK_IsHalted()
T20B0 56356:229.618   CPU_ReadMem(4 bytes @ 0x41002100)
T20B0 56356:230.407 - 1.441ms returns FALSE
T20B0 56356:431.045 JLINK_IsHalted()
T20B0 56356:431.534   CPU_ReadMem(4 bytes @ 0x41002100)
T20B0 56356:431.980 - 0.990ms returns FALSE
T20B0 56356:634.090 JLINK_IsHalted()
T20B0 56356:634.639   CPU_ReadMem(4 bytes @ 0x41002100)
T20B0 56356:635.117 - 1.056ms returns FALSE
T20B0 56356:835.191 JLINK_IsHalted()
T20B0 56356:835.727   CPU_ReadMem(4 bytes @ 0x41002100)
T20B0 56356:836.169 - 1.002ms returns FALSE
T20B0 56357:037.193 JLINK_IsHalted()
T20B0 56357:037.715   CPU_ReadMem(4 bytes @ 0x41002100)
T20B0 56357:038.148 - 0.973ms returns FALSE
T20B0 56357:238.197 JLINK_IsHalted()
T20B0 56357:238.730   CPU_ReadMem(4 bytes @ 0x41002100)
T20B0 56357:239.162 - 0.988ms returns FALSE
T20B0 56357:439.821 JLINK_IsHalted()
T20B0 56357:440.381   CPU_ReadMem(4 bytes @ 0x41002100)
T20B0 56357:440.882 - 1.080ms returns FALSE
T20B0 56357:642.364 JLINK_IsHalted()
T20B0 56357:642.921   CPU_ReadMem(4 bytes @ 0x41002100)
T20B0 56357:643.332 - 0.983ms returns FALSE
T20B0 56357:845.810 JLINK_IsHalted()
T20B0 56357:846.371   CPU_ReadMem(4 bytes @ 0x41002100)
T20B0 56357:846.764 - 0.969ms returns FALSE
T20B0 56358:046.899 JLINK_IsHalted()
T20B0 56358:047.500   CPU_ReadMem(4 bytes @ 0x41002100)
T20B0 56358:047.907 - 1.023ms returns FALSE
T20B0 56358:248.210 JLINK_IsHalted()
T20B0 56358:248.824   CPU_ReadMem(4 bytes @ 0x41002100)
T20B0 56358:249.257 - 1.061ms returns FALSE
T20B0 56358:451.835 JLINK_IsHalted()
T20B0 56358:452.396   CPU_ReadMem(4 bytes @ 0x41002100)
T20B0 56358:452.843 - 1.028ms returns FALSE
T20B0 56358:654.597 JLINK_IsHalted()
T20B0 56358:655.149   CPU_ReadMem(4 bytes @ 0x41002100)
T20B0 56358:655.548 - 0.967ms returns FALSE
T20B0 56358:856.597 JLINK_IsHalted()
T20B0 56358:857.279   CPU_ReadMem(4 bytes @ 0x41002100)
T20B0 56358:857.711 - 1.145ms returns FALSE
T20B0 56359:058.101 JLINK_IsHalted()
T20B0 56359:058.739   CPU_ReadMem(4 bytes @ 0x41002100)
T20B0 56359:059.158 - 1.074ms returns FALSE
T20B0 56359:263.405 JLINK_IsHalted()
T20B0 56359:263.952   CPU_ReadMem(4 bytes @ 0x41002100)
T20B0 56359:264.360 - 0.969ms returns FALSE
T20B0 56359:464.796 JLINK_IsHalted()
T20B0 56359:465.346   CPU_ReadMem(4 bytes @ 0x41002100)
T20B0 56359:465.783 - 1.002ms returns FALSE
T20B0 56359:666.127 JLINK_IsHalted()
T20B0 56359:666.738   CPU_ReadMem(4 bytes @ 0x41002100)
T20B0 56359:667.186 - 1.120ms returns FALSE
T20B0 56359:870.815 JLINK_IsHalted()
T20B0 56359:871.337   CPU_ReadMem(4 bytes @ 0x41002100)
T20B0 56359:871.817 - 1.017ms returns FALSE
T20B0 56360:075.420 JLINK_IsHalted()
T20B0 56360:075.986   CPU_ReadMem(4 bytes @ 0x41002100)
T20B0 56360:076.492 - 1.112ms returns FALSE
T20B0 56360:277.120 JLINK_IsHalted()
T20B0 56360:277.734   CPU_ReadMem(4 bytes @ 0x41002100)
T20B0 56360:278.126 - 1.022ms returns FALSE
T20B0 56360:479.213 JLINK_IsHalted()
T20B0 56360:479.779   CPU_ReadMem(4 bytes @ 0x41002100)
T20B0 56360:480.171 - 0.974ms returns FALSE
T20B0 56360:680.411 JLINK_IsHalted()
T20B0 56360:680.946   CPU_ReadMem(4 bytes @ 0x41002100)
T20B0 56360:681.369 - 0.973ms returns FALSE
T20B0 56360:881.654 JLINK_IsHalted()
T20B0 56360:882.265   CPU_ReadMem(4 bytes @ 0x41002100)
T20B0 56360:882.741 - 1.145ms returns FALSE
T20B0 56361:084.053 JLINK_IsHalted()
T20B0 56361:084.610   CPU_ReadMem(4 bytes @ 0x41002100)
T20B0 56361:085.006 - 0.968ms returns FALSE
T20B0 56361:285.806 JLINK_IsHalted()
T20B0 56361:286.339   CPU_ReadMem(4 bytes @ 0x41002100)
T20B0 56361:286.736 - 0.944ms returns FALSE
T20B0 56361:487.309 JLINK_IsHalted()
T20B0 56361:487.861   CPU_ReadMem(4 bytes @ 0x41002100)
T20B0 56361:488.260 - 0.969ms returns FALSE
T20B0 56361:688.384 JLINK_IsHalted()
T20B0 56361:688.942   CPU_ReadMem(4 bytes @ 0x41002100)
T20B0 56361:689.301 - 0.930ms returns FALSE
T20B0 56361:890.690 JLINK_IsHalted()
T20B0 56361:891.229   CPU_ReadMem(4 bytes @ 0x41002100)
T20B0 56361:891.618 - 0.944ms returns FALSE
T20B0 56362:091.603 JLINK_IsHalted()
T20B0 56362:092.146   CPU_ReadMem(4 bytes @ 0x41002100)
T20B0 56362:092.545 - 0.959ms returns FALSE
T20B0 56362:294.260 JLINK_IsHalted()
T20B0 56362:294.722   CPU_ReadMem(4 bytes @ 0x41002100)
T20B0 56362:295.086 - 0.839ms returns FALSE
T20B0 56362:495.460 JLINK_IsHalted()
T20B0 56362:495.983   CPU_ReadMem(4 bytes @ 0x41002100)
T20B0 56362:496.378 - 0.933ms returns FALSE
T20B0 56362:696.382 JLINK_IsHalted()
T20B0 56362:696.932   CPU_ReadMem(4 bytes @ 0x41002100)
T20B0 56362:697.325 - 0.958ms returns FALSE
T20B0 56362:897.360 JLINK_IsHalted()
T20B0 56362:897.963   CPU_ReadMem(4 bytes @ 0x41002100)
T20B0 56362:898.397 - 1.063ms returns FALSE
T20B0 56363:099.851 JLINK_IsHalted()
T20B0 56363:100.438   CPU_ReadMem(4 bytes @ 0x41002100)
T20B0 56363:100.865 - 1.030ms returns FALSE
T20B0 56363:304.583 JLINK_IsHalted()
T20B0 56363:305.105   CPU_ReadMem(4 bytes @ 0x41002100)
T20B0 56363:305.505 - 0.937ms returns FALSE
T20B0 56363:505.991 JLINK_IsHalted()
T20B0 56363:506.571   CPU_ReadMem(4 bytes @ 0x41002100)
T20B0 56363:507.067 - 1.093ms returns FALSE
T20B0 56363:708.109 JLINK_IsHalted()
T20B0 56363:708.728   CPU_ReadMem(4 bytes @ 0x41002100)
T20B0 56363:709.128 - 1.034ms returns FALSE
T20B0 56363:913.227 JLINK_IsHalted()
T20B0 56363:913.750   CPU_ReadMem(4 bytes @ 0x41002100)
T20B0 56363:914.147 - 0.936ms returns FALSE
T20B0 56364:114.254 JLINK_IsHalted()
T20B0 56364:114.919   CPU_ReadMem(4 bytes @ 0x41002100)
T20B0 56364:115.352 - 1.157ms returns FALSE
T20B0 56364:315.390 JLINK_IsHalted()
T20B0 56364:315.879   CPU_ReadMem(4 bytes @ 0x41002100)
T20B0 56364:316.276 - 0.905ms returns FALSE
T20B0 56364:518.015 JLINK_IsHalted()
T20B0 56364:518.724   CPU_ReadMem(4 bytes @ 0x41002100)
T20B0 56364:519.121 - 1.120ms returns FALSE
T20B0 56364:722.641 JLINK_IsHalted()
T20B0 56364:723.121   CPU_ReadMem(4 bytes @ 0x41002100)
T20B0 56364:723.520 - 0.894ms returns FALSE
T20B0 56364:924.304 JLINK_IsHalted()
T20B0 56364:924.852   CPU_ReadMem(4 bytes @ 0x41002100)
T20B0 56364:925.246 - 0.957ms returns FALSE
T20B0 56365:126.731 JLINK_IsHalted()
T20B0 56365:127.264   CPU_ReadMem(4 bytes @ 0x41002100)
T20B0 56365:127.708 - 0.992ms returns FALSE
T20B0 56365:329.665 JLINK_IsHalted()
T20B0 56365:330.219   CPU_ReadMem(4 bytes @ 0x41002100)
T20B0 56365:330.604 - 0.955ms returns FALSE
T20B0 56365:531.085 JLINK_IsHalted()
T20B0 56365:531.747   CPU_ReadMem(4 bytes @ 0x41002100)
T20B0 56365:532.179 - 1.111ms returns FALSE
T20B0 56365:735.059 JLINK_IsHalted()
T20B0 56365:735.559   CPU_ReadMem(4 bytes @ 0x41002100)
T20B0 56365:736.025 - 0.983ms returns FALSE
T20B0 56365:936.678 JLINK_IsHalted()
T20B0 56365:937.227   CPU_ReadMem(4 bytes @ 0x41002100)
T20B0 56365:937.623 - 0.961ms returns FALSE
T20B0 56366:142.925 JLINK_IsHalted()
T20B0 56366:143.394   CPU_ReadMem(4 bytes @ 0x41002100)
T20B0 56366:143.774 - 0.868ms returns FALSE
T20B0 56366:344.838 JLINK_IsHalted()
T20B0 56366:345.324   CPU_ReadMem(4 bytes @ 0x41002100)
T20B0 56366:345.769 - 0.944ms returns FALSE
T20B0 56366:545.935 JLINK_IsHalted()
T20B0 56366:546.420   CPU_ReadMem(4 bytes @ 0x41002100)
T20B0 56366:546.860 - 0.937ms returns FALSE
T20B0 56366:747.907 JLINK_IsHalted()
T20B0 56366:748.407   CPU_ReadMem(4 bytes @ 0x41002100)
T20B0 56366:748.885 - 1.023ms returns FALSE
T20B0 56366:950.295 JLINK_IsHalted()
T20B0 56366:950.780   CPU_ReadMem(4 bytes @ 0x41002100)
T20B0 56366:951.201 - 0.921ms returns FALSE
T20B0 56367:153.004 JLINK_IsHalted()
T20B0 56367:153.662   CPU_ReadMem(4 bytes @ 0x41002100)
T20B0 56367:154.178 - 1.189ms returns FALSE
T20B0 56367:354.837 JLINK_IsHalted()
T20B0 56367:355.355   CPU_ReadMem(4 bytes @ 0x41002100)
T20B0 56367:355.745 - 0.923ms returns FALSE
T20B0 56367:555.653 JLINK_IsHalted()
T20B0 56367:556.210   CPU_ReadMem(4 bytes @ 0x41002100)
T20B0 56367:556.609 - 0.971ms returns FALSE
T20B0 56367:758.679 JLINK_IsHalted()
T20B0 56367:759.246   CPU_ReadMem(4 bytes @ 0x41002100)
T20B0 56367:759.700 - 1.037ms returns FALSE
T20B0 56367:959.849 JLINK_IsHalted()
T20B0 56367:960.380   CPU_ReadMem(4 bytes @ 0x41002100)
T20B0 56367:960.784 - 0.949ms returns FALSE
T20B0 56368:161.953 JLINK_IsHalted()
T20B0 56368:162.522   CPU_ReadMem(4 bytes @ 0x41002100)
T20B0 56368:162.924 - 0.986ms returns FALSE
T20B0 56368:363.292 JLINK_IsHalted()
T20B0 56368:363.831   CPU_ReadMem(4 bytes @ 0x41002100)
T20B0 56368:364.258 - 0.982ms returns FALSE
T20B0 56368:564.276 JLINK_IsHalted()
T20B0 56368:564.912   CPU_ReadMem(4 bytes @ 0x41002100)
T20B0 56368:565.498 - 1.259ms returns FALSE
T20B0 56368:766.574 JLINK_IsHalted()
T20B0 56368:767.305   CPU_ReadMem(4 bytes @ 0x41002100)
T20B0 56368:767.697 - 1.136ms returns FALSE
T20B0 56368:969.802 JLINK_IsHalted()
T20B0 56368:970.344   CPU_ReadMem(4 bytes @ 0x41002100)
T20B0 56368:970.753 - 0.965ms returns FALSE
T20B0 56369:171.089 JLINK_IsHalted()
T20B0 56369:171.649   CPU_ReadMem(4 bytes @ 0x41002100)
T20B0 56369:172.155 - 1.105ms returns FALSE
T20B0 56369:377.642 JLINK_IsHalted()
T20B0 56369:378.176   CPU_ReadMem(4 bytes @ 0x41002100)
T20B0 56369:378.584 - 0.957ms returns FALSE
T20B0 56369:579.629 JLINK_IsHalted()
T20B0 56369:580.205   CPU_ReadMem(4 bytes @ 0x41002100)
T20B0 56369:580.720 - 1.135ms returns FALSE
T20B0 56369:780.592 JLINK_IsHalted()
T20B0 56369:781.170   CPU_ReadMem(4 bytes @ 0x41002100)
T20B0 56369:781.737 - 1.164ms returns FALSE
T20B0 56369:981.751 JLINK_IsHalted()
T20B0 56369:982.318   CPU_ReadMem(4 bytes @ 0x41002100)
T20B0 56369:982.715 - 0.979ms returns FALSE
T20B0 56370:185.917 JLINK_IsHalted()
T20B0 56370:186.509   CPU_ReadMem(4 bytes @ 0x41002100)
T20B0 56370:186.903 - 1.001ms returns FALSE
T20B0 56370:388.443 JLINK_IsHalted()
T20B0 56370:389.124   CPU_ReadMem(4 bytes @ 0x41002100)
T20B0 56370:389.515 - 1.087ms returns FALSE
T20B0 56370:590.798 JLINK_IsHalted()
T20B0 56370:591.345   CPU_ReadMem(4 bytes @ 0x41002100)
T20B0 56370:591.751 - 0.969ms returns FALSE
T20B0 56370:795.283 JLINK_IsHalted()
T20B0 56370:795.850   CPU_ReadMem(4 bytes @ 0x41002100)
T20B0 56370:796.369 - 1.129ms returns FALSE
T20B0 56370:997.072 JLINK_IsHalted()
T20B0 56370:997.638   CPU_ReadMem(4 bytes @ 0x41002100)
T20B0 56370:998.079 - 1.029ms returns FALSE
T20B0 56371:197.756 JLINK_IsHalted()
T20B0 56371:198.360   CPU_ReadMem(4 bytes @ 0x41002100)
T20B0 56371:198.866 - 1.133ms returns FALSE
T20B0 56371:402.266 JLINK_IsHalted()
T20B0 56371:402.841   CPU_ReadMem(4 bytes @ 0x41002100)
T20B0 56371:403.281 - 1.031ms returns FALSE
T20B0 56371:604.042 JLINK_IsHalted()
T20B0 56371:604.604   CPU_ReadMem(4 bytes @ 0x41002100)
T20B0 56371:605.000 - 0.973ms returns FALSE
T20B0 56371:805.516 JLINK_IsHalted()
T20B0 56371:806.184   CPU_ReadMem(4 bytes @ 0x41002100)
T20B0 56371:806.579 - 1.077ms returns FALSE
T20B0 56372:009.022 JLINK_IsHalted()
T20B0 56372:009.555   CPU_ReadMem(4 bytes @ 0x41002100)
T20B0 56372:009.963 - 0.957ms returns FALSE
T20B0 56372:210.494 JLINK_IsHalted()
T20B0 56372:211.040   CPU_ReadMem(4 bytes @ 0x41002100)
T20B0 56372:211.508 - 1.030ms returns FALSE
T20B0 56372:412.755 JLINK_IsHalted()
T20B0 56372:413.300   CPU_ReadMem(4 bytes @ 0x41002100)
T20B0 56372:413.757 - 1.018ms returns FALSE
T20B0 56372:617.989 JLINK_IsHalted()
T20B0 56372:618.540   CPU_ReadMem(4 bytes @ 0x41002100)
T20B0 56372:618.935 - 0.961ms returns FALSE
T20B0 56372:819.748 JLINK_IsHalted()
T20B0 56372:820.279   CPU_ReadMem(4 bytes @ 0x41002100)
T20B0 56372:820.734 - 1.002ms returns FALSE
T20B0 56373:022.474 JLINK_IsHalted()
T20B0 56373:023.017   CPU_ReadMem(4 bytes @ 0x41002100)
T20B0 56373:023.416 - 0.957ms returns FALSE
T20B0 56373:224.259 JLINK_IsHalted()
T20B0 56373:224.813   CPU_ReadMem(4 bytes @ 0x41002100)
T20B0 56373:225.258 - 1.014ms returns FALSE
T20B0 56373:426.382 JLINK_IsHalted()
T20B0 56373:426.942   CPU_ReadMem(4 bytes @ 0x41002100)
T20B0 56373:427.349 - 0.983ms returns FALSE
T20B0 56373:630.107 JLINK_IsHalted()
T20B0 56373:630.640   CPU_ReadMem(4 bytes @ 0x41002100)
T20B0 56373:631.130 - 1.041ms returns FALSE
T20B0 56373:831.014 JLINK_IsHalted()
T20B0 56373:831.841   CPU_ReadMem(4 bytes @ 0x41002100)
T20B0 56373:832.340 - 1.343ms returns FALSE
T20B0 56374:033.957 JLINK_IsHalted()
T20B0 56374:034.526   CPU_ReadMem(4 bytes @ 0x41002100)
T20B0 56374:034.925 - 0.983ms returns FALSE
T20B0 56374:235.099 JLINK_IsHalted()
T20B0 56374:235.590   CPU_ReadMem(4 bytes @ 0x41002100)
T20B0 56374:236.005 - 0.921ms returns FALSE
T20B0 56374:437.097 JLINK_IsHalted()
T20B0 56374:437.645   CPU_ReadMem(4 bytes @ 0x41002100)
T20B0 56374:438.066 - 1.031ms returns FALSE
T20B0 56374:639.634 JLINK_IsHalted()
T20B0 56374:640.290   CPU_ReadMem(4 bytes @ 0x41002100)
T20B0 56374:640.726 - 1.107ms returns FALSE
T20B0 56374:840.484 JLINK_IsHalted()
T20B0 56374:841.024   CPU_ReadMem(4 bytes @ 0x41002100)
T20B0 56374:841.504 - 1.035ms returns FALSE
T20B0 56375:044.583 JLINK_IsHalted()
T20B0 56375:045.124   CPU_ReadMem(4 bytes @ 0x41002100)
T20B0 56375:045.539 - 0.979ms returns FALSE
T20B0 56375:247.071 JLINK_IsHalted()
T20B0 56375:247.598   CPU_ReadMem(4 bytes @ 0x41002100)
T20B0 56375:248.067 - 1.029ms returns FALSE
T20B0 56375:449.377 JLINK_IsHalted()
T20B0 56375:449.840   CPU_ReadMem(4 bytes @ 0x41002100)
T20B0 56375:450.251 - 0.887ms returns FALSE
T20B0 56375:651.100 JLINK_IsHalted()
T20B0 56375:651.651   CPU_ReadMem(4 bytes @ 0x41002100)
T20B0 56375:652.056 - 0.972ms returns FALSE
T20B0 56375:852.244 JLINK_IsHalted()
T20B0 56375:852.717   CPU_ReadMem(4 bytes @ 0x41002100)
T20B0 56375:853.080 - 0.848ms returns FALSE
T20B0 56376:058.059 JLINK_IsHalted()
T20B0 56376:058.587   CPU_ReadMem(4 bytes @ 0x41002100)
T20B0 56376:058.985 - 0.941ms returns FALSE
T20B0 56376:260.039 JLINK_IsHalted()
T20B0 56376:260.491   CPU_ReadMem(4 bytes @ 0x41002100)
T20B0 56376:260.847 - 0.821ms returns FALSE
T20B0 56376:461.038 JLINK_IsHalted()
T20B0 56376:461.505   CPU_ReadMem(4 bytes @ 0x41002100)
T20B0 56376:461.866 - 0.842ms returns FALSE
T20B0 56376:661.957 JLINK_IsHalted()
T20B0 56376:662.509   CPU_ReadMem(4 bytes @ 0x41002100)
T20B0 56376:662.911 - 0.975ms returns FALSE
T20B0 56376:863.142 JLINK_IsHalted()
T20B0 56376:863.630   CPU_ReadMem(4 bytes @ 0x41002100)
T20B0 56376:864.091 - 0.967ms returns FALSE
T20B0 56377:064.392 JLINK_IsHalted()
T20B0 56377:065.098   CPU_ReadMem(4 bytes @ 0x41002100)
T20B0 56377:065.574 - 1.263ms returns FALSE
T20B0 56377:265.488 JLINK_IsHalted()
T20B0 56377:266.013   CPU_ReadMem(4 bytes @ 0x41002100)
T20B0 56377:266.426 - 0.954ms returns FALSE
T20B0 56377:467.606 JLINK_IsHalted()
T20B0 56377:468.277   CPU_ReadMem(4 bytes @ 0x41002100)
T20B0 56377:468.743 - 1.152ms returns FALSE
T20B0 56377:674.684 JLINK_IsHalted()
T20B0 56377:675.660   CPU_ReadMem(4 bytes @ 0x41002100)
T20B0 56377:676.139 - 1.481ms returns FALSE
T20B0 56377:879.426 JLINK_IsHalted()
T20B0 56377:880.143   CPU_ReadMem(4 bytes @ 0x41002100)
T20B0 56377:880.680 - 1.269ms returns FALSE
T20B0 56378:084.089 JLINK_IsHalted()
T20B0 56378:084.773   CPU_ReadMem(4 bytes @ 0x41002100)
T20B0 56378:085.172 - 1.098ms returns FALSE
T20B0 56378:288.838 JLINK_IsHalted()
T20B0 56378:289.565   CPU_ReadMem(4 bytes @ 0x41002100)
T20B0 56378:290.129 - 1.307ms returns FALSE
T20B0 56378:490.332 JLINK_IsHalted()
T20B0 56378:490.885   CPU_ReadMem(4 bytes @ 0x41002100)
T20B0 56378:491.281 - 0.966ms returns FALSE
T20B0 56378:691.328 JLINK_IsHalted()
T20B0 56378:692.010   CPU_ReadMem(4 bytes @ 0x41002100)
T20B0 56378:692.624 - 1.311ms returns FALSE
T20B0 56378:895.357 JLINK_IsHalted()
T20B0 56378:895.901   CPU_ReadMem(4 bytes @ 0x41002100)
T20B0 56378:896.516 - 1.175ms returns FALSE
T20B0 56379:096.887 JLINK_IsHalted()
T20B0 56379:097.749   CPU_ReadMem(4 bytes @ 0x41002100)
T20B0 56379:098.202 - 1.345ms returns FALSE
T20B0 56379:298.980 JLINK_IsHalted()
T20B0 56379:299.533   CPU_ReadMem(4 bytes @ 0x41002100)
T20B0 56379:300.178 - 1.214ms returns FALSE
T20B0 56379:501.267 JLINK_IsHalted()
T20B0 56379:501.961   CPU_ReadMem(4 bytes @ 0x41002100)
T20B0 56379:502.402 - 1.150ms returns FALSE
T20B0 56379:703.501 JLINK_IsHalted()
T20B0 56379:704.329   CPU_ReadMem(4 bytes @ 0x41002100)
T20B0 56379:704.781 - 1.296ms returns FALSE
T20B0 56379:906.214 JLINK_IsHalted()
T20B0 56379:906.774   CPU_ReadMem(4 bytes @ 0x41002100)
T20B0 56379:907.174 - 0.983ms returns FALSE
T20B0 56380:107.840 JLINK_IsHalted()
T20B0 56380:108.358   CPU_ReadMem(4 bytes @ 0x41002100)
T20B0 56380:108.806 - 0.981ms returns FALSE
T20B0 56380:312.552 JLINK_IsHalted()
T20B0 56380:313.457   CPU_ReadMem(4 bytes @ 0x41002100)
T20B0 56380:313.915 - 1.378ms returns FALSE
T20B0 56380:513.641 JLINK_IsHalted()
T20B0 56380:514.341   CPU_ReadMem(4 bytes @ 0x41002100)
T20B0 56380:514.765 - 1.155ms returns FALSE
T20B0 56380:714.520 JLINK_IsHalted()
T20B0 56380:715.067   CPU_ReadMem(4 bytes @ 0x41002100)
T20B0 56380:715.513 - 1.010ms returns FALSE
T20B0 56380:917.049 JLINK_IsHalted()
T20B0 56380:917.746   CPU_ReadMem(4 bytes @ 0x41002100)
T20B0 56380:918.140 - 1.106ms returns FALSE
T20B0 56381:119.774 JLINK_IsHalted()
T20B0 56381:120.525   CPU_ReadMem(4 bytes @ 0x41002100)
T20B0 56381:120.977 - 1.218ms returns FALSE
T20B0 56381:321.453 JLINK_IsHalted()
T20B0 56381:321.971   CPU_ReadMem(4 bytes @ 0x41002100)
T20B0 56381:322.534 - 1.097ms returns FALSE
T20B0 56381:523.761 JLINK_IsHalted()
T20B0 56381:524.247   CPU_ReadMem(4 bytes @ 0x41002100)
T20B0 56381:524.728 - 0.982ms returns FALSE
T20B0 56381:725.306 JLINK_IsHalted()
T20B0 56381:726.164   CPU_ReadMem(4 bytes @ 0x41002100)
T20B0 56381:726.632 - 1.341ms returns FALSE
T20B0 56381:929.871 JLINK_IsHalted()
T20B0 56381:930.565   CPU_ReadMem(4 bytes @ 0x41002100)
T20B0 56381:931.299 - 1.468ms returns FALSE
T20B0 56382:131.598 JLINK_IsHalted()
T20B0 56382:132.364   CPU_ReadMem(4 bytes @ 0x41002100)
T20B0 56382:132.875 - 1.297ms returns FALSE
T20B0 56382:333.601 JLINK_IsHalted()
T20B0 56382:334.139   CPU_ReadMem(4 bytes @ 0x41002100)
T20B0 56382:334.544 - 0.958ms returns FALSE
T20B0 56382:536.497 JLINK_IsHalted()
T20B0 56382:537.199   CPU_ReadMem(4 bytes @ 0x41002100)
T20B0 56382:537.598 - 1.131ms returns FALSE
T20B0 56382:739.560 JLINK_IsHalted()
T20B0 56382:740.094   CPU_ReadMem(4 bytes @ 0x41002100)
T20B0 56382:740.633 - 1.112ms returns FALSE
T20B0 56382:942.483 JLINK_IsHalted()
T20B0 56382:943.031   CPU_ReadMem(4 bytes @ 0x41002100)
T20B0 56382:943.526 - 1.059ms returns FALSE
T20B0 56383:145.550 JLINK_IsHalted()
T20B0 56383:146.263   CPU_ReadMem(4 bytes @ 0x41002100)
T20B0 56383:146.909 - 1.374ms returns FALSE
T20B0 56383:347.835 JLINK_IsHalted()
T20B0 56383:348.607   CPU_ReadMem(4 bytes @ 0x41002100)
T20B0 56383:349.399 - 1.613ms returns FALSE
T20B0 56383:549.683 JLINK_IsHalted()
T20B0 56383:550.432   CPU_ReadMem(4 bytes @ 0x41002100)
T20B0 56383:550.902 - 1.234ms returns FALSE
T20B0 56383:755.266 JLINK_IsHalted()
T20B0 56383:755.818   CPU_ReadMem(4 bytes @ 0x41002100)
T20B0 56383:756.385 - 1.134ms returns FALSE
T20B0 56383:955.970 JLINK_IsHalted()
T20B0 56383:956.695   CPU_ReadMem(4 bytes @ 0x41002100)
T20B0 56383:957.535 - 1.625ms returns FALSE
T20B0 56384:161.908 JLINK_IsHalted()
T20B0 56384:162.613   CPU_ReadMem(4 bytes @ 0x41002100)
T20B0 56384:163.015 - 1.123ms returns FALSE
T20B0 56384:363.951 JLINK_IsHalted()
T20B0 56384:364.625   CPU_ReadMem(4 bytes @ 0x41002100)
T20B0 56384:365.076 - 1.141ms returns FALSE
T20B0 56384:564.852 JLINK_IsHalted()
T20B0 56384:565.378   CPU_ReadMem(4 bytes @ 0x41002100)
T20B0 56384:566.074 - 1.273ms returns FALSE
T20B0 56384:767.017 JLINK_IsHalted()
T20B0 56384:767.520   CPU_ReadMem(4 bytes @ 0x41002100)
T20B0 56384:768.032 - 1.067ms returns FALSE
T20B0 56384:968.190 JLINK_IsHalted()
T20B0 56384:968.731   CPU_ReadMem(4 bytes @ 0x41002100)
T20B0 56384:969.115 - 0.937ms returns FALSE
T20B0 56385:172.438 JLINK_IsHalted()
T20B0 56385:173.098   CPU_ReadMem(4 bytes @ 0x41002100)
T20B0 56385:173.510 - 1.087ms returns FALSE
T20B0 56385:376.108 JLINK_IsHalted()
T20B0 56385:376.669   CPU_ReadMem(4 bytes @ 0x41002100)
T20B0 56385:377.072 - 0.980ms returns FALSE
T20B0 56385:579.657 JLINK_IsHalted()
T20B0 56385:580.217   CPU_ReadMem(4 bytes @ 0x41002100)
T20B0 56385:580.767 - 1.176ms returns FALSE
T31F8 56385:664.595 JLINK_Halt()
T31F8 56385:668.060 - 3.511ms returns 0x00
T20B0 56385:781.107 JLINK_IsHalted()
T20B0 56385:781.198 - 0.107ms returns TRUE
T20B0 56385:781.238 JLINK_GetMOEs(...)
T20B0 56385:781.282   CPU_ReadMem(4 bytes @ 0xE000ED30)
T20B0 56385:781.776 - 0.599ms returns 0x01
T20B0 56385:781.881 JLINK_ReadReg(R15 (PC))
T20B0 56385:781.928 - 0.060ms returns 0x00001AF4
T2AB0 56385:783.660 JLINK_ResetPullsRESET(ON)
T2AB0 56385:783.710 - 0.065ms
T2AB0 56385:783.743 JLINK_ResetNoHalt()
T2AB0 56385:784.191   InitTarget() start
T2AB0 56385:784.236    J-Link Script File: Executing InitTarget()
T2AB0 56385:784.286   InitTarget()
T2AB0 56385:787.400   InitTarget() end
T2AB0 56385:788.169   Found SW-DP with ID 0x0BC11477
T2AB0 56385:790.706   DPIDR: 0x0BC11477
T2AB0 56385:790.794   AP map detection skipped. Manually configured AP map found.
T2AB0 56385:790.862   AP[0]: AHB-AP (IDR: Not set)
T2AB0 56385:791.921   AP[0]: Core found
T2AB0 56385:791.997   AP[0]: AHB-AP ROM base: 0x41003000
T2AB0 56385:792.563   CPUID register: 0x410CC601. Implementer code: 0x41 (ARM)
T2AB0 56385:792.638   Found Cortex-M0 r0p1, Little endian.
T2AB0 56385:893.211   -- Max. mem block: 0x000010B8
T2AB0 56385:893.297   CPU_ReadMem(4 bytes @ 0xE000EDF0)
T2AB0 56385:893.714   CPU_ReadMem(4 bytes @ 0xE0002000)
T2AB0 56385:894.233   FPUnit: 4 code (BP) slots and 0 literal slots
T2AB0 56385:894.309   CPU_ReadMem(4 bytes @ 0xE0001000)
T2AB0 56385:894.979   CoreSight components:
T2AB0 56385:895.045   ROMTbl[0] @ 41003000
T2AB0 56385:895.107   CPU_ReadMem(64 bytes @ 0x41003000)
T2AB0 56385:896.076   CPU_ReadMem(32 bytes @ 0xE00FFFE0)
T2AB0 56385:896.774   ROMTbl[0][0]: E00FF000, CID: B105100D, PID: 000BB4C0 ROM Table
T2AB0 56385:896.829   ROMTbl[1] @ E00FF000
T2AB0 56385:896.866   CPU_ReadMem(64 bytes @ 0xE00FF000)
T2AB0 56385:897.923   CPU_ReadMem(32 bytes @ 0xE000EFE0)
T2AB0 56385:898.748   ROMTbl[1][0]: E000E000, CID: B105E00D, PID: 000BB008 SCS
T2AB0 56385:898.843   CPU_WriteMem(4 bytes @ 0xE0001000)
T2AB0 56385:899.378   CPU_ReadMem(32 bytes @ 0xE0001FE0)
T2AB0 56385:900.058   ROMTbl[1][1]: E0001000, CID: B105E00D, PID: 000BB00A DWT
T2AB0 56385:900.114   CPU_ReadMem(32 bytes @ 0xE0002FE0)
T2AB0 56385:900.717   ROMTbl[1][2]: E0002000, CID: B105E00D, PID: 000BB00B FPB
T2AB0 56385:900.759   CPU_ReadMem(32 bytes @ 0x41006FE0)
T2AB0 56385:901.328   ROMTbl[0][1]: 41006000, CID: B105900D, PID: 001BB932 MTB-M0+
T2AB0 56385:901.393   JLINK_Reset()
T2AB0 56385:901.446     ResetTarget() start
T2AB0 56385:901.484      J-Link Script File: Executing ResetTarget()
T2AB0 56385:901.528     CPU_ReadMem(4 bytes @ 0xE000EDFC)
T2AB0 56385:901.878     CPU_WriteMem(4 bytes @ 0xE000EDFC)
T2AB0 56385:902.264     CPU_WriteMem(4 bytes @ 0xE000ED0C)
T2AB0 56385:904.603     CPU_ReadMem(4 bytes @ 0xE000EDF0)
T2AB0 56385:905.288     CPU_ReadMem(4 bytes @ 0x41002100)
T2AB0 56385:905.788     CPU_WriteMem(4 bytes @ 0xE000EDFC)
T2AB0 56385:906.293     ResetTarget() end
T2AB0 56385:909.946     CPU_WriteMem(4 bytes @ 0xE0002000)
T2AB0 56385:910.526     CPU_ReadMem(4 bytes @ 0xE000EDFC)
T2AB0 56385:910.991     CPU_ReadMem(4 bytes @ 0xE0001000)
T2AB0 56385:911.433     CPU_WriteMem(4 bytes @ 0xE0001000)
T2AB0 56385:911.980   - 10.797ms
T2AB0 56385:912.386   JLINK_Go()
T2AB0 56385:912.440     CPU_ReadMem(4 bytes @ 0xE0001000)
T2AB0 56385:917.741     CPU_WriteMem(4 bytes @ 0xE0001000)
T2AB0 56385:917.934     CPU_WriteMem(4 bytes @ 0xE0002008)
T2AB0 56385:918.027     CPU_WriteMem(4 bytes @ 0xE000200C)
T2AB0 56385:918.107     CPU_WriteMem(4 bytes @ 0xE0002010)
T2AB0 56385:918.156     CPU_WriteMem(4 bytes @ 0xE0002014)
T2AB0 56385:921.845     CPU_WriteMem(4 bytes @ 0xE0001004)
T2AB0 56385:928.784   - 16.450ms
T2AB0 56385:928.851 - 145.121ms
T2AB0 56385:944.600 JLINK_Close()
T2AB0 56385:945.243   CPU is running
T2AB0 56385:945.314   CPU_WriteMem(4 bytes @ 0xE0002008)
T2AB0 56385:945.783   CPU is running
T2AB0 56385:945.844   CPU_WriteMem(4 bytes @ 0xE000200C)
T2AB0 56385:946.352   CPU is running
T2AB0 56385:946.417   CPU_WriteMem(4 bytes @ 0xE0002010)
T2AB0 56385:947.456   CPU is running
T2AB0 56385:947.540   CPU_WriteMem(4 bytes @ 0xE0002014)
T2AB0 56385:967.404 - 22.871ms
T2AB0 56385:967.504   
T2AB0 56385:967.531   Closed
