T1A44 2727:263.296   SEGGER J-Link V6.94d Log File
T1A44 2727:263.559   DLL Compiled: Feb 12 2021 15:52:57
T1A44 2727:263.643   Logging started @ 2021-02-14 18:23
T1A44 2727:263.721 - 1586145.659ms
T1A44 2727:264.136 JLINK_EMU_SelectByUSBSN(SerialNo = 801014814)
T1A44 2727:265.696 - 1.641ms returns 0xFFFFFFFF
T1A44 2727:265.829 JLINK_OpenEx(...)
T1A44 2727:268.818   Looking for J-Link GUI Server exe at: C:\Program Files (x86)\Atmel\Studio\7.0\atbackend\JLinkGUIServer.exe
T1A44 2727:269.483   Looking for J-Link GUI Server exe at: C:\Program Files (x86)\SEGGER\JLink\JLinkGUIServer.exe
T1A44 2727:269.716   Forking J-Link GUI Server: C:\Program Files (x86)\SEGGER\JLink\JLinkGUIServer.exe
T1A44 2727:277.901   J-Link GUI Server info: "J-Link GUI server V6.94d "
T1A44 2728:909.893 - 1644.106ms returns "Failed to open DLL"
T25A4 2728:909.980 JLINK_EMU_GetList(InterfaceMask = 0x00000001, MaxInfos = 0x00000032) 
T25A4 2728:912.073 - 2.159ms returns 0
T25A4 2728:912.185 JLINK_EMU_GetList(InterfaceMask = 0x00000002, MaxInfos = 0x00000032) 
T25A4 2728:972.831 - 60.713ms returns 0
T1A44 2728:972.940 JLINK_ExecCommand("ProjectFile = C:\Users\jbeea\Documents\Atmel Studio\7.0\ECG-WiFi-Monitoring\MKRWiFi1010\MKRWiFi1010\jlink.config", ...). 
T1A44 2728:977.311 - 4.415ms returns 0x00
T1A44 2728:989.129 JLINK_SetLogFile(...)
T1A44 2728:989.236 - 0.128ms
T45B4 2730:041.132 JLINK_EMU_GetList(InterfaceMask = 0x00000001, MaxInfos = 0x00000032) 
T45B4 2730:042.542 - 1.459ms returns 0
T45B4 2730:042.607 JLINK_EMU_GetList(InterfaceMask = 0x00000002, MaxInfos = 0x00000032) 
T45B4 2730:098.079 - 55.525ms returns 0
T45B4 2731:160.426 JLINK_EMU_GetList(InterfaceMask = 0x00000001, MaxInfos = 0x00000032) 
T45B4 2731:162.035 - 1.654ms returns 0
T45B4 2731:162.106 JLINK_EMU_GetList(InterfaceMask = 0x00000002, MaxInfos = 0x00000032) 
T45B4 2731:216.687 - 54.640ms returns 0
T45B4 2732:275.089 JLINK_EMU_GetList(InterfaceMask = 0x00000001, MaxInfos = 0x00000032) 
T45B4 2732:276.443 - 1.376ms returns 0
T45B4 2732:276.483 JLINK_EMU_GetList(InterfaceMask = 0x00000002, MaxInfos = 0x00000032) 
T45B4 2732:329.221 - 52.802ms returns 0
T45B4 2733:410.608 JLINK_EMU_GetList(InterfaceMask = 0x00000001, MaxInfos = 0x00000032) 
T45B4 2733:413.503 - 2.937ms returns 0
T45B4 2733:413.579 JLINK_EMU_GetList(InterfaceMask = 0x00000002, MaxInfos = 0x00000032) 
T45B4 2733:468.681 - 55.140ms returns 0
T45B4 2734:534.046 JLINK_EMU_GetList(InterfaceMask = 0x00000001, MaxInfos = 0x00000032) 
T45B4 2734:535.718 - 1.713ms returns 0
T45B4 2734:535.785 JLINK_EMU_GetList(InterfaceMask = 0x00000002, MaxInfos = 0x00000032) 
T45B4 2734:590.194 - 54.447ms returns 0
T45B4 2735:710.380 JLINK_EMU_GetList(InterfaceMask = 0x00000001, MaxInfos = 0x00000032) 
T45B4 2735:712.268 - 1.931ms returns 0
T45B4 2735:712.338 JLINK_EMU_GetList(InterfaceMask = 0x00000002, MaxInfos = 0x00000032) 
T45B4 2735:771.685 - 59.409ms returns 0
T45B4 2736:835.259 JLINK_EMU_GetList(InterfaceMask = 0x00000001, MaxInfos = 0x00000032) 
T45B4 2736:836.865 - 1.635ms returns 0
T45B4 2736:836.914 JLINK_EMU_GetList(InterfaceMask = 0x00000002, MaxInfos = 0x00000032) 
T45B4 2736:888.558 - 51.687ms returns 0
T45B4 2737:945.413 JLINK_EMU_GetList(InterfaceMask = 0x00000001, MaxInfos = 0x00000032) 
T45B4 2737:946.767 - 1.376ms returns 0
T45B4 2737:946.806 JLINK_EMU_GetList(InterfaceMask = 0x00000002, MaxInfos = 0x00000032) 
T45B4 2738:000.418 - 53.668ms returns 0
T45B4 2739:194.290 JLINK_EMU_GetList(InterfaceMask = 0x00000001, MaxInfos = 0x00000032) 
T45B4 2739:223.953 - 29.723ms returns 0
T45B4 2739:224.044 JLINK_EMU_GetList(InterfaceMask = 0x00000002, MaxInfos = 0x00000032) 
T45B4 2739:285.052 - 61.065ms returns 0
T45B4 2740:339.459 JLINK_EMU_GetList(InterfaceMask = 0x00000001, MaxInfos = 0x00000032) 
T45B4 2740:341.145 - 1.713ms returns 0
T45B4 2740:341.191 JLINK_EMU_GetList(InterfaceMask = 0x00000002, MaxInfos = 0x00000032) 
T45B4 2740:391.740 - 50.601ms returns 0
T45B4 2741:459.129 JLINK_EMU_GetList(InterfaceMask = 0x00000001, MaxInfos = 0x00000032) 
T45B4 2741:460.583 - 1.477ms returns 0
T45B4 2741:460.784 JLINK_EMU_GetList(InterfaceMask = 0x00000002, MaxInfos = 0x00000032) 
T45B4 2741:514.001 - 53.265ms returns 0
T45B4 2742:565.563 JLINK_EMU_GetList(InterfaceMask = 0x00000001, MaxInfos = 0x00000032) 
T45B4 2742:567.188 - 1.659ms returns 0
T45B4 2742:567.243 JLINK_EMU_GetList(InterfaceMask = 0x00000002, MaxInfos = 0x00000032) 
T45B4 2742:619.213 - 52.033ms returns 0
T45B4 2743:677.221 JLINK_EMU_GetList(InterfaceMask = 0x00000001, MaxInfos = 0x00000032) 
T45B4 2743:678.680 - 1.511ms returns 0
T45B4 2743:678.748 JLINK_EMU_GetList(InterfaceMask = 0x00000002, MaxInfos = 0x00000032) 
T45B4 2743:731.534 - 52.828ms returns 0
T45B4 2744:789.312 JLINK_EMU_GetList(InterfaceMask = 0x00000001, MaxInfos = 0x00000032) 
T45B4 2744:790.609 - 1.321ms returns 0
T45B4 2744:790.652 JLINK_EMU_GetList(InterfaceMask = 0x00000002, MaxInfos = 0x00000032) 
T45B4 2744:843.420 - 52.845ms returns 0
T45B4 2745:899.393 JLINK_EMU_GetList(InterfaceMask = 0x00000001, MaxInfos = 0x00000032) 
T45B4 2745:900.921 - 1.572ms returns 0
T45B4 2745:900.986 JLINK_EMU_GetList(InterfaceMask = 0x00000002, MaxInfos = 0x00000032) 
T45B4 2745:951.899 - 50.969ms returns 0
T45B4 2747:006.103 JLINK_EMU_GetList(InterfaceMask = 0x00000001, MaxInfos = 0x00000032) 
T45B4 2747:007.284 - 1.202ms returns 0
T45B4 2747:007.322 JLINK_EMU_GetList(InterfaceMask = 0x00000002, MaxInfos = 0x00000032) 
T45B4 2747:057.972 - 50.707ms returns 0
T45B4 2748:128.813 JLINK_EMU_GetList(InterfaceMask = 0x00000001, MaxInfos = 0x00000032) 
T45B4 2748:130.170 - 1.395ms returns 0
T45B4 2748:130.230 JLINK_EMU_GetList(InterfaceMask = 0x00000002, MaxInfos = 0x00000032) 
T45B4 2748:182.329 - 52.206ms returns 0
T45B4 2749:243.840 JLINK_EMU_GetList(InterfaceMask = 0x00000001, MaxInfos = 0x00000032) 
T45B4 2749:245.296 - 1.488ms returns 0
T45B4 2749:245.350 JLINK_EMU_GetList(InterfaceMask = 0x00000002, MaxInfos = 0x00000032) 
T45B4 2749:303.396 - 58.118ms returns 0
T45B4 2750:367.103 JLINK_EMU_GetList(InterfaceMask = 0x00000001, MaxInfos = 0x00000032) 
T45B4 2750:368.864 - 1.791ms returns 0
T45B4 2750:368.916 JLINK_EMU_GetList(InterfaceMask = 0x00000002, MaxInfos = 0x00000032) 
T45B4 2750:420.297 - 51.445ms returns 0
T45B4 2751:480.302 JLINK_EMU_GetList(InterfaceMask = 0x00000001, MaxInfos = 0x00000032) 
T45B4 2751:481.939 - 1.674ms returns 0
T45B4 2751:482.001 JLINK_EMU_GetList(InterfaceMask = 0x00000002, MaxInfos = 0x00000032) 
T45B4 2751:535.540 - 53.604ms returns 0
T45B4 2752:590.257 JLINK_EMU_GetList(InterfaceMask = 0x00000001, MaxInfos = 0x00000032) 
T45B4 2752:591.698 - 1.493ms returns 0
T45B4 2752:591.780 JLINK_EMU_GetList(InterfaceMask = 0x00000002, MaxInfos = 0x00000032) 
T45B4 2752:643.957 - 52.230ms returns 0
T45B4 2753:707.569 JLINK_EMU_GetList(InterfaceMask = 0x00000001, MaxInfos = 0x00000032) 
T45B4 2753:709.099 - 1.555ms returns 0
T45B4 2753:709.141 JLINK_EMU_GetList(InterfaceMask = 0x00000002, MaxInfos = 0x00000032) 
T45B4 2753:761.865 - 52.784ms returns 0
T45B4 2754:851.503 JLINK_EMU_GetList(InterfaceMask = 0x00000001, MaxInfos = 0x00000032) 
T45B4 2754:854.523 - 3.073ms returns 0
T45B4 2754:854.603 JLINK_EMU_GetList(InterfaceMask = 0x00000002, MaxInfos = 0x00000032) 
T45B4 2754:907.572 - 53.029ms returns 0
T45B4 2755:967.032 JLINK_EMU_GetList(InterfaceMask = 0x00000001, MaxInfos = 0x00000032) 
T45B4 2755:968.349 - 1.337ms returns 0
T45B4 2755:968.384 JLINK_EMU_GetList(InterfaceMask = 0x00000002, MaxInfos = 0x00000032) 
T45B4 2756:019.892 - 51.567ms returns 0
T45B4 2757:077.625 JLINK_EMU_GetList(InterfaceMask = 0x00000001, MaxInfos = 0x00000032) 
T45B4 2757:078.981 - 1.382ms returns 0
T45B4 2757:079.025 JLINK_EMU_GetList(InterfaceMask = 0x00000002, MaxInfos = 0x00000032) 
T45B4 2757:130.725 - 51.765ms returns 0
T45B4 2758:210.930 JLINK_EMU_GetList(InterfaceMask = 0x00000001, MaxInfos = 0x00000032) 
T45B4 2758:212.244 - 1.333ms returns 0
T45B4 2758:212.279 JLINK_EMU_GetList(InterfaceMask = 0x00000002, MaxInfos = 0x00000032) 
T45B4 2758:268.611 - 56.385ms returns 0
T45B4 2759:328.733 JLINK_EMU_GetList(InterfaceMask = 0x00000001, MaxInfos = 0x00000032) 
T45B4 2759:330.360 - 1.667ms returns 0
T45B4 2759:330.421 JLINK_EMU_GetList(InterfaceMask = 0x00000002, MaxInfos = 0x00000032) 
T45B4 2759:385.606 - 55.247ms returns 0
T45B4 2760:454.422 JLINK_EMU_GetList(InterfaceMask = 0x00000001, MaxInfos = 0x00000032) 
T45B4 2760:456.070 - 1.673ms returns 0
T45B4 2760:456.114 JLINK_EMU_GetList(InterfaceMask = 0x00000002, MaxInfos = 0x00000032) 
T45B4 2760:515.994 - 59.943ms returns 0
T45B4 2761:573.779 JLINK_EMU_GetList(InterfaceMask = 0x00000001, MaxInfos = 0x00000032) 
T45B4 2761:575.291 - 1.556ms returns 0
T45B4 2761:575.359 JLINK_EMU_GetList(InterfaceMask = 0x00000002, MaxInfos = 0x00000032) 
T45B4 2761:632.358 - 57.057ms returns 0
T45B4 2762:684.571 JLINK_EMU_GetList(InterfaceMask = 0x00000001, MaxInfos = 0x00000032) 
T45B4 2762:686.022 - 1.473ms returns 0
T45B4 2762:686.060 JLINK_EMU_GetList(InterfaceMask = 0x00000002, MaxInfos = 0x00000032) 
T45B4 2762:738.910 - 52.894ms returns 0
T45B4 2763:802.218 JLINK_EMU_GetList(InterfaceMask = 0x00000001, MaxInfos = 0x00000032) 
T45B4 2763:803.737 - 1.564ms returns 0
T45B4 2763:803.805 JLINK_EMU_GetList(InterfaceMask = 0x00000002, MaxInfos = 0x00000032) 
T45B4 2763:855.164 - 51.412ms returns 0
T45B4 2764:911.942 JLINK_EMU_GetList(InterfaceMask = 0x00000001, MaxInfos = 0x00000032) 
T45B4 2764:913.336 - 1.418ms returns 0
T45B4 2764:913.378 JLINK_EMU_GetList(InterfaceMask = 0x00000002, MaxInfos = 0x00000032) 
T45B4 2764:965.110 - 51.841ms returns 0
T45B4 2766:013.717 JLINK_EMU_GetList(InterfaceMask = 0x00000001, MaxInfos = 0x00000032) 
T45B4 2766:014.870 - 1.175ms returns 0
T45B4 2766:014.910 JLINK_EMU_GetList(InterfaceMask = 0x00000002, MaxInfos = 0x00000032) 
T45B4 2766:065.149 - 50.273ms returns 0
T45B4 2767:126.666 JLINK_EMU_GetList(InterfaceMask = 0x00000001, MaxInfos = 0x00000032) 
T45B4 2767:128.292 - 1.670ms returns 0
T45B4 2767:128.358 JLINK_EMU_GetList(InterfaceMask = 0x00000002, MaxInfos = 0x00000032) 
T45B4 2767:180.811 - 52.507ms returns 0
T45B4 2768:236.861 JLINK_EMU_GetList(InterfaceMask = 0x00000001, MaxInfos = 0x00000032) 
T45B4 2768:238.121 - 1.278ms returns 0
T45B4 2768:238.153 JLINK_EMU_GetList(InterfaceMask = 0x00000002, MaxInfos = 0x00000032) 
T45B4 2768:289.546 - 51.451ms returns 0
T45B4 2769:348.448 JLINK_EMU_GetList(InterfaceMask = 0x00000001, MaxInfos = 0x00000032) 
T45B4 2769:349.628 - 1.207ms returns 0
T45B4 2769:349.673 JLINK_EMU_GetList(InterfaceMask = 0x00000002, MaxInfos = 0x00000032) 
T45B4 2769:401.837 - 52.233ms returns 0
T45B4 2770:466.328 JLINK_EMU_GetList(InterfaceMask = 0x00000001, MaxInfos = 0x00000032) 
T45B4 2770:468.285 - 1.985ms returns 0
T45B4 2770:468.335 JLINK_EMU_GetList(InterfaceMask = 0x00000002, MaxInfos = 0x00000032) 
T45B4 2770:523.932 - 55.649ms returns 0
T45B4 2771:571.015 JLINK_EMU_GetList(InterfaceMask = 0x00000001, MaxInfos = 0x00000032) 
T45B4 2771:572.090 - 1.095ms returns 0
T45B4 2771:572.124 JLINK_EMU_GetList(InterfaceMask = 0x00000002, MaxInfos = 0x00000032) 
T45B4 2771:622.245 - 50.170ms returns 0
T45B4 2772:682.105 JLINK_EMU_GetList(InterfaceMask = 0x00000001, MaxInfos = 0x00000032) 
T45B4 2772:683.448 - 1.368ms returns 0
T45B4 2772:683.492 JLINK_EMU_GetList(InterfaceMask = 0x00000002, MaxInfos = 0x00000032) 
T45B4 2772:736.045 - 52.638ms returns 0
T45B4 2773:791.207 JLINK_EMU_GetList(InterfaceMask = 0x00000001, MaxInfos = 0x00000032) 
T45B4 2773:792.334 - 1.147ms returns 0
T45B4 2773:792.370 JLINK_EMU_GetList(InterfaceMask = 0x00000002, MaxInfos = 0x00000032) 
T45B4 2773:844.730 - 52.425ms returns 0
T45B4 2774:901.433 JLINK_EMU_GetList(InterfaceMask = 0x00000001, MaxInfos = 0x00000032) 
T45B4 2774:902.676 - 1.260ms returns 0
T45B4 2774:902.708 JLINK_EMU_GetList(InterfaceMask = 0x00000002, MaxInfos = 0x00000032) 
T45B4 2774:953.507 - 50.866ms returns 0
T45B4 2776:004.333 JLINK_EMU_GetList(InterfaceMask = 0x00000001, MaxInfos = 0x00000032) 
T45B4 2776:005.403 - 1.089ms returns 0
T45B4 2776:005.437 JLINK_EMU_GetList(InterfaceMask = 0x00000002, MaxInfos = 0x00000032) 
T45B4 2776:055.669 - 50.292ms returns 0
T45B4 2777:113.818 JLINK_EMU_GetList(InterfaceMask = 0x00000001, MaxInfos = 0x00000032) 
T45B4 2777:115.088 - 1.290ms returns 0
T45B4 2777:115.123 JLINK_EMU_GetList(InterfaceMask = 0x00000002, MaxInfos = 0x00000032) 
T45B4 2777:166.410 - 51.379ms returns 0
T45B4 2778:227.156 JLINK_EMU_GetList(InterfaceMask = 0x00000001, MaxInfos = 0x00000032) 
T45B4 2778:228.386 - 1.255ms returns 0
T45B4 2778:228.429 JLINK_EMU_GetList(InterfaceMask = 0x00000002, MaxInfos = 0x00000032) 
T45B4 2778:280.620 - 52.253ms returns 0
T45B4 2779:339.026 JLINK_EMU_GetList(InterfaceMask = 0x00000001, MaxInfos = 0x00000032) 
T45B4 2779:340.422 - 1.422ms returns 0
T45B4 2779:340.470 JLINK_EMU_GetList(InterfaceMask = 0x00000002, MaxInfos = 0x00000032) 
T45B4 2779:395.406 - 55.000ms returns 0
T45B4 2780:717.819 JLINK_EMU_GetList(InterfaceMask = 0x00000001, MaxInfos = 0x00000032) 
T45B4 2780:720.431 - 2.693ms returns 0
T45B4 2780:720.506 JLINK_EMU_GetList(InterfaceMask = 0x00000002, MaxInfos = 0x00000032) 
T45B4 2780:777.279 - 56.831ms returns 0
T45B4 2781:845.775 JLINK_EMU_GetList(InterfaceMask = 0x00000001, MaxInfos = 0x00000032) 
T45B4 2781:847.320 - 1.764ms returns 0
T45B4 2781:847.631 JLINK_EMU_GetList(InterfaceMask = 0x00000002, MaxInfos = 0x00000032) 
T45B4 2781:903.165 - 55.590ms returns 0
T45B4 2782:968.864 JLINK_EMU_GetList(InterfaceMask = 0x00000001, MaxInfos = 0x00000032) 
T45B4 2782:970.196 - 1.357ms returns 0
T45B4 2782:970.240 JLINK_EMU_GetList(InterfaceMask = 0x00000002, MaxInfos = 0x00000032) 
T45B4 2783:023.040 - 52.855ms returns 0
T45B4 2784:087.521 JLINK_EMU_GetList(InterfaceMask = 0x00000001, MaxInfos = 0x00000032) 
T45B4 2784:089.102 - 1.624ms returns 0
T45B4 2784:089.196 JLINK_EMU_GetList(InterfaceMask = 0x00000002, MaxInfos = 0x00000032) 
T45B4 2784:144.843 - 55.712ms returns 0
T45B4 2785:201.699 JLINK_EMU_GetList(InterfaceMask = 0x00000001, MaxInfos = 0x00000032) 
T45B4 2785:203.027 - 1.350ms returns 0
T45B4 2785:203.068 JLINK_EMU_GetList(InterfaceMask = 0x00000002, MaxInfos = 0x00000032) 
T45B4 2785:255.449 - 52.437ms returns 0
T45B4 2786:312.747 JLINK_EMU_GetList(InterfaceMask = 0x00000001, MaxInfos = 0x00000032) 
T45B4 2786:314.162 - 1.453ms returns 0
T45B4 2786:314.221 JLINK_EMU_GetList(InterfaceMask = 0x00000002, MaxInfos = 0x00000032) 
T45B4 2786:365.489 - 51.320ms returns 0
T45B4 2787:434.546 JLINK_EMU_GetList(InterfaceMask = 0x00000001, MaxInfos = 0x00000032) 
T45B4 2787:436.980 - 2.491ms returns 0
T45B4 2787:437.068 JLINK_EMU_GetList(InterfaceMask = 0x00000002, MaxInfos = 0x00000032) 
T45B4 2787:492.772 - 55.763ms returns 0
T45B4 2788:549.645 JLINK_EMU_GetList(InterfaceMask = 0x00000001, MaxInfos = 0x00000032) 
T45B4 2788:550.945 - 1.320ms returns 0
T45B4 2788:550.983 JLINK_EMU_GetList(InterfaceMask = 0x00000002, MaxInfos = 0x00000032) 
T45B4 2788:602.530 - 51.612ms returns 0
T45B4 2789:651.781 JLINK_EMU_GetList(InterfaceMask = 0x00000001, MaxInfos = 0x00000032) 
T45B4 2789:653.121 - 1.357ms returns 0
T45B4 2789:653.154 JLINK_EMU_GetList(InterfaceMask = 0x00000002, MaxInfos = 0x00000032) 
T45B4 2789:704.350 - 51.261ms returns 0
T45B4 2790:762.621 JLINK_EMU_GetList(InterfaceMask = 0x00000001, MaxInfos = 0x00000032) 
T45B4 2790:764.350 - 1.785ms returns 0
T45B4 2790:764.432 JLINK_EMU_GetList(InterfaceMask = 0x00000002, MaxInfos = 0x00000032) 
T45B4 2790:817.475 - 53.090ms returns 0
T45B4 2791:870.880 JLINK_EMU_GetList(InterfaceMask = 0x00000001, MaxInfos = 0x00000032) 
T45B4 2791:872.325 - 1.475ms returns 0
T45B4 2791:872.375 JLINK_EMU_GetList(InterfaceMask = 0x00000002, MaxInfos = 0x00000032) 
T45B4 2791:924.740 - 52.422ms returns 0
T45B4 2792:980.710 JLINK_EMU_GetList(InterfaceMask = 0x00000001, MaxInfos = 0x00000032) 
T45B4 2792:982.089 - 1.406ms returns 0
T45B4 2792:982.136 JLINK_EMU_GetList(InterfaceMask = 0x00000002, MaxInfos = 0x00000032) 
T45B4 2793:033.879 - 51.795ms returns 0
T45B4 2794:086.189 JLINK_EMU_GetList(InterfaceMask = 0x00000001, MaxInfos = 0x00000032) 
T45B4 2794:087.868 - 1.713ms returns 0
T45B4 2794:087.926 JLINK_EMU_GetList(InterfaceMask = 0x00000002, MaxInfos = 0x00000032) 
T45B4 2794:141.516 - 53.640ms returns 0
T426C 3096:900.519 JLINK_EMU_GetList(InterfaceMask = 0x00000001, MaxInfos = 0x00000032) 
T426C 3096:901.917 - 1.424ms returns 0
T426C 3096:901.962 JLINK_EMU_GetList(InterfaceMask = 0x00000002, MaxInfos = 0x00000032) 
T426C 3096:932.453 - 30.543ms returns 0
T426C 3105:773.491 JLINK_EMU_GetList(InterfaceMask = 0x00000001, MaxInfos = 0x00000032) 
T426C 3105:775.812 - 2.377ms returns 0
T426C 3105:775.894 JLINK_EMU_GetList(InterfaceMask = 0x00000002, MaxInfos = 0x00000032) 
T426C 3105:807.343 - 31.504ms returns 0
T426C 3106:888.547 JLINK_EMU_GetList(InterfaceMask = 0x00000001, MaxInfos = 0x00000032) 
T426C 3106:889.984 - 1.461ms returns 0
T426C 3106:890.027 JLINK_EMU_GetList(InterfaceMask = 0x00000002, MaxInfos = 0x00000032) 
T426C 3106:941.613 - 51.645ms returns 0
T426C 3107:995.119 JLINK_EMU_GetList(InterfaceMask = 0x00000001, MaxInfos = 0x00000032) 
T426C 3107:996.532 - 1.436ms returns 0
T426C 3107:996.585 JLINK_EMU_GetList(InterfaceMask = 0x00000002, MaxInfos = 0x00000032) 
T426C 3108:049.852 - 53.311ms returns 0
T426C 3109:194.195 JLINK_EMU_GetList(InterfaceMask = 0x00000001, MaxInfos = 0x00000032) 
T426C 3109:196.729 - 2.592ms returns 0
T426C 3109:196.821 JLINK_EMU_GetList(InterfaceMask = 0x00000002, MaxInfos = 0x00000032) 
T426C 3109:255.093 - 58.334ms returns 0
T426C 3110:317.288 JLINK_EMU_GetList(InterfaceMask = 0x00000001, MaxInfos = 0x00000032) 
T426C 3110:319.287 - 2.050ms returns 0
T426C 3110:319.367 JLINK_EMU_GetList(InterfaceMask = 0x00000002, MaxInfos = 0x00000032) 
T426C 3110:372.317 - 53.007ms returns 0
T426C 3111:456.406 JLINK_EMU_GetList(InterfaceMask = 0x00000001, MaxInfos = 0x00000032) 
T426C 3111:458.017 - 1.654ms returns 0
T426C 3111:458.111 JLINK_EMU_GetList(InterfaceMask = 0x00000002, MaxInfos = 0x00000032) 
T426C 3111:553.609 - 95.556ms returns 0
T426C 3112:607.929 JLINK_EMU_GetList(InterfaceMask = 0x00000001, MaxInfos = 0x00000032) 
T426C 3112:609.482 - 1.593ms returns 0
T426C 3112:609.547 JLINK_EMU_GetList(InterfaceMask = 0x00000002, MaxInfos = 0x00000032) 
T426C 3112:664.030 - 54.535ms returns 0
T426C 3113:743.219 JLINK_EMU_GetList(InterfaceMask = 0x00000001, MaxInfos = 0x00000032) 
T426C 3113:744.631 - 1.443ms returns 0
T426C 3113:744.683 JLINK_EMU_GetList(InterfaceMask = 0x00000002, MaxInfos = 0x00000032) 
T426C 3113:797.324 - 52.696ms returns 0
T426C 3114:856.503 JLINK_EMU_GetList(InterfaceMask = 0x00000001, MaxInfos = 0x00000032) 
T426C 3114:859.595 - 3.139ms returns 0
T426C 3114:859.667 JLINK_EMU_GetList(InterfaceMask = 0x00000002, MaxInfos = 0x00000032) 
T426C 3114:913.119 - 53.511ms returns 0
T426C 3115:967.784 JLINK_EMU_GetList(InterfaceMask = 0x00000001, MaxInfos = 0x00000032) 
T426C 3115:969.547 - 1.803ms returns 0
T426C 3115:969.614 JLINK_EMU_GetList(InterfaceMask = 0x00000002, MaxInfos = 0x00000032) 
T426C 3116:023.811 - 54.244ms returns 0
T426C 3117:100.180 JLINK_EMU_GetList(InterfaceMask = 0x00000001, MaxInfos = 0x00000032) 
T426C 3117:101.862 - 1.731ms returns 0
T426C 3117:101.937 JLINK_EMU_GetList(InterfaceMask = 0x00000002, MaxInfos = 0x00000032) 
T426C 3117:156.225 - 54.346ms returns 0
T426C 3118:210.780 JLINK_EMU_GetList(InterfaceMask = 0x00000001, MaxInfos = 0x00000032) 
T426C 3118:212.309 - 1.560ms returns 0
T426C 3118:212.363 JLINK_EMU_GetList(InterfaceMask = 0x00000002, MaxInfos = 0x00000032) 
T426C 3118:265.292 - 52.978ms returns 0
T426C 3119:324.966 JLINK_EMU_GetList(InterfaceMask = 0x00000001, MaxInfos = 0x00000032) 
T426C 3119:326.622 - 1.693ms returns 0
T426C 3119:326.684 JLINK_EMU_GetList(InterfaceMask = 0x00000002, MaxInfos = 0x00000032) 
T426C 3119:380.701 - 54.070ms returns 0
T426C 3120:442.150 JLINK_EMU_GetList(InterfaceMask = 0x00000001, MaxInfos = 0x00000032) 
T426C 3120:443.821 - 1.705ms returns 0
T426C 3120:443.880 JLINK_EMU_GetList(InterfaceMask = 0x00000002, MaxInfos = 0x00000032) 
T426C 3120:496.996 - 53.157ms returns 0
T426C 3121:574.990 JLINK_EMU_GetList(InterfaceMask = 0x00000001, MaxInfos = 0x00000032) 
T426C 3121:577.023 - 2.083ms returns 0
T426C 3121:577.102 JLINK_EMU_GetList(InterfaceMask = 0x00000002, MaxInfos = 0x00000032) 
T426C 3121:633.273 - 56.227ms returns 0
T426C 3122:741.238 JLINK_EMU_GetList(InterfaceMask = 0x00000001, MaxInfos = 0x00000032) 
T426C 3122:743.973 - 2.790ms returns 0
T426C 3122:744.055 JLINK_EMU_GetList(InterfaceMask = 0x00000002, MaxInfos = 0x00000032) 
T426C 3122:800.690 - 56.675ms returns 0
T426C 3123:867.482 JLINK_EMU_GetList(InterfaceMask = 0x00000001, MaxInfos = 0x00000032) 
T426C 3123:869.452 - 2.005ms returns 0
T426C 3123:869.513 JLINK_EMU_GetList(InterfaceMask = 0x00000002, MaxInfos = 0x00000032) 
T426C 3123:924.166 - 54.714ms returns 0
T426C 3124:985.509 JLINK_EMU_GetList(InterfaceMask = 0x00000001, MaxInfos = 0x00000032) 
T426C 3124:987.347 - 1.894ms returns 0
T426C 3124:987.433 JLINK_EMU_GetList(InterfaceMask = 0x00000002, MaxInfos = 0x00000032) 
T426C 3125:042.195 - 54.905ms returns 0
T426C 3126:105.252 JLINK_EMU_GetList(InterfaceMask = 0x00000001, MaxInfos = 0x00000032) 
T426C 3126:106.945 - 1.729ms returns 0
T426C 3126:107.007 JLINK_EMU_GetList(InterfaceMask = 0x00000002, MaxInfos = 0x00000032) 
T426C 3126:158.971 - 52.006ms returns 0
T426C 3127:224.052 JLINK_EMU_GetList(InterfaceMask = 0x00000001, MaxInfos = 0x00000032) 
T426C 3127:225.746 - 1.727ms returns 0
T426C 3127:225.803 JLINK_EMU_GetList(InterfaceMask = 0x00000002, MaxInfos = 0x00000032) 
T426C 3127:280.090 - 54.340ms returns 0
T426C 3128:334.165 JLINK_EMU_GetList(InterfaceMask = 0x00000001, MaxInfos = 0x00000032) 
T426C 3128:335.561 - 1.423ms returns 0
T426C 3128:335.606 JLINK_EMU_GetList(InterfaceMask = 0x00000002, MaxInfos = 0x00000032) 
T426C 3128:386.591 - 51.041ms returns 0
T426C 3129:435.369 JLINK_EMU_GetList(InterfaceMask = 0x00000001, MaxInfos = 0x00000032) 
T426C 3129:436.537 - 1.204ms returns 0
T426C 3129:436.601 JLINK_EMU_GetList(InterfaceMask = 0x00000002, MaxInfos = 0x00000032) 
T426C 3129:488.561 - 52.012ms returns 0
T426C 3130:557.399 JLINK_EMU_GetList(InterfaceMask = 0x00000001, MaxInfos = 0x00000032) 
T426C 3130:559.067 - 1.698ms returns 0
T426C 3130:559.119 JLINK_EMU_GetList(InterfaceMask = 0x00000002, MaxInfos = 0x00000032) 
T426C 3130:612.780 - 53.730ms returns 0
T426C 3131:672.655 JLINK_EMU_GetList(InterfaceMask = 0x00000001, MaxInfos = 0x00000032) 
T426C 3131:674.357 - 1.724ms returns 0
T426C 3131:674.397 JLINK_EMU_GetList(InterfaceMask = 0x00000002, MaxInfos = 0x00000032) 
T426C 3131:727.042 - 52.700ms returns 0
T426C 3132:787.766 JLINK_EMU_GetList(InterfaceMask = 0x00000001, MaxInfos = 0x00000032) 
T426C 3132:789.219 - 1.476ms returns 0
T426C 3132:789.261 JLINK_EMU_GetList(InterfaceMask = 0x00000002, MaxInfos = 0x00000032) 
T426C 3132:842.543 - 53.345ms returns 0
T426C 3133:901.878 JLINK_EMU_GetList(InterfaceMask = 0x00000001, MaxInfos = 0x00000032) 
T426C 3133:903.247 - 1.411ms returns 0
T426C 3133:903.310 JLINK_EMU_GetList(InterfaceMask = 0x00000002, MaxInfos = 0x00000032) 
T426C 3133:954.044 - 50.823ms returns 0
T426C 3135:012.485 JLINK_EMU_GetList(InterfaceMask = 0x00000001, MaxInfos = 0x00000032) 
T426C 3135:013.859 - 1.395ms returns 0
T426C 3135:013.899 JLINK_EMU_GetList(InterfaceMask = 0x00000002, MaxInfos = 0x00000032) 
T426C 3135:066.668 - 52.821ms returns 0
T426C 3136:137.675 JLINK_EMU_GetList(InterfaceMask = 0x00000001, MaxInfos = 0x00000032) 
T426C 3136:139.759 - 2.146ms returns 0
T426C 3136:139.853 JLINK_EMU_GetList(InterfaceMask = 0x00000002, MaxInfos = 0x00000032) 
T426C 3136:193.833 - 54.035ms returns 0
T426C 3137:251.254 JLINK_EMU_GetList(InterfaceMask = 0x00000001, MaxInfos = 0x00000032) 
T426C 3137:252.811 - 1.599ms returns 0
T426C 3137:252.875 JLINK_EMU_GetList(InterfaceMask = 0x00000002, MaxInfos = 0x00000032) 
T426C 3137:305.058 - 52.216ms returns 0
T426C 3138:369.422 JLINK_EMU_GetList(InterfaceMask = 0x00000001, MaxInfos = 0x00000032) 
T426C 3138:370.860 - 1.460ms returns 0
T426C 3138:370.901 JLINK_EMU_GetList(InterfaceMask = 0x00000002, MaxInfos = 0x00000032) 
T426C 3138:422.548 - 51.707ms returns 0
T426C 3139:490.562 JLINK_EMU_GetList(InterfaceMask = 0x00000001, MaxInfos = 0x00000032) 
T426C 3139:492.099 - 1.572ms returns 0
T426C 3139:492.158 JLINK_EMU_GetList(InterfaceMask = 0x00000002, MaxInfos = 0x00000032) 
T426C 3139:545.199 - 53.092ms returns 0
T426C 3140:599.594 JLINK_EMU_GetList(InterfaceMask = 0x00000001, MaxInfos = 0x00000032) 
T426C 3140:600.974 - 1.405ms returns 0
T426C 3140:601.020 JLINK_EMU_GetList(InterfaceMask = 0x00000002, MaxInfos = 0x00000032) 
T426C 3140:653.619 - 52.648ms returns 0
T426C 3141:708.383 JLINK_EMU_GetList(InterfaceMask = 0x00000001, MaxInfos = 0x00000032) 
T426C 3141:709.918 - 1.578ms returns 0
T426C 3141:709.986 JLINK_EMU_GetList(InterfaceMask = 0x00000002, MaxInfos = 0x00000032) 
T426C 3141:764.869 - 54.941ms returns 0
T426C 3142:823.691 JLINK_EMU_GetList(InterfaceMask = 0x00000001, MaxInfos = 0x00000032) 
T426C 3142:825.198 - 1.534ms returns 0
T426C 3142:825.247 JLINK_EMU_GetList(InterfaceMask = 0x00000002, MaxInfos = 0x00000032) 
T426C 3142:880.431 - 55.247ms returns 0
T426C 3143:936.773 JLINK_EMU_GetList(InterfaceMask = 0x00000001, MaxInfos = 0x00000032) 
T426C 3143:938.112 - 1.364ms returns 0
T426C 3143:938.156 JLINK_EMU_GetList(InterfaceMask = 0x00000002, MaxInfos = 0x00000032) 
T426C 3143:990.050 - 51.966ms returns 0
T426C 3145:048.426 JLINK_EMU_GetList(InterfaceMask = 0x00000001, MaxInfos = 0x00000032) 
T426C 3145:049.954 - 1.563ms returns 0
T426C 3145:050.012 JLINK_EMU_GetList(InterfaceMask = 0x00000002, MaxInfos = 0x00000032) 
T426C 3145:102.506 - 52.573ms returns 0
T426C 3146:157.163 JLINK_EMU_GetList(InterfaceMask = 0x00000001, MaxInfos = 0x00000032) 
T426C 3146:158.413 - 1.273ms returns 0
T426C 3146:158.455 JLINK_EMU_GetList(InterfaceMask = 0x00000002, MaxInfos = 0x00000032) 
T426C 3146:210.696 - 52.315ms returns 0
T426C 3147:268.194 JLINK_EMU_GetList(InterfaceMask = 0x00000001, MaxInfos = 0x00000032) 
T426C 3147:269.566 - 1.400ms returns 0
T426C 3147:269.613 JLINK_EMU_GetList(InterfaceMask = 0x00000002, MaxInfos = 0x00000032) 
T426C 3147:321.201 - 51.675ms returns 0
T426C 3148:406.140 JLINK_EMU_GetList(InterfaceMask = 0x00000001, MaxInfos = 0x00000032) 
T426C 3148:407.639 - 1.537ms returns 0
T426C 3148:407.699 JLINK_EMU_GetList(InterfaceMask = 0x00000002, MaxInfos = 0x00000032) 
T426C 3148:460.412 - 52.760ms returns 0
T426C 3149:518.618 JLINK_EMU_GetList(InterfaceMask = 0x00000001, MaxInfos = 0x00000032) 
T426C 3149:519.984 - 1.391ms returns 0
T426C 3149:520.028 JLINK_EMU_GetList(InterfaceMask = 0x00000002, MaxInfos = 0x00000032) 
T426C 3149:571.283 - 51.307ms returns 0
T426C 3150:629.756 JLINK_EMU_GetList(InterfaceMask = 0x00000001, MaxInfos = 0x00000032) 
T426C 3150:631.226 - 1.496ms returns 0
T426C 3150:631.272 JLINK_EMU_GetList(InterfaceMask = 0x00000002, MaxInfos = 0x00000032) 
T426C 3150:683.774 - 52.548ms returns 0
T426C 3151:737.681 JLINK_EMU_GetList(InterfaceMask = 0x00000001, MaxInfos = 0x00000032) 
T426C 3151:739.366 - 1.720ms returns 0
T426C 3151:739.423 JLINK_EMU_GetList(InterfaceMask = 0x00000002, MaxInfos = 0x00000032) 
T426C 3151:793.237 - 53.867ms returns 0
T426C 3152:859.466 JLINK_EMU_GetList(InterfaceMask = 0x00000001, MaxInfos = 0x00000032) 
T426C 3152:861.015 - 1.574ms returns 0
T426C 3152:861.063 JLINK_EMU_GetList(InterfaceMask = 0x00000002, MaxInfos = 0x00000032) 
T426C 3152:915.529 - 54.515ms returns 0
T426C 3153:971.536 JLINK_EMU_GetList(InterfaceMask = 0x00000001, MaxInfos = 0x00000032) 
T426C 3153:972.902 - 1.391ms returns 0
T426C 3153:972.947 JLINK_EMU_GetList(InterfaceMask = 0x00000002, MaxInfos = 0x00000032) 
T426C 3154:025.304 - 52.447ms returns 0
