T2420 22917:871.837   SEGGER J-Link V6.94d Log File
T2420 22917:872.097   DLL Compiled: Feb 12 2021 15:52:57
T2420 22917:872.192   Logging started @ 2021-02-20 21:59
T2420 22917:872.296 - 27596.583ms
T2420 22917:986.597 JLINK_ExecCommand("Device = ATSAMD21G18A", ...). 
T2420 22917:987.098   Device "ATSAMD21G18" selected.
T2420 22917:990.351 - 3.671ms returns 0x00
T2420 22918:025.206 JLINK_TIF_Select(JLINKARM_TIF_SWD)
T2420 22918:026.361 - 1.240ms returns 0x00
T2420 22918:026.507 JLINK_SetSpeed(4000)
T2420 22918:026.746 - 0.297ms
T2420 22918:026.867 JLINK_ResetPullsRESET(OFF)
T2420 22918:026.967 - 0.149ms
T2420 22918:027.070 JLINK_Connect()
T2420 22918:027.688   InitTarget() start
T2420 22918:027.983    J-Link Script File: Executing InitTarget()
T2420 22918:028.616   InitTarget()
T2420 22918:031.578   InitTarget() end
T2420 22918:032.296   Found SW-DP with ID 0x0BC11477
T2420 22918:034.845   DPIDR: 0x0BC11477
T2420 22918:034.938   Scanning AP map to find all available APs
T2420 22918:035.837   AP[1]: Stopped AP scan as end of AP map has been reached
T2420 22918:035.924   AP[0]: AHB-AP (IDR: 0x04770031)
T2420 22918:035.978   Iterating through AP map to find AHB-AP to use
T2420 22918:037.240   AP[0]: Core found
T2420 22918:037.341   AP[0]: AHB-AP ROM base: 0x41003000
T2420 22918:037.990   CPUID register: 0x410CC601. Implementer code: 0x41 (ARM)
T2420 22918:038.145   Found Cortex-M0 r0p1, Little endian.
T2420 22918:139.629   -- Max. mem block: 0x000013C8
T2420 22918:139.832   CPU_ReadMem(4 bytes @ 0xE000EDF0)
T2420 22918:140.268   CPU_WriteMem(4 bytes @ 0xE000EDF0)
T2420 22918:140.785   CPU_ReadMem(4 bytes @ 0xE0002000)
T2420 22918:141.458   FPUnit: 4 code (BP) slots and 0 literal slots
T2420 22918:141.516   CPU_ReadMem(4 bytes @ 0xE000EDFC)
T2420 22918:141.981   CPU_WriteMem(4 bytes @ 0xE000EDFC)
T2420 22918:142.396   CPU_ReadMem(4 bytes @ 0xE0001000)
T2420 22918:142.768   CPU_WriteMem(4 bytes @ 0xE0001000)
T2420 22918:143.244   CoreSight components:
T2420 22918:143.314   ROMTbl[0] @ 41003000
T2420 22918:143.356   CPU_ReadMem(64 bytes @ 0x41003000)
T2420 22918:144.181   CPU_ReadMem(32 bytes @ 0xE00FFFE0)
T2420 22918:145.158   ROMTbl[0][0]: E00FF000, CID: B105100D, PID: 000BB4C0 ROM Table
T2420 22918:145.276   ROMTbl[1] @ E00FF000
T2420 22918:145.318   CPU_ReadMem(64 bytes @ 0xE00FF000)
T2420 22918:146.165   CPU_ReadMem(32 bytes @ 0xE000EFE0)
T2420 22918:147.128   ROMTbl[1][0]: E000E000, CID: B105E00D, PID: 000BB008 SCS
T2420 22918:147.196   CPU_ReadMem(32 bytes @ 0xE0001FE0)
T2420 22918:147.822   ROMTbl[1][1]: E0001000, CID: B105E00D, PID: 000BB00A DWT
T2420 22918:147.944   CPU_ReadMem(32 bytes @ 0xE0002FE0)
T2420 22918:148.503   ROMTbl[1][2]: E0002000, CID: B105E00D, PID: 000BB00B FPB
T2420 22918:148.543   CPU_ReadMem(32 bytes @ 0x41006FE0)
T2420 22918:149.897   ROMTbl[0][1]: 41006000, CID: B105900D, PID: 001BB932 MTB-M0+
T2420 22918:149.961 - 122.906ms returns 0x00
T2420 22918:150.334 JLINK_Halt()
T2420 22918:153.593 - 3.322ms returns 0x00
T2420 22918:157.522 JLINK_JTAG_GetDeviceID(DeviceIndex = 0)
T2420 22918:157.559 - 0.049ms returns 0
T2420 22918:157.588 JLINK_ReadMemU32(0x41002018, 0x1 Items)
T2420 22918:157.713   CPU_ReadMem(4 bytes @ 0x41002018)
T2420 22918:158.164   Data:  05 03 01 10
T2420 22918:158.206 - 0.631ms returns 1 (0x1)
T33C0 22918:169.063 JLINK_IsHalted()
T33C0 22918:173.287 - 4.262ms returns TRUE
T33C0 22918:173.353 JLINK_GetMOEs(...)
T33C0 22918:173.390   CPU_ReadMem(4 bytes @ 0xE000ED30)
T33C0 22918:173.902 - 0.584ms returns 0x01
T33C0 22918:173.964 JLINK_ReadReg(R15 (PC))
T33C0 22918:174.004 - 0.053ms returns 0x00005EC6
T33C0 22918:373.648 JLINK_IsHalted()
T33C0 22918:373.717 - 0.081ms returns TRUE
T2420 22918:400.836 JLINK_BeginDownload(Flags = 0x00000000)
T2420 22918:400.902 - 0.078ms
T2420 22918:401.108 JLINK_WriteMem(0x00000000, 0x1EC30 Bytes, ...)
T2420 22918:401.150   Data:  00 80 00 20 C1 5D 00 00 A9 5D 00 00 A9 5D 00 00 ...
T2420 22918:402.024   completely In flash
T2420 22918:402.419    -- Read from flash cache (126000 bytes @ 0x00000000)
T2420 22918:402.616 - 1.519ms returns 0x1EC30
T2420 22918:403.059 JLINK_WriteMem(0x0001EC30, 0x5C Bytes, ...)
T2420 22918:403.135   Data:  72 B6 10 4B 04 33 10 4A 93 42 12 D9 0F 4A 12 7D ...
T2420 22918:403.239   completely In flash
T2420 22918:403.279    -- Read from flash cache (92 bytes @ 0x0001EC30)
T2420 22918:403.321 - 0.273ms returns 0x5C
T2420 22918:403.639 JLINK_WriteMem(0x0001EC8C, 0x310 Bytes, ...)
T2420 22918:403.672   Data:  00 00 00 00 01 00 00 00 62 72 61 76 65 63 68 65 ...
T2420 22918:403.714   completely In flash
T2420 22918:403.754    -- Read from flash cache (784 bytes @ 0x0001EC8C)
T2420 22918:403.819 - 0.191ms returns 0x310
T2420 22918:534.003 JLINK_EndDownload()
T2420 22918:534.355   CPU_ReadMem(4 bytes @ 0x41006004)
T2420 22918:534.770   CPU_ReadMem(4 bytes @ 0xE000ED90)
T2420 22918:535.206    -- --------------------------------------
T2420 22918:535.249   Flash bank @ 0x00000000: Default: L2 verify disabled because algorithm performs L1 verify
T2420 22918:535.285    -- Start of determining dirty areas in flash cache
T2420 22918:535.441    -- End of determining dirty areas
T2420 22918:535.478    -- Start of preparing flash programming
T2420 22918:535.516    -- Calculating RAM usage
T2420 22918:535.575    -- RAM usage = 5860 Bytes
T2420 22918:535.612    -- Preserving CPU registers
T2420 22918:535.671    -- Preparing memory
T2420 22918:535.708    -- Preparing target
T2420 22918:535.745    -- Downloading RAMCode
T2420 22918:552.776    -- Preparing RAMCode
T2420 22918:559.253    -- Checking target RAM
T2420 22918:560.823    -- End of preparing flash programming
T2420 22918:561.287   Looking for J-Link GUI Server exe at: C:\Program Files (x86)\Atmel\Studio\7.0\atbackend\JLinkGUIServer.exe
T2420 22918:561.512   Looking for J-Link GUI Server exe at: C:\Program Files (x86)\SEGGER\JLink\JLinkGUIServer.exe
T2420 22918:561.625   Forking J-Link GUI Server: C:\Program Files (x86)\SEGGER\JLink\JLinkGUIServer.exe
T2420 22918:618.556   J-Link GUI Server info: "J-Link GUI server V6.94d "
T2420 22918:644.028    -- CPU speed could not be measured.
T2420 22918:644.113    -- Start of comparing flash
T2420 22918:644.151    -- CRC check was estimated as fastest method
T2420 22918:734.073    -- Comparing range 0x0000 - 0xFFFF (256 Sectors, 64 KB), using multi-block CRC calculation
T2420 22918:782.547    -- CRC does not match for sectors 0-255
T2420 22918:783.349    -- Comparing range 0x10000 - 0x1EFFF (240 Sectors, 60 KB), using multi-block CRC calculation
T2420 22918:815.609    -- CRC does not match for sectors 0-239
T2420 22918:815.696    -- End of comparing flash
T2420 22918:815.735    -- Start of erasing sectors
T2420 22918:815.775    -- Erasing range 0x00000000 - 0x00007FFF (128 Sectors, 32 KB)
T2420 22918:935.912    -- Erasing range 0x00008000 - 0x0000FFFF (128 Sectors, 32 KB)
T2420 22919:050.457    -- Erasing range 0x00010000 - 0x00017FFF (128 Sectors, 32 KB)
T2420 22919:166.928    -- Erasing range 0x00018000 - 0x0001EFFF (112 Sectors, 28 KB)
T2420 22919:270.262    -- End of erasing sectors
T2420 22919:270.347    -- Start of flash programming
T2420 22919:270.389    -- Programming range 0x00000000 - 0x00007FFF (128 Sectors, 32 KB)
T2420 22919:516.109    -- Programming range 0x00008000 - 0x0000FFFF (128 Sectors, 32 KB)
T2420 22919:779.278    -- Programming range 0x00010000 - 0x00017FFF (128 Sectors, 32 KB)
T2420 22920:040.608    -- Programming range 0x00018000 - 0x0001EFFF (112 Sectors, 28 KB)
T2420 22920:268.979    -- End of flash programming
T2420 22920:269.097    -- 0x0000 - 0x1EFFF (496 Sectors, 124 KB)
T2420 22920:269.127    -- Start of restoring
T2420 22920:269.155    -- Restoring RAMCode
T2420 22920:298.921    -- Restore target
T2420 22920:299.057    -- Restore memory
T2420 22920:299.091    -- Restoring CPU registers
T2420 22920:299.154    -- End of restoring
T2420 22920:299.268    -- Bank 0 @ 0x00000000: 1 range affected (126976 bytes)
T2420 22920:299.324    -- Total: 1.763s (Prepare: 0.108s, Compare: 0.171s, Erase: 0.454s, Program & Verify: 1.020s, Restore: 0.008s)
T2420 22920:299.561    -- Program & Verify speed: 121 KB/s
T2420 22920:306.029 - 1772.081ms returns 126976 (0x1F000)
T17C4 22920:306.135 JLINK_EMU_GetList(InterfaceMask = 0x00000001, MaxInfos = 0x00000032) 
T17C4 22920:310.254   [0]: USB, S/N: 801014814
T17C4 22920:310.328 - 4.205ms returns 1
T2420 22920:310.997 JLINK_SetResetType(JLINKARM_CM3_RESET_TYPE_NORMAL)
T2420 22920:311.083 - 0.100ms returns JLINKARM_CM3_RESET_TYPE_NORMAL
T2420 22920:311.120 JLINK_Reset()
T2420 22920:311.188   CPU_ReadMem(4 bytes @ 0x20000674)
T2420 22920:311.874   CPU_WriteMem(4 bytes @ 0x20000674)
T2420 22920:312.576   ResetTarget() start
T2420 22920:312.642    J-Link Script File: Executing ResetTarget()
T2420 22920:313.155   CPU_ReadMem(4 bytes @ 0xE000EDFC)
T2420 22920:313.818   CPU_WriteMem(4 bytes @ 0xE000EDFC)
T2420 22920:314.370   CPU_WriteMem(4 bytes @ 0xE000ED0C)
T2420 22920:317.283   CPU_ReadMem(4 bytes @ 0xE000EDF0)
T2420 22920:320.267   CPU_ReadMem(4 bytes @ 0x41002100)
T2420 22920:320.947   CPU_WriteMem(4 bytes @ 0xE000EDFC)
T2420 22920:322.965   ResetTarget() end
T2420 22920:333.888   CPU_WriteMem(4 bytes @ 0xE0002000)
T2420 22920:336.009   CPU_ReadMem(4 bytes @ 0xE000EDFC)
T2420 22920:343.189   CPU_ReadMem(4 bytes @ 0xE0001000)
T2420 22920:361.514   CPU_WriteMem(4 bytes @ 0xE0001000)
T2420 22920:362.256 - 51.178ms
T17C4 22920:363.156 JLINK_EMU_GetList(InterfaceMask = 0x00000002, MaxInfos = 0x00000032) 
T17C4 22920:424.792 - 61.683ms returns 0
T33C0 22920:424.956 JLINK_IsHalted()
T33C0 22920:424.991 - 0.049ms returns TRUE
T33C0 22920:625.973 JLINK_IsHalted()
T33C0 22920:626.046 - 0.086ms returns TRUE
T2D0C 22920:643.089 JLINK_Halt()
T2D0C 22920:643.152 - 0.078ms returns 0x00
T2D0C 22920:643.209 JLINK_ReadReg(R15 (PC))
T2D0C 22920:643.249 - 0.052ms returns 0x00005DC0
T2D0C 22920:643.283 JLINK_ReadReg(R13 (SP))
T2D0C 22920:643.309 - 0.038ms returns 0x20008000
T2D0C 22920:654.340 JLINK_ReadMemHW(0x00005DC0, 0x0004 Bytes, ...)
T2D0C 22920:654.406   CPU_ReadMem(4 bytes @ 0x00005DC0)
T2D0C 22920:654.862   Data:  10 B5 12 4A
T2D0C 22920:654.913 - 0.586ms returns 0
T2D0C 22920:655.492 JLINK_ReadReg(R0)
T2D0C 22920:655.572 - 0.093ms returns 0x40001000
T2D0C 22920:655.609 JLINK_ReadReg(R1)
T2D0C 22920:655.635 - 0.038ms returns 0x00000000
T2D0C 22920:655.667 JLINK_ReadReg(R2)
T2D0C 22920:655.693 - 0.038ms returns 0x00000000
T2D0C 22920:655.724 JLINK_ReadReg(R3)
T2D0C 22920:655.748 - 0.036ms returns 0x0001E800
T2D0C 22920:655.779 JLINK_ReadReg(R4)
T2D0C 22920:655.804 - 0.037ms returns 0x20000654
T2D0C 22920:655.835 JLINK_ReadReg(R5)
T2D0C 22920:655.860 - 0.037ms returns 0x200006AC
T2D0C 22920:655.892 JLINK_ReadReg(R6)
T2D0C 22920:655.916 - 0.036ms returns 0x200006AC
T2D0C 22920:655.947 JLINK_ReadReg(R7)
T2D0C 22920:655.972 - 0.036ms returns 0xA5A5A5A5
T2D0C 22920:656.003 JLINK_ReadReg(R8)
T2D0C 22920:656.027 - 0.036ms returns 0xA5A5A5A5
T2D0C 22920:656.057 JLINK_ReadReg(R9)
T2D0C 22920:656.080 - 0.035ms returns 0xA5A5A5A5
T2D0C 22920:656.110 JLINK_ReadReg(R10)
T2D0C 22920:656.184 - 0.089ms returns 0xA5A5A5A5
T2D0C 22920:656.222 JLINK_ReadReg(R11)
T2D0C 22920:656.251 - 0.873ms returns 0xA5A5A5A5
T2D0C 22920:657.848 JLINK_ReadReg(R12)
T2D0C 22920:657.913 - 0.078ms returns 0x200005D8
T2D0C 22920:657.950 JLINK_ReadReg(R13 (SP))
T2D0C 22920:657.976 - 0.038ms returns 0x20008000
T2D0C 22920:658.008 JLINK_ReadReg(R14)
T2D0C 22920:658.035 - 0.041ms returns 0x2000032F
T2D0C 22920:658.070 JLINK_ReadReg(R15 (PC))
T2D0C 22920:658.102 - 0.045ms returns 0x00005DC0
T2D0C 22920:658.156 JLINK_ReadReg(XPSR)
T2D0C 22920:658.181 - 0.037ms returns 0x81000000
T2D0C 22920:658.211 JLINK_ReadReg(MSP)
T2D0C 22920:658.236 - 0.037ms returns 0x20008000
T2D0C 22920:658.267 JLINK_ReadReg(PSP)
T2D0C 22920:658.297 - 0.042ms returns 0x20003000
T2D0C 22920:658.328 JLINK_ReadReg(PRIMASK)
T2D0C 22920:658.354 - 0.040ms returns 0x00000000
T2D0C 22920:658.389 JLINK_ReadReg(BASEPRI)
T2D0C 22920:658.416 - 0.040ms returns 0x00000000
T2D0C 22920:658.449 JLINK_ReadReg(FAULTMASK)
T2D0C 22920:658.488 - 0.058ms returns 0x00000000
T2D0C 22920:658.527 JLINK_ReadReg(CONTROL)
T2D0C 22920:658.551 - 0.036ms returns 0x00000000
T2D0C 22920:659.549 JLINK_ReadMemHW(0x00005DC0, 0x0002 Bytes, ...)
T2D0C 22920:659.629   CPU_ReadMem(2 bytes @ 0x00005DC0)
T2D0C 22920:660.137   Data:  10 B5
T2D0C 22920:660.185 - 0.651ms returns 0
T2D0C 22920:774.941 JLINK_ReadReg(R0)
T2D0C 22920:775.018 - 0.092ms returns 0x40001000
T2D0C 22920:775.120 JLINK_ReadReg(R1)
T2D0C 22920:775.178 - 0.073ms returns 0x00000000
T2D0C 22920:775.218 JLINK_ReadReg(R2)
T2D0C 22920:775.246 - 0.042ms returns 0x00000000
T2D0C 22920:775.281 JLINK_ReadReg(R3)
T2D0C 22920:775.309 - 0.041ms returns 0x0001E800
T2D0C 22920:775.342 JLINK_ReadReg(R4)
T2D0C 22920:775.372 - 0.042ms returns 0x20000654
T2D0C 22920:775.403 JLINK_ReadReg(R5)
T2D0C 22920:775.430 - 0.040ms returns 0x200006AC
T2D0C 22920:775.465 JLINK_ReadReg(R6)
T2D0C 22920:775.490 - 0.037ms returns 0x200006AC
T2D0C 22920:775.519 JLINK_ReadReg(R7)
T2D0C 22920:775.543 - 0.034ms returns 0xA5A5A5A5
T2D0C 22920:775.571 JLINK_ReadReg(R8)
T2D0C 22920:775.594 - 0.034ms returns 0xA5A5A5A5
T2D0C 22920:775.623 JLINK_ReadReg(R9)
T2D0C 22920:775.646 - 0.034ms returns 0xA5A5A5A5
T2D0C 22920:775.675 JLINK_ReadReg(R10)
T2D0C 22920:775.698 - 0.034ms returns 0xA5A5A5A5
T2D0C 22920:775.726 JLINK_ReadReg(R11)
T2D0C 22920:775.750 - 0.034ms returns 0xA5A5A5A5
T2D0C 22920:775.779 JLINK_ReadReg(R12)
T2D0C 22920:775.801 - 0.033ms returns 0x200005D8
T2D0C 22920:775.830 JLINK_ReadReg(R13 (SP))
T2D0C 22920:775.854 - 0.035ms returns 0x20008000
T2D0C 22920:775.883 JLINK_ReadReg(R14)
T2D0C 22920:775.906 - 0.034ms returns 0x2000032F
T2D0C 22920:775.935 JLINK_ReadReg(R15 (PC))
T2D0C 22920:775.958 - 0.037ms returns 0x00005DC0
T2D0C 22920:776.010 JLINK_ReadReg(XPSR)
T2D0C 22920:776.033 - 0.034ms returns 0x81000000
T2D0C 22920:776.061 JLINK_ReadReg(MSP)
T2D0C 22920:776.085 - 0.034ms returns 0x20008000
T2D0C 22920:776.112 JLINK_ReadReg(PSP)
T2D0C 22920:776.135 - 0.034ms returns 0x20003000
T2D0C 22920:776.164 JLINK_ReadReg(PRIMASK)
T2D0C 22920:776.187 - 0.034ms returns 0x00000000
T2D0C 22920:776.218 JLINK_ReadReg(BASEPRI)
T2D0C 22920:776.244 - 0.041ms returns 0x00000000
T2D0C 22920:776.282 JLINK_ReadReg(FAULTMASK)
T2D0C 22920:776.310 - 0.040ms returns 0x00000000
T2D0C 22920:776.352 JLINK_ReadReg(CONTROL)
T2D0C 22920:776.382 - 0.043ms returns 0x00000000
T33C0 22920:828.172 JLINK_IsHalted()
T33C0 22920:828.682 - 0.529ms returns TRUE
T33C0 22921:064.815 JLINK_IsHalted()
T33C0 22921:064.902 - 0.102ms returns TRUE
T2D0C 22921:080.312 JLINK_ReadMemHW(0x00005DC0, 0x0004 Bytes, ...)
T2D0C 22921:080.383   CPU_ReadMem(4 bytes @ 0x00005DC0)
T2D0C 22921:081.454   Data:  10 B5 12 4A
T2D0C 22921:081.572 - 1.274ms returns 0
T2D0C 22921:122.381 JLINK_SetResetType(JLINKARM_CM3_RESET_TYPE_NORMAL)
T2D0C 22921:122.446 - 0.079ms returns JLINKARM_CM3_RESET_TYPE_NORMAL
T2D0C 22921:122.483 JLINK_Reset()
T2D0C 22921:122.646   ResetTarget() start
T2D0C 22921:122.691    J-Link Script File: Executing ResetTarget()
T2D0C 22921:122.733   CPU_ReadMem(4 bytes @ 0xE000EDFC)
T2D0C 22921:123.363   CPU_WriteMem(4 bytes @ 0xE000EDFC)
T2D0C 22921:123.912   CPU_WriteMem(4 bytes @ 0xE000ED0C)
T2D0C 22921:125.548   CPU_ReadMem(4 bytes @ 0xE000EDF0)
T2D0C 22921:131.094   CPU_ReadMem(4 bytes @ 0x41002100)
T2D0C 22921:131.627   CPU_WriteMem(4 bytes @ 0xE000EDFC)
T2D0C 22921:132.176   ResetTarget() end
T2D0C 22921:136.078   CPU_WriteMem(4 bytes @ 0xE0002000)
T2D0C 22921:137.335   CPU_ReadMem(4 bytes @ 0xE000EDFC)
T2D0C 22921:140.177   CPU_ReadMem(4 bytes @ 0xE0001000)
T2D0C 22921:143.251   CPU_WriteMem(4 bytes @ 0xE0001000)
T2D0C 22921:146.343 - 23.912ms
T33C0 22921:146.487 JLINK_IsHalted()
T33C0 22921:146.519 - 0.045ms returns TRUE
T33C0 22921:146.550 JLINK_GetMOEs(...)
T33C0 22921:146.585   CPU_ReadMem(4 bytes @ 0xE000ED30)
T33C0 22921:146.985 - 0.455ms returns 0x01
T33C0 22921:147.028 JLINK_ReadReg(R15 (PC))
T33C0 22921:147.066 - 0.052ms returns 0x00005DC0
T2D0C 22921:157.016 JLINK_ReadReg(R15 (PC))
T2D0C 22921:157.297 - 0.316ms returns 0x00005DC0
T2D0C 22921:157.430 JLINK_ReadReg(R13 (SP))
T2D0C 22921:157.454 - 0.034ms returns 0x20008000
T2D0C 22921:158.227 JLINK_ReadMemHW(0x00005DC0, 0x0004 Bytes, ...)
T2D0C 22921:158.308   CPU_ReadMem(4 bytes @ 0x00005DC0)
T2D0C 22921:158.794   Data:  10 B5 12 4A
T2D0C 22921:158.848 - 0.635ms returns 0
T2D0C 22921:202.097 JLINK_ReadMemHW(0x00000000, 0x0004 Bytes, ...)
T2D0C 22921:202.173   CPU_ReadMem(4 bytes @ 0x00000000)
T2D0C 22921:202.785   Data:  00 80 00 20
T2D0C 22921:202.847 - 0.764ms returns 0
T2D0C 22921:242.471 JLINK_ReadMemHW(0x00000000, 0x0004 Bytes, ...)
T2D0C 22921:242.638   CPU_ReadMem(4 bytes @ 0x00000000)
T2D0C 22921:243.161   Data:  00 80 00 20
T2D0C 22921:243.212 - 0.755ms returns 0
T2D0C 22921:244.324 JLINK_ReadMemHW(0x00000000, 0x0004 Bytes, ...)
T2D0C 22921:244.392   CPU_ReadMem(4 bytes @ 0x00000000)
T2D0C 22921:244.888   Data:  00 80 00 20
T2D0C 22921:244.939 - 0.629ms returns 0
T2D0C 22921:260.228 JLINK_ReadMemHW(0x00000000, 0x0004 Bytes, ...)
T2D0C 22921:260.376   CPU_ReadMem(4 bytes @ 0x00000000)
T2D0C 22921:261.128   Data:  00 80 00 20
T2D0C 22921:261.196 - 0.981ms returns 0
T2D0C 22921:318.700 JLINK_ReadMemHW(0x00005FDC, 0x0001 Bytes, ...)
T2D0C 22921:318.757   CPU_ReadMem(1 bytes @ 0x00005FDC)
T2D0C 22921:319.254   Data:  10
T2D0C 22921:319.317 - 0.630ms returns 0
T33C0 22921:351.640 JLINK_IsHalted()
T33C0 22921:351.713 - 0.089ms returns TRUE
T2D0C 22921:356.627 JLINK_ReadReg(R15 (PC))
T2D0C 22921:356.700 - 0.087ms returns 0x00005DC0
T2D0C 22921:356.978 JLINK_GetNumBPUnits(Type = 0xFFFFFF02)
T2D0C 22921:357.068 - 0.104ms returns 0x04
T2D0C 22921:357.104 JLINK_SetBPEx(Addr = 0x00005FDC, Type = 0xFFFFFFF2)
T2D0C 22921:357.140 - 0.049ms returns 0x00000001
T2D0C 22921:357.170 JLINK_GetBPInfo(BPHandle = 1)
T2D0C 22921:357.195 - 0.038ms returns 0x0
T2D0C 22921:357.948 JLINK_Go()
T2D0C 22921:358.208   CPU_WriteMem(4 bytes @ 0xE0002000)
T2D0C 22921:358.862   CPU_ReadMem(4 bytes @ 0xE0001000)
T2D0C 22921:359.416   CPU_WriteMem(4 bytes @ 0xE000ED30)
T2D0C 22921:360.032   CPU_WriteMem(4 bytes @ 0xE0001000)
T2D0C 22921:360.102   CPU_WriteMem(4 bytes @ 0xE0002008)
T2D0C 22921:360.141   CPU_WriteMem(4 bytes @ 0xE000200C)
T2D0C 22921:360.178   CPU_WriteMem(4 bytes @ 0xE0002010)
T2D0C 22921:360.216   CPU_WriteMem(4 bytes @ 0xE0002014)
T2D0C 22921:361.732   CPU_WriteMem(4 bytes @ 0xE0001004)
T2D0C 22921:362.791 - 4.883ms
T33C0 22921:362.876 JLINK_IsHalted()
T33C0 22921:363.316   CPU_ReadMem(4 bytes @ 0x41002100)
T33C0 22921:363.768 - 0.930ms returns FALSE
T33C0 22921:384.013 JLINK_IsHalted()
T33C0 22921:384.525   CPU_ReadMem(4 bytes @ 0x41002100)
T33C0 22921:385.003 - 1.019ms returns FALSE
T33C0 22921:466.182 JLINK_IsHalted()
T33C0 22921:473.079 - 6.948ms returns TRUE
T33C0 22921:473.158 JLINK_GetMOEs(...)
T33C0 22921:473.194   CPU_ReadMem(4 bytes @ 0xE000ED30)
T33C0 22921:473.621 - 0.592ms returns 0x01
T33C0 22921:473.780 JLINK_ReadReg(R15 (PC))
T33C0 22921:473.821 - 0.055ms returns 0x00005FDC
T2D0C 22921:480.944 JLINK_ReadReg(R15 (PC))
T2D0C 22921:481.051 - 0.121ms returns 0x00005FDC
T2D0C 22921:481.167 JLINK_ReadReg(R13 (SP))
T2D0C 22921:481.251 - 0.099ms returns 0x20007FF8
T2D0C 22921:482.038 JLINK_ReadMemHW(0x00005FDC, 0x0004 Bytes, ...)
T2D0C 22921:482.131   CPU_ReadMem(4 bytes @ 0x00005FDC)
T2D0C 22921:482.551   Data:  10 B5 02 F0
T2D0C 22921:482.610 - 0.585ms returns 0
T2D0C 22921:514.468 JLINK_WriteU32_64(0xE000EDFC, 0x01000000)
T2D0C 22921:514.511   Debug reg: DEMCR
T2D0C 22921:516.421   CPU_WriteMem(4 bytes @ 0xE000EDFC)
T2D0C 22921:519.523 - 5.110ms returns 0 (0x00000000)
T2D0C 22921:519.608 JLINK_ReadMem(0xE0001000, 0x4 Bytes, ...)
T2D0C 22921:519.658   CPU_ReadMem(4 bytes @ 0xE0001000)
T2D0C 22921:520.504   Data:  00 00 00 20
T2D0C 22921:520.581   Debug reg: DWT_CTRL
T2D0C 22921:520.621 - 1.027ms returns 0
T2D0C 22921:521.316 JLINK_WriteU32_64(0xE0001000, 0x20000001)
T2D0C 22921:521.375   Debug reg: DWT_CTRL
T2D0C 22921:521.443 - 0.142ms returns 0 (0x00000000)
T2D0C 22921:521.634 JLINK_WriteU32_64(0xE0001028, 0x00000100)
T2D0C 22921:521.867   Debug reg: DWT_FUNC[0]
T2D0C 22921:521.937 - 0.316ms returns 0 (0x00000000)
T2D0C 22921:521.971 JLINK_ReadMem(0xE0001028, 0x4 Bytes, ...)
T2D0C 22921:522.005   CPU_WriteMem(4 bytes @ 0xE0001028)
T2D0C 22921:522.466   CPU_ReadMem(4 bytes @ 0xE0001028)
T2D0C 22921:522.977   Data:  00 00 00 00
T2D0C 22921:523.052   Debug reg: DWT_FUNC[0]
T2D0C 22921:523.090 - 1.132ms returns 0
T2D0C 22921:523.216 JLINK_WriteU32_64(0xE0001024, 0x0000001F)
T2D0C 22921:523.246   Debug reg: DWT_MASK[0]
T2D0C 22921:523.306 - 0.105ms returns 0 (0x00000000)
T2D0C 22921:523.340 JLINK_ReadMem(0xE0001024, 0x4 Bytes, ...)
T2D0C 22921:523.377   CPU_WriteMem(4 bytes @ 0xE0001024)
T2D0C 22921:523.821   CPU_ReadMem(4 bytes @ 0xE0001024)
T2D0C 22921:524.261   Data:  1F 00 00 00
T2D0C 22921:524.314   Debug reg: DWT_MASK[0]
T2D0C 22921:524.352 - 1.025ms returns 0
T2D0C 22921:524.479 JLINK_WriteU32_64(0xE0001038, 0x00000100)
T2D0C 22921:524.511   Debug reg: DWT_FUNC[1]
T2D0C 22921:524.568 - 0.104ms returns 0 (0x00000000)
T2D0C 22921:524.600 JLINK_ReadMem(0xE0001038, 0x4 Bytes, ...)
T2D0C 22921:524.639   CPU_WriteMem(4 bytes @ 0xE0001038)
T2D0C 22921:525.063   CPU_ReadMem(4 bytes @ 0xE0001038)
T2D0C 22921:525.510   Data:  00 00 00 00
T2D0C 22921:525.573   Debug reg: DWT_FUNC[1]
T2D0C 22921:525.615 - 1.027ms returns 0
T2D0C 22921:525.741 JLINK_WriteU32_64(0xE0001034, 0x0000001F)
T2D0C 22921:525.772   Debug reg: DWT_MASK[1]
T2D0C 22921:525.832 - 0.106ms returns 0 (0x00000000)
T2D0C 22921:525.864 JLINK_ReadMem(0xE0001034, 0x4 Bytes, ...)
T2D0C 22921:525.898   CPU_WriteMem(4 bytes @ 0xE0001034)
T2D0C 22921:526.366   CPU_ReadMem(4 bytes @ 0xE0001034)
T2D0C 22921:527.066   Data:  1F 00 00 00
T2D0C 22921:527.138   Debug reg: DWT_MASK[1]
T2D0C 22921:527.174 - 1.323ms returns 0
T2D0C 22921:527.323 JLINK_WriteU32_64(0xE0001020, 0x00000000)
T2D0C 22921:527.354   Debug reg: DWT_COMP[0]
T2D0C 22921:527.413 - 0.104ms returns 0 (0x00000000)
T2D0C 22921:527.461 JLINK_WriteU32_64(0xE0001024, 0x00000000)
T2D0C 22921:527.488   Debug reg: DWT_MASK[0]
T2D0C 22921:527.529 - 0.086ms returns 0 (0x00000000)
T2D0C 22921:527.580 JLINK_WriteU32_64(0xE0001028, 0x00000000)
T2D0C 22921:527.607   Debug reg: DWT_FUNC[0]
T2D0C 22921:527.647 - 0.080ms returns 0 (0x00000000)
T2D0C 22921:527.690 JLINK_WriteU32_64(0xE0001030, 0x00000000)
T2D0C 22921:527.717   Debug reg: DWT_COMP[1]
T2D0C 22921:527.756 - 0.079ms returns 0 (0x00000000)
T2D0C 22921:527.798 JLINK_WriteU32_64(0xE0001034, 0x00000000)
T2D0C 22921:527.825   Debug reg: DWT_MASK[1]
T2D0C 22921:527.865 - 0.080ms returns 0 (0x00000000)
T2D0C 22921:527.909 JLINK_WriteU32_64(0xE0001038, 0x00000000)
T2D0C 22921:527.935   Debug reg: DWT_FUNC[1]
T2D0C 22921:527.977 - 0.081ms returns 0 (0x00000000)
T2D0C 22921:528.011 JLINK_GetBPInfo(BPHandle = 1)
T2D0C 22921:528.041 - 0.044ms returns 0x0
T2D0C 22921:528.072 JLINK_ClrBPEx(BPHandle = 0x00000001)
T2D0C 22921:528.104 - 0.047ms returns 0x00
T2D0C 22921:528.182 JLINK_ReadReg(R15 (PC))
T2D0C 22921:528.333 - 0.167ms returns 0x00005FDC
T2D0C 22921:528.699 JLINK_Go()
T2D0C 22921:528.781   CPU_WriteMem(4 bytes @ 0xE0001000)
T2D0C 22921:529.336   CPU_ReadMem(4 bytes @ 0xE0001000)
T2D0C 22921:529.806   CPU_WriteMem(4 bytes @ 0xE000ED30)
T2D0C 22921:530.298   CPU_WriteMem(4 bytes @ 0xE0001000)
T2D0C 22921:530.375   CPU_WriteMem(4 bytes @ 0xE0001020)
T2D0C 22921:530.415   CPU_WriteMem(4 bytes @ 0xE0001030)
T2D0C 22921:530.453   CPU_WriteMem(4 bytes @ 0xE0001024)
T2D0C 22921:530.497   CPU_WriteMem(4 bytes @ 0xE0001034)
T2D0C 22921:530.535   CPU_WriteMem(4 bytes @ 0xE0001028)
T2D0C 22921:530.572   CPU_WriteMem(4 bytes @ 0xE0001038)
T2D0C 22921:530.718   CPU_WriteMem(4 bytes @ 0xE0002008)
T2D0C 22921:534.090 - 5.439ms
T33C0 22921:534.178 JLINK_IsHalted()
T33C0 22921:534.551   CPU_ReadMem(4 bytes @ 0x41002100)
T33C0 22921:535.001 - 0.844ms returns FALSE
T17C4 22921:554.331 JLINK_EMU_GetList(InterfaceMask = 0x00000001, MaxInfos = 0x00000032) 
T17C4 22921:563.959   [0]: USB, S/N: 801014814
T17C4 22921:564.137 - 9.823ms returns 1
T17C4 22921:564.430 JLINK_EMU_GetList(InterfaceMask = 0x00000002, MaxInfos = 0x00000032) 
T17C4 22921:625.142 - 60.766ms returns 0
T33C0 22921:625.505 JLINK_IsHalted()
T33C0 22921:627.366   CPU_ReadMem(4 bytes @ 0x41002100)
T33C0 22921:628.108 - 2.653ms returns FALSE
T33C0 22921:789.348 JLINK_IsHalted()
T33C0 22921:789.820   CPU_ReadMem(4 bytes @ 0x41002100)
T33C0 22921:791.006 - 1.709ms returns FALSE
T33C0 22921:991.565 JLINK_IsHalted()
T33C0 22921:992.210   CPU_ReadMem(4 bytes @ 0x41002100)
T33C0 22921:992.669 - 1.121ms returns FALSE
T33C0 22922:193.407 JLINK_IsHalted()
T33C0 22922:194.023   CPU_ReadMem(4 bytes @ 0x41002100)
T33C0 22922:194.465 - 1.124ms returns FALSE
T33C0 22922:394.736 JLINK_IsHalted()
T33C0 22922:395.249   CPU_ReadMem(4 bytes @ 0x41002100)
T33C0 22922:395.794 - 1.110ms returns FALSE
T33C0 22922:599.095 JLINK_IsHalted()
T33C0 22922:599.628   CPU_ReadMem(4 bytes @ 0x41002100)
T33C0 22922:600.045 - 0.969ms returns FALSE
T33C0 22922:800.297 JLINK_IsHalted()
T33C0 22922:801.115   CPU_ReadMem(4 bytes @ 0x41002100)
T33C0 22922:805.276 - 5.036ms returns FALSE
T17C4 22922:805.378 JLINK_EMU_GetList(InterfaceMask = 0x00000001, MaxInfos = 0x00000032) 
T17C4 22922:807.891   [0]: USB, S/N: 801014814
T17C4 22922:807.960 - 2.595ms returns 1
T17C4 22922:808.097 JLINK_EMU_GetList(InterfaceMask = 0x00000002, MaxInfos = 0x00000032) 
T17C4 22922:861.487 - 53.445ms returns 0
T33C0 22923:006.139 JLINK_IsHalted()
T33C0 22923:006.621   CPU_ReadMem(4 bytes @ 0x41002100)
T33C0 22923:007.034 - 0.923ms returns FALSE
T33C0 22923:208.448 JLINK_IsHalted()
T33C0 22923:208.996   CPU_ReadMem(4 bytes @ 0x41002100)
T33C0 22923:209.879 - 1.494ms returns FALSE
T33C0 22923:411.799 JLINK_IsHalted()
T33C0 22923:412.470   CPU_ReadMem(4 bytes @ 0x41002100)
T33C0 22923:412.998 - 1.219ms returns FALSE
T33C0 22923:613.435 JLINK_IsHalted()
T33C0 22923:613.987   CPU_ReadMem(4 bytes @ 0x41002100)
T33C0 22923:614.415 - 0.993ms returns FALSE
T33C0 22923:815.652 JLINK_IsHalted()
T33C0 22923:816.377   CPU_ReadMem(4 bytes @ 0x41002100)
T33C0 22923:817.123 - 1.494ms returns FALSE
T17C4 22923:912.192 JLINK_EMU_GetList(InterfaceMask = 0x00000001, MaxInfos = 0x00000032) 
T17C4 22923:913.926   [0]: USB, S/N: 801014814
T17C4 22923:913.973 - 1.791ms returns 1
T17C4 22923:914.077 JLINK_EMU_GetList(InterfaceMask = 0x00000002, MaxInfos = 0x00000032) 
T17C4 22923:965.015 - 51.108ms returns 0
T33C0 22924:017.235 JLINK_IsHalted()
T33C0 22924:018.228   CPU_ReadMem(4 bytes @ 0x41002100)
T33C0 22924:018.913 - 1.741ms returns FALSE
T33C0 22924:218.683 JLINK_IsHalted()
T33C0 22924:219.401   CPU_ReadMem(4 bytes @ 0x41002100)
T33C0 22924:219.925 - 1.262ms returns FALSE
T33C0 22924:420.017 JLINK_IsHalted()
T33C0 22924:420.634   CPU_ReadMem(4 bytes @ 0x41002100)
T33C0 22924:421.125 - 1.121ms returns FALSE
T33C0 22924:621.058 JLINK_IsHalted()
T33C0 22924:621.841   CPU_ReadMem(4 bytes @ 0x41002100)
T33C0 22924:622.363 - 1.358ms returns FALSE
T33C0 22924:822.978 JLINK_IsHalted()
T33C0 22924:823.446   CPU_ReadMem(4 bytes @ 0x41002100)
T33C0 22924:824.030 - 1.105ms returns FALSE
T17C4 22925:012.670 JLINK_EMU_GetList(InterfaceMask = 0x00000001, MaxInfos = 0x00000032) 
T17C4 22925:014.448   [0]: USB, S/N: 801014814
T17C4 22925:014.510 - 1.851ms returns 1
T17C4 22925:014.627 JLINK_EMU_GetList(InterfaceMask = 0x00000002, MaxInfos = 0x00000032) 
T17C4 22925:066.367 - 51.799ms returns 0
T33C0 22925:066.473 JLINK_IsHalted()
T33C0 22925:067.098   CPU_ReadMem(4 bytes @ 0x41002100)
T33C0 22925:067.989 - 1.556ms returns FALSE
T33C0 22925:268.853 JLINK_IsHalted()
T33C0 22925:269.463   CPU_ReadMem(4 bytes @ 0x41002100)
T33C0 22925:270.107 - 1.305ms returns FALSE
T33C0 22925:470.893 JLINK_IsHalted()
T33C0 22925:471.431   CPU_ReadMem(4 bytes @ 0x41002100)
T33C0 22925:471.872 - 0.996ms returns FALSE
T33C0 22925:673.063 JLINK_IsHalted()
T33C0 22925:673.782   CPU_ReadMem(4 bytes @ 0x41002100)
T33C0 22925:674.317 - 1.320ms returns FALSE
T33C0 22925:875.053 JLINK_IsHalted()
T33C0 22925:875.783   CPU_ReadMem(4 bytes @ 0x41002100)
T33C0 22925:876.163 - 1.126ms returns FALSE
T33C0 22926:076.497 JLINK_IsHalted()
T33C0 22926:077.036   CPU_ReadMem(4 bytes @ 0x41002100)
T33C0 22926:077.506 - 1.050ms returns FALSE
T17C4 22926:116.605 JLINK_EMU_GetList(InterfaceMask = 0x00000001, MaxInfos = 0x00000032) 
T17C4 22926:118.647   [0]: USB, S/N: 801014814
T17C4 22926:118.717 - 2.126ms returns 1
T17C4 22926:118.850 JLINK_EMU_GetList(InterfaceMask = 0x00000002, MaxInfos = 0x00000032) 
T17C4 22926:170.281 - 51.484ms returns 0
T33C0 22926:279.357 JLINK_IsHalted()
T33C0 22926:279.842   CPU_ReadMem(4 bytes @ 0x41002100)
T33C0 22926:280.284 - 0.943ms returns FALSE
T33C0 22926:481.888 JLINK_IsHalted()
T33C0 22926:482.477   CPU_ReadMem(4 bytes @ 0x41002100)
T33C0 22926:482.977 - 1.158ms returns FALSE
T33C0 22926:683.121 JLINK_IsHalted()
T33C0 22926:683.655   CPU_ReadMem(4 bytes @ 0x41002100)
T33C0 22926:684.054 - 0.995ms returns FALSE
T33C0 22926:884.331 JLINK_IsHalted()
T33C0 22926:884.814   CPU_ReadMem(4 bytes @ 0x41002100)
T33C0 22926:885.337 - 1.059ms returns FALSE
T33C0 22927:086.280 JLINK_IsHalted()
T33C0 22927:086.837   CPU_ReadMem(4 bytes @ 0x41002100)
T33C0 22927:087.269 - 1.050ms returns FALSE
T17C4 22927:226.828 JLINK_EMU_GetList(InterfaceMask = 0x00000001, MaxInfos = 0x00000032) 
T17C4 22927:228.629   [0]: USB, S/N: 801014814
T17C4 22927:228.684 - 1.870ms returns 1
T17C4 22927:228.828 JLINK_EMU_GetList(InterfaceMask = 0x00000002, MaxInfos = 0x00000032) 
T17C4 22927:282.422 - 53.647ms returns 0
T33C0 22927:288.203 JLINK_IsHalted()
T33C0 22927:288.686   CPU_ReadMem(4 bytes @ 0x41002100)
T33C0 22927:289.078 - 0.887ms returns FALSE
T33C0 22927:490.195 JLINK_IsHalted()
T33C0 22927:490.673   CPU_ReadMem(4 bytes @ 0x41002100)
T33C0 22927:491.046 - 0.865ms returns FALSE
T33C0 22927:691.294 JLINK_IsHalted()
T33C0 22927:691.938   CPU_ReadMem(4 bytes @ 0x41002100)
T33C0 22927:692.671 - 1.429ms returns FALSE
T33C0 22927:892.748 JLINK_IsHalted()
T33C0 22927:893.221   CPU_ReadMem(4 bytes @ 0x41002100)
T33C0 22927:893.573 - 0.838ms returns FALSE
T33C0 22928:095.232 JLINK_IsHalted()
T33C0 22928:095.793   CPU_ReadMem(4 bytes @ 0x41002100)
T33C0 22928:096.233 - 1.019ms returns FALSE
T33C0 22928:297.401 JLINK_IsHalted()
T33C0 22928:297.992   CPU_ReadMem(4 bytes @ 0x41002100)
T33C0 22928:298.392 - 1.007ms returns FALSE
T17C4 22928:334.251 JLINK_EMU_GetList(InterfaceMask = 0x00000001, MaxInfos = 0x00000032) 
T17C4 22928:335.778   [0]: USB, S/N: 801014814
T17C4 22928:335.834 - 1.595ms returns 1
T17C4 22928:335.952 JLINK_EMU_GetList(InterfaceMask = 0x00000002, MaxInfos = 0x00000032) 
T17C4 22928:387.325 - 51.429ms returns 0
T33C0 22928:498.567 JLINK_IsHalted()
T33C0 22928:499.068   CPU_ReadMem(4 bytes @ 0x41002100)
T33C0 22928:499.468 - 0.925ms returns FALSE
T33C0 22928:699.759 JLINK_IsHalted()
T33C0 22928:700.244   CPU_ReadMem(4 bytes @ 0x41002100)
T33C0 22928:700.649 - 0.942ms returns FALSE
T33C0 22928:900.812 JLINK_IsHalted()
T33C0 22928:901.643   CPU_ReadMem(4 bytes @ 0x41002100)
T33C0 22928:902.299 - 1.593ms returns FALSE
T33C0 22929:102.885 JLINK_IsHalted()
T33C0 22929:103.382   CPU_ReadMem(4 bytes @ 0x41002100)
T33C0 22929:103.772 - 0.901ms returns FALSE
T33C0 22929:304.823 JLINK_IsHalted()
T33C0 22929:305.412   CPU_ReadMem(4 bytes @ 0x41002100)
T33C0 22929:306.034 - 1.259ms returns FALSE
T17C4 22929:439.385 JLINK_EMU_GetList(InterfaceMask = 0x00000001, MaxInfos = 0x00000032) 
T17C4 22929:440.957   [0]: USB, S/N: 801014814
T17C4 22929:441.009 - 1.636ms returns 1
T17C4 22929:441.153 JLINK_EMU_GetList(InterfaceMask = 0x00000002, MaxInfos = 0x00000032) 
T17C4 22929:494.941 - 53.865ms returns 0
T33C0 22929:505.819 JLINK_IsHalted()
T33C0 22929:506.358   CPU_ReadMem(4 bytes @ 0x41002100)
T33C0 22929:506.800 - 1.034ms returns FALSE
T33C0 22929:707.418 JLINK_IsHalted()
T33C0 22929:708.001   CPU_ReadMem(4 bytes @ 0x41002100)
T33C0 22929:708.389 - 0.987ms returns FALSE
T33C0 22929:910.356 JLINK_IsHalted()
T33C0 22929:910.906   CPU_ReadMem(4 bytes @ 0x41002100)
T33C0 22929:911.320 - 0.980ms returns FALSE
T33C0 22930:112.266 JLINK_IsHalted()
T33C0 22930:112.930   CPU_ReadMem(4 bytes @ 0x41002100)
T33C0 22930:113.387 - 1.135ms returns FALSE
T33C0 22930:313.123 JLINK_IsHalted()
T33C0 22930:313.661   CPU_ReadMem(4 bytes @ 0x41002100)
T33C0 22930:314.092 - 0.984ms returns FALSE
T33C0 22930:514.861 JLINK_IsHalted()
T33C0 22930:515.343   CPU_ReadMem(4 bytes @ 0x41002100)
T33C0 22930:515.750 - 0.901ms returns FALSE
T17C4 22930:543.678 JLINK_EMU_GetList(InterfaceMask = 0x00000001, MaxInfos = 0x00000032) 
T17C4 22930:545.260   [0]: USB, S/N: 801014814
T17C4 22930:545.302 - 1.634ms returns 1
T17C4 22930:545.406 JLINK_EMU_GetList(InterfaceMask = 0x00000002, MaxInfos = 0x00000032) 
T17C4 22930:596.895 - 51.543ms returns 0
T33C0 22930:718.440 JLINK_IsHalted()
T33C0 22930:719.017   CPU_ReadMem(4 bytes @ 0x41002100)
T33C0 22930:719.451 - 1.034ms returns FALSE
T33C0 22930:920.527 JLINK_IsHalted()
T33C0 22930:921.112   CPU_ReadMem(4 bytes @ 0x41002100)
T33C0 22930:921.602 - 1.106ms returns FALSE
T33C0 22931:121.550 JLINK_IsHalted()
T33C0 22931:122.220   CPU_ReadMem(4 bytes @ 0x41002100)
T33C0 22931:122.635 - 1.097ms returns FALSE
T33C0 22931:324.001 JLINK_IsHalted()
T33C0 22931:324.703   CPU_ReadMem(4 bytes @ 0x41002100)
T33C0 22931:325.124 - 1.136ms returns FALSE
T33C0 22931:525.303 JLINK_IsHalted()
T33C0 22931:525.753   CPU_ReadMem(4 bytes @ 0x41002100)
T33C0 22931:526.093 - 0.807ms returns FALSE
T17C4 22931:655.811 JLINK_EMU_GetList(InterfaceMask = 0x00000001, MaxInfos = 0x00000032) 
T17C4 22931:657.811   [0]: USB, S/N: 801014814
T17C4 22931:657.867 - 2.066ms returns 1
T17C4 22931:657.980 JLINK_EMU_GetList(InterfaceMask = 0x00000002, MaxInfos = 0x00000032) 
T17C4 22931:712.838 - 54.914ms returns 0
T33C0 22931:726.493 JLINK_IsHalted()
T33C0 22931:726.975   CPU_ReadMem(4 bytes @ 0x41002100)
T33C0 22931:727.345 - 0.866ms returns FALSE
T33C0 22931:927.790 JLINK_IsHalted()
T33C0 22931:928.286   CPU_ReadMem(4 bytes @ 0x41002100)
T33C0 22931:928.815 - 1.062ms returns FALSE
T33C0 22932:131.168 JLINK_IsHalted()
T33C0 22932:131.735   CPU_ReadMem(4 bytes @ 0x41002100)
T33C0 22932:132.176 - 1.022ms returns FALSE
T33C0 22932:332.424 JLINK_IsHalted()
T33C0 22932:332.982   CPU_ReadMem(4 bytes @ 0x41002100)
T33C0 22932:333.367 - 0.960ms returns FALSE
T33C0 22932:533.677 JLINK_IsHalted()
T33C0 22932:534.322   CPU_ReadMem(4 bytes @ 0x41002100)
T33C0 22932:534.985 - 1.370ms returns FALSE
T33C0 22932:736.046 JLINK_IsHalted()
T33C0 22932:736.527   CPU_ReadMem(4 bytes @ 0x41002100)
T33C0 22932:737.054 - 1.083ms returns FALSE
T17C4 22932:773.558 JLINK_EMU_GetList(InterfaceMask = 0x00000001, MaxInfos = 0x00000032) 
T17C4 22932:775.470   [0]: USB, S/N: 801014814
T17C4 22932:775.528 - 1.984ms returns 1
T17C4 22932:775.670 JLINK_EMU_GetList(InterfaceMask = 0x00000002, MaxInfos = 0x00000032) 
T17C4 22932:830.832 - 55.231ms returns 0
T33C0 22932:937.158 JLINK_IsHalted()
T33C0 22932:937.638   CPU_ReadMem(4 bytes @ 0x41002100)
T33C0 22932:938.039 - 0.897ms returns FALSE
T33C0 22933:139.099 JLINK_IsHalted()
T33C0 22933:139.593   CPU_ReadMem(4 bytes @ 0x41002100)
T33C0 22933:139.953 - 0.867ms returns FALSE
T33C0 22933:340.891 JLINK_IsHalted()
T33C0 22933:341.412   CPU_ReadMem(4 bytes @ 0x41002100)
T33C0 22933:341.794 - 0.919ms returns FALSE
T33C0 22933:542.344 JLINK_IsHalted()
T33C0 22933:542.891   CPU_ReadMem(4 bytes @ 0x41002100)
T33C0 22933:543.278 - 0.949ms returns FALSE
T33C0 22933:744.050 JLINK_IsHalted()
T33C0 22933:744.759   CPU_ReadMem(4 bytes @ 0x41002100)
T33C0 22933:745.367 - 1.381ms returns FALSE
T17C4 22933:904.540 JLINK_EMU_GetList(InterfaceMask = 0x00000001, MaxInfos = 0x00000032) 
T17C4 22933:906.694   [0]: USB, S/N: 801014814
T17C4 22933:906.788 - 2.262ms returns 1
T17C4 22933:907.216 JLINK_EMU_GetList(InterfaceMask = 0x00000002, MaxInfos = 0x00000032) 
T17C4 22933:966.765 - 59.605ms returns 0
T33C0 22933:966.941 JLINK_IsHalted()
T33C0 22933:968.740   CPU_ReadMem(4 bytes @ 0x41002100)
T33C0 22933:970.333 - 3.518ms returns FALSE
T33C0 22934:170.259 JLINK_IsHalted()
T33C0 22934:173.293   CPU_ReadMem(4 bytes @ 0x41002100)
T33C0 22934:174.252 - 4.049ms returns FALSE
T33C0 22934:375.541 JLINK_IsHalted()
T33C0 22934:376.108   CPU_ReadMem(4 bytes @ 0x41002100)
T33C0 22934:376.544 - 1.028ms returns FALSE
T33C0 22934:578.594 JLINK_IsHalted()
T33C0 22934:579.212   CPU_ReadMem(4 bytes @ 0x41002100)
T33C0 22934:579.654 - 1.080ms returns FALSE
T33C0 22934:779.723 JLINK_IsHalted()
T33C0 22934:780.416   CPU_ReadMem(4 bytes @ 0x41002100)
T33C0 22934:780.802 - 1.094ms returns FALSE
T33C0 22934:980.899 JLINK_IsHalted()
T33C0 22934:981.410   CPU_ReadMem(4 bytes @ 0x41002100)
T33C0 22934:981.821 - 0.934ms returns FALSE
T17C4 22935:014.723 JLINK_EMU_GetList(InterfaceMask = 0x00000001, MaxInfos = 0x00000032) 
T17C4 22935:016.894   [0]: USB, S/N: 801014814
T17C4 22935:016.972 - 2.263ms returns 1
T17C4 22935:017.251 JLINK_EMU_GetList(InterfaceMask = 0x00000002, MaxInfos = 0x00000032) 
T17C4 22935:068.856 - 51.674ms returns 0
T33C0 22935:183.309 JLINK_IsHalted()
T33C0 22935:183.889   CPU_ReadMem(4 bytes @ 0x41002100)
T33C0 22935:184.330 - 1.069ms returns FALSE
T33C0 22935:384.359 JLINK_IsHalted()
T33C0 22935:384.898   CPU_ReadMem(4 bytes @ 0x41002100)
T33C0 22935:385.462 - 1.169ms returns FALSE
T33C0 22935:585.494 JLINK_IsHalted()
T33C0 22935:586.039   CPU_ReadMem(4 bytes @ 0x41002100)
T33C0 22935:586.402 - 0.927ms returns FALSE
T33C0 22935:786.846 JLINK_IsHalted()
T33C0 22935:787.313   CPU_ReadMem(4 bytes @ 0x41002100)
T33C0 22935:787.750 - 0.922ms returns FALSE
T33C0 22935:988.393 JLINK_IsHalted()
T33C0 22935:989.111   CPU_ReadMem(4 bytes @ 0x41002100)
T33C0 22935:989.582 - 1.205ms returns FALSE
T17C4 22936:125.836 JLINK_EMU_GetList(InterfaceMask = 0x00000001, MaxInfos = 0x00000032) 
T17C4 22936:127.994   [0]: USB, S/N: 801014814
T17C4 22936:128.062 - 2.238ms returns 1
T17C4 22936:128.186 JLINK_EMU_GetList(InterfaceMask = 0x00000002, MaxInfos = 0x00000032) 
T17C4 22936:180.561 - 52.430ms returns 0
T33C0 22936:189.519 JLINK_IsHalted()
T33C0 22936:190.151   CPU_ReadMem(4 bytes @ 0x41002100)
T33C0 22936:190.537 - 1.067ms returns FALSE
T33C0 22936:390.556 JLINK_IsHalted()
T33C0 22936:391.145   CPU_ReadMem(4 bytes @ 0x41002100)
T33C0 22936:391.560 - 1.016ms returns FALSE
T33C0 22936:592.195 JLINK_IsHalted()
T33C0 22936:592.944   CPU_ReadMem(4 bytes @ 0x41002100)
T33C0 22936:593.481 - 1.337ms returns FALSE
T33C0 22936:794.075 JLINK_IsHalted()
T33C0 22936:794.518   CPU_ReadMem(4 bytes @ 0x41002100)
T33C0 22936:794.860 - 0.799ms returns FALSE
T33C0 22936:994.906 JLINK_IsHalted()
T33C0 22936:995.495   CPU_ReadMem(4 bytes @ 0x41002100)
T33C0 22936:996.003 - 1.165ms returns FALSE
T33C0 22937:196.304 JLINK_IsHalted()
T33C0 22937:196.805   CPU_ReadMem(4 bytes @ 0x41002100)
T33C0 22937:197.204 - 0.921ms returns FALSE
T17C4 22937:239.156 JLINK_EMU_GetList(InterfaceMask = 0x00000001, MaxInfos = 0x00000032) 
T17C4 22937:240.842   [0]: USB, S/N: 801014814
T17C4 22937:240.887 - 1.741ms returns 1
T17C4 22937:240.997 JLINK_EMU_GetList(InterfaceMask = 0x00000002, MaxInfos = 0x00000032) 
T17C4 22937:293.907 - 52.975ms returns 0
T33C0 22937:397.450 JLINK_IsHalted()
T33C0 22937:397.985   CPU_ReadMem(4 bytes @ 0x41002100)
T33C0 22937:398.399 - 0.965ms returns FALSE
T33C0 22937:598.914 JLINK_IsHalted()
T33C0 22937:599.476   CPU_ReadMem(4 bytes @ 0x41002100)
T33C0 22937:599.982 - 1.084ms returns FALSE
T33C0 22937:800.276 JLINK_IsHalted()
T33C0 22937:800.855   CPU_ReadMem(4 bytes @ 0x41002100)
T33C0 22937:801.241 - 0.978ms returns FALSE
T33C0 22938:001.280 JLINK_IsHalted()
T33C0 22938:001.773   CPU_ReadMem(4 bytes @ 0x41002100)
T33C0 22938:002.144 - 0.877ms returns FALSE
T33C0 22938:201.532 JLINK_IsHalted()
T33C0 22938:202.075   CPU_ReadMem(4 bytes @ 0x41002100)
T33C0 22938:202.436 - 0.917ms returns FALSE
T17C4 22938:345.762 JLINK_EMU_GetList(InterfaceMask = 0x00000001, MaxInfos = 0x00000032) 
T17C4 22938:347.463   [0]: USB, S/N: 801014814
T17C4 22938:347.512 - 1.762ms returns 1
T17C4 22938:347.644 JLINK_EMU_GetList(InterfaceMask = 0x00000002, MaxInfos = 0x00000032) 
T17C4 22938:398.937 - 51.350ms returns 0
T33C0 22938:403.027 JLINK_IsHalted()
T33C0 22938:403.525   CPU_ReadMem(4 bytes @ 0x41002100)
T33C0 22938:403.993 - 0.980ms returns FALSE
T33C0 22938:604.159 JLINK_IsHalted()
T33C0 22938:604.642   CPU_ReadMem(4 bytes @ 0x41002100)
T33C0 22938:605.012 - 0.867ms returns FALSE
T33C0 22938:805.510 JLINK_IsHalted()
T33C0 22938:806.138   CPU_ReadMem(4 bytes @ 0x41002100)
T33C0 22938:806.601 - 1.113ms returns FALSE
T33C0 22939:006.528 JLINK_IsHalted()
T33C0 22939:007.070   CPU_ReadMem(4 bytes @ 0x41002100)
T33C0 22939:007.476 - 0.971ms returns FALSE
T33C0 22939:207.969 JLINK_IsHalted()
T33C0 22939:208.544   CPU_ReadMem(4 bytes @ 0x41002100)
T33C0 22939:208.972 - 1.016ms returns FALSE
T33C0 22939:409.011 JLINK_IsHalted()
T33C0 22939:409.726   CPU_ReadMem(4 bytes @ 0x41002100)
T33C0 22939:410.283 - 1.287ms returns FALSE
T17C4 22939:453.438 JLINK_EMU_GetList(InterfaceMask = 0x00000001, MaxInfos = 0x00000032) 
T17C4 22939:455.449   [0]: USB, S/N: 801014814
T17C4 22939:455.505 - 2.080ms returns 1
T17C4 22939:455.647 JLINK_EMU_GetList(InterfaceMask = 0x00000002, MaxInfos = 0x00000032) 
T17C4 22939:509.711 - 54.133ms returns 0
T33C0 22939:610.519 JLINK_IsHalted()
T33C0 22939:611.041   CPU_ReadMem(4 bytes @ 0x41002100)
T33C0 22939:611.475 - 1.022ms returns FALSE
T33C0 22939:811.751 JLINK_IsHalted()
T33C0 22939:812.401   CPU_ReadMem(4 bytes @ 0x41002100)
T33C0 22939:812.848 - 1.109ms returns FALSE
T33C0 22940:012.920 JLINK_IsHalted()
T33C0 22940:013.470   CPU_ReadMem(4 bytes @ 0x41002100)
T33C0 22940:014.029 - 1.174ms returns FALSE
T33C0 22940:214.239 JLINK_IsHalted()
T33C0 22940:214.963   CPU_ReadMem(4 bytes @ 0x41002100)
T33C0 22940:215.423 - 1.198ms returns FALSE
T33C0 22940:415.398 JLINK_IsHalted()
T33C0 22940:415.888   CPU_ReadMem(4 bytes @ 0x41002100)
T33C0 22940:416.299 - 0.945ms returns FALSE
T17C4 22940:557.261 JLINK_EMU_GetList(InterfaceMask = 0x00000001, MaxInfos = 0x00000032) 
T17C4 22940:559.082   [0]: USB, S/N: 801014814
T17C4 22940:559.129 - 1.880ms returns 1
T17C4 22940:559.245 JLINK_EMU_GetList(InterfaceMask = 0x00000002, MaxInfos = 0x00000032) 
T17C4 22940:611.803 - 52.610ms returns 0
T33C0 22940:616.532 JLINK_IsHalted()
T33C0 22940:617.122   CPU_ReadMem(4 bytes @ 0x41002100)
T33C0 22940:617.659 - 1.180ms returns FALSE
T33C0 22940:817.787 JLINK_IsHalted()
T33C0 22940:818.290   CPU_ReadMem(4 bytes @ 0x41002100)
T33C0 22940:818.658 - 0.886ms returns FALSE
T33C0 22941:018.311 JLINK_IsHalted()
T33C0 22941:018.922   CPU_ReadMem(4 bytes @ 0x41002100)
T33C0 22941:019.329 - 1.031ms returns FALSE
T33C0 22941:219.428 JLINK_IsHalted()
T33C0 22941:220.042   CPU_ReadMem(4 bytes @ 0x41002100)
T33C0 22941:220.435 - 1.054ms returns FALSE
T33C0 22941:420.693 JLINK_IsHalted()
T33C0 22941:421.141   CPU_ReadMem(4 bytes @ 0x41002100)
T33C0 22941:421.501 - 0.822ms returns FALSE
T33C0 22941:621.979 JLINK_IsHalted()
T33C0 22941:622.447   CPU_ReadMem(4 bytes @ 0x41002100)
T33C0 22941:622.826 - 0.862ms returns FALSE
T17C4 22941:671.113 JLINK_EMU_GetList(InterfaceMask = 0x00000001, MaxInfos = 0x00000032) 
T17C4 22941:673.160   [0]: USB, S/N: 801014814
T17C4 22941:673.252 - 2.149ms returns 1
T17C4 22941:673.367 JLINK_EMU_GetList(InterfaceMask = 0x00000002, MaxInfos = 0x00000032) 
T17C4 22941:726.465 - 53.157ms returns 0
T33C0 22941:823.253 JLINK_IsHalted()
T33C0 22941:823.760   CPU_ReadMem(4 bytes @ 0x41002100)
T33C0 22941:824.136 - 0.901ms returns FALSE
T33C0 22942:024.578 JLINK_IsHalted()
T33C0 22942:025.086   CPU_ReadMem(4 bytes @ 0x41002100)
T33C0 22942:025.465 - 0.902ms returns FALSE
T33C0 22942:225.831 JLINK_IsHalted()
T33C0 22942:226.337   CPU_ReadMem(4 bytes @ 0x41002100)
T33C0 22942:226.768 - 0.966ms returns FALSE
T33C0 22942:426.981 JLINK_IsHalted()
T33C0 22942:427.452   CPU_ReadMem(4 bytes @ 0x41002100)
T33C0 22942:427.960 - 1.081ms returns FALSE
T33C0 22942:628.326 JLINK_IsHalted()
T33C0 22942:628.817   CPU_ReadMem(4 bytes @ 0x41002100)
T33C0 22942:629.215 - 0.909ms returns FALSE
T17C4 22942:772.703 JLINK_EMU_GetList(InterfaceMask = 0x00000001, MaxInfos = 0x00000032) 
T17C4 22942:774.064   [0]: USB, S/N: 801014814
T17C4 22942:774.105 - 1.411ms returns 1
T17C4 22942:774.207 JLINK_EMU_GetList(InterfaceMask = 0x00000002, MaxInfos = 0x00000032) 
T17C4 22942:825.663 - 51.504ms returns 0
T33C0 22942:829.466 JLINK_IsHalted()
T33C0 22942:829.979   CPU_ReadMem(4 bytes @ 0x41002100)
T33C0 22942:830.393 - 0.944ms returns FALSE
T33C0 22943:030.970 JLINK_IsHalted()
T33C0 22943:031.601   CPU_ReadMem(4 bytes @ 0x41002100)
T33C0 22943:032.000 - 1.044ms returns FALSE
T33C0 22943:232.073 JLINK_IsHalted()
T33C0 22943:232.543   CPU_ReadMem(4 bytes @ 0x41002100)
T33C0 22943:232.971 - 0.913ms returns FALSE
T33C0 22943:433.448 JLINK_IsHalted()
T33C0 22943:434.124   CPU_ReadMem(4 bytes @ 0x41002100)
T33C0 22943:434.528 - 1.094ms returns FALSE
T33C0 22943:634.498 JLINK_IsHalted()
T33C0 22943:634.966   CPU_ReadMem(4 bytes @ 0x41002100)
T33C0 22943:635.386 - 0.905ms returns FALSE
T33C0 22943:837.133 JLINK_IsHalted()
T33C0 22943:837.886   CPU_ReadMem(4 bytes @ 0x41002100)
T33C0 22943:838.357 - 1.282ms returns FALSE
T17C4 22943:888.917 JLINK_EMU_GetList(InterfaceMask = 0x00000001, MaxInfos = 0x00000032) 
T17C4 22943:890.696   [0]: USB, S/N: 801014814
T17C4 22943:890.758 - 1.854ms returns 1
T17C4 22943:890.884 JLINK_EMU_GetList(InterfaceMask = 0x00000002, MaxInfos = 0x00000032) 
T17C4 22943:943.604 - 52.874ms returns 0
T33C0 22944:038.295 JLINK_IsHalted()
T33C0 22944:038.846   CPU_ReadMem(4 bytes @ 0x41002100)
T33C0 22944:039.359 - 1.079ms returns FALSE
T33C0 22944:239.457 JLINK_IsHalted()
T33C0 22944:240.032   CPU_ReadMem(4 bytes @ 0x41002100)
T33C0 22944:240.465 - 1.024ms returns FALSE
T33C0 22944:440.671 JLINK_IsHalted()
T33C0 22944:441.157   CPU_ReadMem(4 bytes @ 0x41002100)
T33C0 22944:441.702 - 1.084ms returns FALSE
T33C0 22944:641.936 JLINK_IsHalted()
T33C0 22944:642.608   CPU_ReadMem(4 bytes @ 0x41002100)
T33C0 22944:643.028 - 1.105ms returns FALSE
T33C0 22944:843.183 JLINK_IsHalted()
T33C0 22944:843.771   CPU_ReadMem(4 bytes @ 0x41002100)
T33C0 22944:844.307 - 1.178ms returns FALSE
T17C4 22944:988.592 JLINK_EMU_GetList(InterfaceMask = 0x00000001, MaxInfos = 0x00000032) 
T17C4 22944:990.029   [0]: USB, S/N: 801014814
T17C4 22944:990.073 - 1.491ms returns 1
T17C4 22944:990.178 JLINK_EMU_GetList(InterfaceMask = 0x00000002, MaxInfos = 0x00000032) 
T17C4 22945:041.469 - 51.342ms returns 0
T33C0 22945:044.293 JLINK_IsHalted()
T33C0 22945:044.961   CPU_ReadMem(4 bytes @ 0x41002100)
T33C0 22945:045.360 - 1.080ms returns FALSE
T33C0 22945:245.789 JLINK_IsHalted()
T33C0 22945:246.310   CPU_ReadMem(4 bytes @ 0x41002100)
T33C0 22945:246.763 - 0.997ms returns FALSE
T33C0 22945:446.857 JLINK_IsHalted()
T33C0 22945:447.435   CPU_ReadMem(4 bytes @ 0x41002100)
T33C0 22945:447.978 - 1.138ms returns FALSE
T33C0 22945:648.293 JLINK_IsHalted()
T33C0 22945:648.786   CPU_ReadMem(4 bytes @ 0x41002100)
T33C0 22945:649.140 - 0.860ms returns FALSE
T33C0 22945:849.469 JLINK_IsHalted()
T33C0 22945:850.207   CPU_ReadMem(4 bytes @ 0x41002100)
T33C0 22945:850.810 - 1.406ms returns FALSE
T33C0 22946:050.584 JLINK_IsHalted()
T33C0 22946:051.065   CPU_ReadMem(4 bytes @ 0x41002100)
T33C0 22946:051.462 - 0.892ms returns FALSE
T17C4 22946:095.371 JLINK_EMU_GetList(InterfaceMask = 0x00000001, MaxInfos = 0x00000032) 
T17C4 22946:097.203   [0]: USB, S/N: 801014814
T17C4 22946:097.306 - 1.943ms returns 1
T17C4 22946:097.412 JLINK_EMU_GetList(InterfaceMask = 0x00000002, MaxInfos = 0x00000032) 
T17C4 22946:149.467 - 52.110ms returns 0
T33C0 22946:251.120 JLINK_IsHalted()
T33C0 22946:251.748   CPU_ReadMem(4 bytes @ 0x41002100)
T33C0 22946:252.207 - 1.102ms returns FALSE
T33C0 22946:452.297 JLINK_IsHalted()
T33C0 22946:452.841   CPU_ReadMem(4 bytes @ 0x41002100)
T33C0 22946:453.292 - 1.063ms returns FALSE
T33C0 22946:653.639 JLINK_IsHalted()
T33C0 22946:654.239   CPU_ReadMem(4 bytes @ 0x41002100)
T33C0 22946:654.761 - 1.137ms returns FALSE
T33C0 22946:854.768 JLINK_IsHalted()
T33C0 22946:855.264   CPU_ReadMem(4 bytes @ 0x41002100)
T33C0 22946:855.640 - 0.887ms returns FALSE
T33C0 22947:056.128 JLINK_IsHalted()
T33C0 22947:056.626   CPU_ReadMem(4 bytes @ 0x41002100)
T33C0 22947:057.014 - 0.900ms returns FALSE
T17C4 22947:198.570 JLINK_EMU_GetList(InterfaceMask = 0x00000001, MaxInfos = 0x00000032) 
T17C4 22947:200.249   [0]: USB, S/N: 801014814
T17C4 22947:200.292 - 1.732ms returns 1
T17C4 22947:200.398 JLINK_EMU_GetList(InterfaceMask = 0x00000002, MaxInfos = 0x00000032) 
T17C4 22947:251.394 - 51.047ms returns 0
T33C0 22947:257.154 JLINK_IsHalted()
T33C0 22947:257.624   CPU_ReadMem(4 bytes @ 0x41002100)
T33C0 22947:258.140 - 1.012ms returns FALSE
T33C0 22947:458.584 JLINK_IsHalted()
T33C0 22947:459.169   CPU_ReadMem(4 bytes @ 0x41002100)
T33C0 22947:459.574 - 1.006ms returns FALSE
T33C0 22947:659.872 JLINK_IsHalted()
T33C0 22947:660.339   CPU_ReadMem(4 bytes @ 0x41002100)
T33C0 22947:660.755 - 0.897ms returns FALSE
T33C0 22947:861.163 JLINK_IsHalted()
T33C0 22947:861.773   CPU_ReadMem(4 bytes @ 0x41002100)
T33C0 22947:862.185 - 1.037ms returns FALSE
T33C0 22948:062.399 JLINK_IsHalted()
T33C0 22948:063.021   CPU_ReadMem(4 bytes @ 0x41002100)
T33C0 22948:063.470 - 1.087ms returns FALSE
T33C0 22948:263.499 JLINK_IsHalted()
T33C0 22948:263.975   CPU_ReadMem(4 bytes @ 0x41002100)
T33C0 22948:264.367 - 0.908ms returns FALSE
T17C4 22948:299.170 JLINK_EMU_GetList(InterfaceMask = 0x00000001, MaxInfos = 0x00000032) 
T17C4 22948:300.886   [0]: USB, S/N: 801014814
T17C4 22948:300.950 - 1.794ms returns 1
T17C4 22948:301.078 JLINK_EMU_GetList(InterfaceMask = 0x00000002, MaxInfos = 0x00000032) 
T17C4 22948:353.359 - 52.331ms returns 0
T33C0 22948:464.652 JLINK_IsHalted()
T33C0 22948:465.224   CPU_ReadMem(4 bytes @ 0x41002100)
T33C0 22948:465.682 - 1.086ms returns FALSE
T33C0 22948:666.028 JLINK_IsHalted()
T33C0 22948:666.534   CPU_ReadMem(4 bytes @ 0x41002100)
T33C0 22948:666.957 - 0.943ms returns FALSE
T33C0 22948:867.276 JLINK_IsHalted()
T33C0 22948:867.786   CPU_ReadMem(4 bytes @ 0x41002100)
T33C0 22948:868.153 - 0.891ms returns FALSE
T33C0 22949:068.588 JLINK_IsHalted()
T33C0 22949:069.085   CPU_ReadMem(4 bytes @ 0x41002100)
T33C0 22949:069.448 - 0.874ms returns FALSE
T33C0 22949:269.834 JLINK_IsHalted()
T33C0 22949:270.381   CPU_ReadMem(4 bytes @ 0x41002100)
T33C0 22949:270.778 - 0.959ms returns FALSE
T17C4 22949:401.784 JLINK_EMU_GetList(InterfaceMask = 0x00000001, MaxInfos = 0x00000032) 
T17C4 22949:403.152   [0]: USB, S/N: 801014814
T17C4 22949:403.193 - 1.418ms returns 1
T17C4 22949:403.298 JLINK_EMU_GetList(InterfaceMask = 0x00000002, MaxInfos = 0x00000032) 
T17C4 22949:454.462 - 51.216ms returns 0
T33C0 22949:471.133 JLINK_IsHalted()
T33C0 22949:471.771   CPU_ReadMem(4 bytes @ 0x41002100)
T33C0 22949:472.289 - 1.208ms returns FALSE
T33C0 22949:672.264 JLINK_IsHalted()
T33C0 22949:672.919   CPU_ReadMem(4 bytes @ 0x41002100)
T33C0 22949:673.322 - 1.071ms returns FALSE
T33C0 22949:873.601 JLINK_IsHalted()
T33C0 22949:874.075   CPU_ReadMem(4 bytes @ 0x41002100)
T33C0 22949:874.565 - 1.015ms returns FALSE
T33C0 22950:074.831 JLINK_IsHalted()
T33C0 22950:075.342   CPU_ReadMem(4 bytes @ 0x41002100)
T33C0 22950:075.748 - 0.929ms returns FALSE
T33C0 22950:276.082 JLINK_IsHalted()
T33C0 22950:276.607   CPU_ReadMem(4 bytes @ 0x41002100)
T33C0 22950:276.984 - 0.918ms returns FALSE
T33C0 22950:477.150 JLINK_IsHalted()
T33C0 22950:477.969   CPU_ReadMem(4 bytes @ 0x41002100)
T33C0 22950:478.619 - 1.535ms returns FALSE
T17C4 22950:506.144 JLINK_EMU_GetList(InterfaceMask = 0x00000001, MaxInfos = 0x00000032) 
T17C4 22950:508.153   [0]: USB, S/N: 801014814
T17C4 22950:508.219 - 2.088ms returns 1
T17C4 22950:508.397 JLINK_EMU_GetList(InterfaceMask = 0x00000002, MaxInfos = 0x00000032) 
T17C4 22950:562.278 - 53.947ms returns 0
T33C0 22950:678.533 JLINK_IsHalted()
T33C0 22950:679.085   CPU_ReadMem(4 bytes @ 0x41002100)
T33C0 22950:679.506 - 0.990ms returns FALSE
T33C0 22950:879.881 JLINK_IsHalted()
T33C0 22950:880.402   CPU_ReadMem(4 bytes @ 0x41002100)
T33C0 22950:880.810 - 0.942ms returns FALSE
T33C0 22951:081.031 JLINK_IsHalted()
T33C0 22951:081.575   CPU_ReadMem(4 bytes @ 0x41002100)
T33C0 22951:081.998 - 1.027ms returns FALSE
T33C0 22951:282.128 JLINK_IsHalted()
T33C0 22951:282.764   CPU_ReadMem(4 bytes @ 0x41002100)
T33C0 22951:283.164 - 1.049ms returns FALSE
T33C0 22951:483.552 JLINK_IsHalted()
T33C0 22951:483.994   CPU_ReadMem(4 bytes @ 0x41002100)
T33C0 22951:484.337 - 0.840ms returns FALSE
T17C4 22951:618.105 JLINK_EMU_GetList(InterfaceMask = 0x00000001, MaxInfos = 0x00000032) 
T17C4 22951:620.069   [0]: USB, S/N: 801014814
T17C4 22951:620.133 - 2.040ms returns 1
T17C4 22951:620.327 JLINK_EMU_GetList(InterfaceMask = 0x00000002, MaxInfos = 0x00000032) 
T17C4 22951:675.121 - 54.852ms returns 0
T33C0 22951:684.844 JLINK_IsHalted()
T33C0 22951:685.511   CPU_ReadMem(4 bytes @ 0x41002100)
T33C0 22951:685.976 - 1.146ms returns FALSE
T33C0 22951:886.145 JLINK_IsHalted()
T33C0 22951:886.666   CPU_ReadMem(4 bytes @ 0x41002100)
T33C0 22951:887.047 - 0.927ms returns FALSE
T33C0 22952:087.364 JLINK_IsHalted()
T33C0 22952:087.851   CPU_ReadMem(4 bytes @ 0x41002100)
T33C0 22952:088.242 - 0.944ms returns FALSE
T33C0 22952:288.734 JLINK_IsHalted()
T33C0 22952:289.233   CPU_ReadMem(4 bytes @ 0x41002100)
T33C0 22952:289.625 - 0.906ms returns FALSE
T33C0 22952:489.975 JLINK_IsHalted()
T33C0 22952:490.487   CPU_ReadMem(4 bytes @ 0x41002100)
T33C0 22952:490.831 - 0.871ms returns FALSE
T33C0 22952:691.290 JLINK_IsHalted()
T33C0 22952:691.794   CPU_ReadMem(4 bytes @ 0x41002100)
T33C0 22952:692.205 - 0.928ms returns FALSE
T17C4 22952:726.090 JLINK_EMU_GetList(InterfaceMask = 0x00000001, MaxInfos = 0x00000032) 
T17C4 22952:727.869   [0]: USB, S/N: 801014814
T17C4 22952:727.922 - 1.844ms returns 1
T17C4 22952:728.040 JLINK_EMU_GetList(InterfaceMask = 0x00000002, MaxInfos = 0x00000032) 
T17C4 22952:779.104 - 51.129ms returns 0
T33C0 22952:892.480 JLINK_IsHalted()
T33C0 22952:892.980   CPU_ReadMem(4 bytes @ 0x41002100)
T33C0 22952:893.363 - 0.934ms returns FALSE
T33C0 22953:093.839 JLINK_IsHalted()
T33C0 22953:094.420   CPU_ReadMem(4 bytes @ 0x41002100)
T33C0 22953:094.872 - 1.049ms returns FALSE
T33C0 22953:295.057 JLINK_IsHalted()
T33C0 22953:295.574   CPU_ReadMem(4 bytes @ 0x41002100)
T33C0 22953:295.980 - 0.936ms returns FALSE
T33C0 22953:496.178 JLINK_IsHalted()
T33C0 22953:496.661   CPU_ReadMem(4 bytes @ 0x41002100)
T33C0 22953:497.040 - 0.875ms returns FALSE
T33C0 22953:697.280 JLINK_IsHalted()
T33C0 22953:697.938   CPU_ReadMem(4 bytes @ 0x41002100)
T33C0 22953:698.332 - 1.065ms returns FALSE
T17C4 22953:828.143 JLINK_EMU_GetList(InterfaceMask = 0x00000001, MaxInfos = 0x00000032) 
T17C4 22953:829.863   [0]: USB, S/N: 801014814
T17C4 22953:829.914 - 1.782ms returns 1
T17C4 22953:830.063 JLINK_EMU_GetList(InterfaceMask = 0x00000002, MaxInfos = 0x00000032) 
T17C4 22953:881.054 - 51.043ms returns 0
T33C0 22953:898.691 JLINK_IsHalted()
T33C0 22953:899.214   CPU_ReadMem(4 bytes @ 0x41002100)
T33C0 22953:899.579 - 0.901ms returns FALSE
T33C0 22954:100.026 JLINK_IsHalted()
T33C0 22954:100.533   CPU_ReadMem(4 bytes @ 0x41002100)
T33C0 22954:100.978 - 0.965ms returns FALSE
T33C0 22954:301.304 JLINK_IsHalted()
T33C0 22954:301.873   CPU_ReadMem(4 bytes @ 0x41002100)
T33C0 22954:302.414 - 1.132ms returns FALSE
T33C0 22954:502.515 JLINK_IsHalted()
T33C0 22954:503.058   CPU_ReadMem(4 bytes @ 0x41002100)
T33C0 22954:503.759 - 1.292ms returns FALSE
T33C0 22954:703.757 JLINK_IsHalted()
T33C0 22954:704.264   CPU_ReadMem(4 bytes @ 0x41002100)
T33C0 22954:704.645 - 0.902ms returns FALSE
T33C0 22954:904.893 JLINK_IsHalted()
T33C0 22954:905.384   CPU_ReadMem(4 bytes @ 0x41002100)
T33C0 22954:905.757 - 0.877ms returns FALSE
T17C4 22954:929.633 JLINK_EMU_GetList(InterfaceMask = 0x00000001, MaxInfos = 0x00000032) 
T17C4 22954:931.289   [0]: USB, S/N: 801014814
T17C4 22954:931.334 - 1.710ms returns 1
T17C4 22954:931.439 JLINK_EMU_GetList(InterfaceMask = 0x00000002, MaxInfos = 0x00000032) 
T17C4 22954:983.023 - 51.655ms returns 0
T33C0 22955:106.167 JLINK_IsHalted()
T33C0 22955:106.965   CPU_ReadMem(4 bytes @ 0x41002100)
T33C0 22955:107.375 - 1.221ms returns FALSE
T33C0 22955:307.461 JLINK_IsHalted()
T33C0 22955:308.021   CPU_ReadMem(4 bytes @ 0x41002100)
T33C0 22955:308.432 - 0.987ms returns FALSE
T33C0 22955:508.759 JLINK_IsHalted()
T33C0 22955:509.258   CPU_ReadMem(4 bytes @ 0x41002100)
T33C0 22955:509.637 - 0.891ms returns FALSE
T33C0 22955:709.892 JLINK_IsHalted()
T33C0 22955:710.412   CPU_ReadMem(4 bytes @ 0x41002100)
T33C0 22955:710.799 - 0.920ms returns FALSE
T33C0 22955:911.247 JLINK_IsHalted()
T33C0 22955:911.858   CPU_ReadMem(4 bytes @ 0x41002100)
T33C0 22955:912.364 - 1.130ms returns FALSE
T17C4 22956:032.862 JLINK_EMU_GetList(InterfaceMask = 0x00000001, MaxInfos = 0x00000032) 
T17C4 22956:034.445   [0]: USB, S/N: 801014814
T17C4 22956:034.491 - 1.641ms returns 1
T17C4 22956:034.609 JLINK_EMU_GetList(InterfaceMask = 0x00000002, MaxInfos = 0x00000032) 
T17C4 22956:086.074 - 51.515ms returns 0
T33C0 22956:112.504 JLINK_IsHalted()
T33C0 22956:112.988   CPU_ReadMem(4 bytes @ 0x41002100)
T33C0 22956:113.541 - 1.103ms returns FALSE
T33C0 22956:313.796 JLINK_IsHalted()
T33C0 22956:314.377   CPU_ReadMem(4 bytes @ 0x41002100)
T33C0 22956:314.871 - 1.090ms returns FALSE
T33C0 22956:515.002 JLINK_IsHalted()
T33C0 22956:515.468   CPU_ReadMem(4 bytes @ 0x41002100)
T33C0 22956:515.846 - 0.857ms returns FALSE
T33C0 22956:716.254 JLINK_IsHalted()
T33C0 22956:716.761   CPU_ReadMem(4 bytes @ 0x41002100)
T33C0 22956:717.145 - 0.904ms returns FALSE
T33C0 22956:917.378 JLINK_IsHalted()
T33C0 22956:917.891   CPU_ReadMem(4 bytes @ 0x41002100)
T33C0 22956:918.296 - 0.931ms returns FALSE
T33C0 22957:118.517 JLINK_IsHalted()
T33C0 22957:119.107   CPU_ReadMem(4 bytes @ 0x41002100)
T33C0 22957:119.569 - 1.092ms returns FALSE
T17C4 22957:136.602 JLINK_EMU_GetList(InterfaceMask = 0x00000001, MaxInfos = 0x00000032) 
T17C4 22957:138.551   [0]: USB, S/N: 801014814
T17C4 22957:138.628 - 2.039ms returns 1
T17C4 22957:138.786 JLINK_EMU_GetList(InterfaceMask = 0x00000002, MaxInfos = 0x00000032) 
T17C4 22957:190.007 - 51.281ms returns 0
T33C0 22957:319.959 JLINK_IsHalted()
T33C0 22957:320.461   CPU_ReadMem(4 bytes @ 0x41002100)
T33C0 22957:320.867 - 0.921ms returns FALSE
T33C0 22957:521.241 JLINK_IsHalted()
T33C0 22957:521.915   CPU_ReadMem(4 bytes @ 0x41002100)
T33C0 22957:522.507 - 1.332ms returns FALSE
T33C0 22957:722.298 JLINK_IsHalted()
T33C0 22957:722.824   CPU_ReadMem(4 bytes @ 0x41002100)
T33C0 22957:723.191 - 0.905ms returns FALSE
T33C0 22957:923.717 JLINK_IsHalted()
T33C0 22957:924.215   CPU_ReadMem(4 bytes @ 0x41002100)
T33C0 22957:924.822 - 1.156ms returns FALSE
T33C0 22958:125.008 JLINK_IsHalted()
T33C0 22958:125.610   CPU_ReadMem(4 bytes @ 0x41002100)
T33C0 22958:126.073 - 1.081ms returns FALSE
T17C4 22958:240.354 JLINK_EMU_GetList(InterfaceMask = 0x00000001, MaxInfos = 0x00000032) 
T17C4 22958:241.825   [0]: USB, S/N: 801014814
T17C4 22958:241.865 - 1.520ms returns 1
T17C4 22958:241.971 JLINK_EMU_GetList(InterfaceMask = 0x00000002, MaxInfos = 0x00000032) 
T17C4 22958:292.888 - 50.978ms returns 0
T33C0 22958:326.251 JLINK_IsHalted()
T33C0 22958:326.776   CPU_ReadMem(4 bytes @ 0x41002100)
T33C0 22958:327.152 - 0.915ms returns FALSE
T33C0 22958:527.430 JLINK_IsHalted()
T33C0 22958:527.991   CPU_ReadMem(4 bytes @ 0x41002100)
T33C0 22958:528.385 - 0.969ms returns FALSE
T33C0 22958:728.657 JLINK_IsHalted()
T33C0 22958:729.158   CPU_ReadMem(4 bytes @ 0x41002100)
T33C0 22958:729.560 - 0.917ms returns FALSE
T33C0 22958:929.885 JLINK_IsHalted()
T33C0 22958:930.353   CPU_ReadMem(4 bytes @ 0x41002100)
T33C0 22958:930.751 - 0.879ms returns FALSE
T33C0 22959:131.065 JLINK_IsHalted()
T33C0 22959:131.519   CPU_ReadMem(4 bytes @ 0x41002100)
T33C0 22959:131.983 - 0.934ms returns FALSE
T33C0 22959:332.249 JLINK_IsHalted()
T33C0 22959:332.779   CPU_ReadMem(4 bytes @ 0x41002100)
T33C0 22959:333.191 - 0.962ms returns FALSE
T17C4 22959:350.107 JLINK_EMU_GetList(InterfaceMask = 0x00000001, MaxInfos = 0x00000032) 
T17C4 22959:352.165   [0]: USB, S/N: 801014814
T17C4 22959:352.232 - 2.139ms returns 1
T17C4 22959:352.372 JLINK_EMU_GetList(InterfaceMask = 0x00000002, MaxInfos = 0x00000032) 
T17C4 22959:406.605 - 54.317ms returns 0
T33C0 22959:533.776 JLINK_IsHalted()
T33C0 22959:534.242   CPU_ReadMem(4 bytes @ 0x41002100)
T33C0 22959:534.766 - 1.042ms returns FALSE
T33C0 22959:734.768 JLINK_IsHalted()
T33C0 22959:735.358   CPU_ReadMem(4 bytes @ 0x41002100)
T33C0 22959:735.809 - 1.056ms returns FALSE
T33C0 22959:936.278 JLINK_IsHalted()
T33C0 22959:936.868   CPU_ReadMem(4 bytes @ 0x41002100)
T33C0 22959:937.292 - 1.035ms returns FALSE
T33C0 22960:137.328 JLINK_IsHalted()
T33C0 22960:137.936   CPU_ReadMem(4 bytes @ 0x41002100)
T33C0 22960:138.331 - 1.016ms returns FALSE
T33C0 22960:338.640 JLINK_IsHalted()
T33C0 22960:339.174   CPU_ReadMem(4 bytes @ 0x41002100)
T33C0 22960:339.625 - 1.000ms returns FALSE
T17C4 22960:458.325 JLINK_EMU_GetList(InterfaceMask = 0x00000001, MaxInfos = 0x00000032) 
T17C4 22960:460.297   [0]: USB, S/N: 801014814
T17C4 22960:460.355 - 2.042ms returns 1
T17C4 22960:460.486 JLINK_EMU_GetList(InterfaceMask = 0x00000002, MaxInfos = 0x00000032) 
T17C4 22960:514.432 - 54.009ms returns 0
T33C0 22960:540.064 JLINK_IsHalted()
T33C0 22960:540.622   CPU_ReadMem(4 bytes @ 0x41002100)
T33C0 22960:541.062 - 1.014ms returns FALSE
T33C0 22960:741.158 JLINK_IsHalted()
T33C0 22960:741.767   CPU_ReadMem(4 bytes @ 0x41002100)
T33C0 22960:742.453 - 1.346ms returns FALSE
T33C0 22960:942.257 JLINK_IsHalted()
T33C0 22960:942.916   CPU_ReadMem(4 bytes @ 0x41002100)
T33C0 22960:943.318 - 1.074ms returns FALSE
T33C0 22961:143.748 JLINK_IsHalted()
T33C0 22961:144.289   CPU_ReadMem(4 bytes @ 0x41002100)
T33C0 22961:144.937 - 1.255ms returns FALSE
T33C0 22961:344.962 JLINK_IsHalted()
T33C0 22961:345.572   CPU_ReadMem(4 bytes @ 0x41002100)
T33C0 22961:345.983 - 1.035ms returns FALSE
T33C0 22961:546.025 JLINK_IsHalted()
T33C0 22961:546.519   CPU_ReadMem(4 bytes @ 0x41002100)
T33C0 22961:547.000 - 0.991ms returns FALSE
T17C4 22961:571.027 JLINK_EMU_GetList(InterfaceMask = 0x00000001, MaxInfos = 0x00000032) 
T17C4 22961:572.852   [0]: USB, S/N: 801014814
T17C4 22961:572.914 - 1.899ms returns 1
T17C4 22961:573.027 JLINK_EMU_GetList(InterfaceMask = 0x00000002, MaxInfos = 0x00000032) 
T17C4 22961:626.279 - 53.317ms returns 0
T33C0 22961:747.338 JLINK_IsHalted()
T33C0 22961:747.847   CPU_ReadMem(4 bytes @ 0x41002100)
T33C0 22961:748.244 - 0.920ms returns FALSE
T33C0 22961:948.769 JLINK_IsHalted()
T33C0 22961:949.223   CPU_ReadMem(4 bytes @ 0x41002100)
T33C0 22961:949.575 - 0.822ms returns FALSE
T33C0 22962:150.056 JLINK_IsHalted()
T33C0 22962:150.563   CPU_ReadMem(4 bytes @ 0x41002100)
T33C0 22962:150.971 - 0.930ms returns FALSE
T33C0 22962:351.208 JLINK_IsHalted()
T33C0 22962:351.902   CPU_ReadMem(4 bytes @ 0x41002100)
T33C0 22962:352.301 - 1.106ms returns FALSE
T33C0 22962:552.722 JLINK_IsHalted()
T33C0 22962:553.336   CPU_ReadMem(4 bytes @ 0x41002100)
T33C0 22962:553.794 - 1.088ms returns FALSE
T17C4 22962:677.347 JLINK_EMU_GetList(InterfaceMask = 0x00000001, MaxInfos = 0x00000032) 
T17C4 22962:678.993   [0]: USB, S/N: 801014814
T17C4 22962:679.034 - 1.696ms returns 1
T17C4 22962:679.138 JLINK_EMU_GetList(InterfaceMask = 0x00000002, MaxInfos = 0x00000032) 
T17C4 22962:730.482 - 51.403ms returns 0
T33C0 22962:753.961 JLINK_IsHalted()
T33C0 22962:754.451   CPU_ReadMem(4 bytes @ 0x41002100)
T33C0 22962:754.847 - 0.900ms returns FALSE
T33C0 22962:955.218 JLINK_IsHalted()
T33C0 22962:955.938   CPU_ReadMem(4 bytes @ 0x41002100)
T33C0 22962:956.350 - 1.147ms returns FALSE
T33C0 22963:156.480 JLINK_IsHalted()
T33C0 22963:156.986   CPU_ReadMem(4 bytes @ 0x41002100)
T33C0 22963:157.601 - 1.176ms returns FALSE
T33C0 22963:357.648 JLINK_IsHalted()
T33C0 22963:358.227   CPU_ReadMem(4 bytes @ 0x41002100)
T33C0 22963:358.808 - 1.226ms returns FALSE
T33C0 22963:558.873 JLINK_IsHalted()
T33C0 22963:559.372   CPU_ReadMem(4 bytes @ 0x41002100)
T33C0 22963:559.897 - 1.084ms returns FALSE
T33C0 22963:759.986 JLINK_IsHalted()
T33C0 22963:760.438   CPU_ReadMem(4 bytes @ 0x41002100)
T33C0 22963:760.784 - 0.811ms returns FALSE
T17C4 22963:779.731 JLINK_EMU_GetList(InterfaceMask = 0x00000001, MaxInfos = 0x00000032) 
T17C4 22963:781.662   [0]: USB, S/N: 801014814
T17C4 22963:781.719 - 1.999ms returns 1
T17C4 22963:781.838 JLINK_EMU_GetList(InterfaceMask = 0x00000002, MaxInfos = 0x00000032) 
T17C4 22963:833.440 - 51.657ms returns 0
T33C0 22963:960.541 JLINK_IsHalted()
T33C0 22963:961.014   CPU_ReadMem(4 bytes @ 0x41002100)
T33C0 22963:961.379 - 0.851ms returns FALSE
T33C0 22964:161.787 JLINK_IsHalted()
T33C0 22964:162.343   CPU_ReadMem(4 bytes @ 0x41002100)
T33C0 22964:162.767 - 0.996ms returns FALSE
T33C0 22964:362.922 JLINK_IsHalted()
T33C0 22964:363.456   CPU_ReadMem(4 bytes @ 0x41002100)
T33C0 22964:363.977 - 1.069ms returns FALSE
T33C0 22964:564.181 JLINK_IsHalted()
T33C0 22964:564.663   CPU_ReadMem(4 bytes @ 0x41002100)
T33C0 22964:565.031 - 0.864ms returns FALSE
T33C0 22964:765.516 JLINK_IsHalted()
T33C0 22964:766.119   CPU_ReadMem(4 bytes @ 0x41002100)
T33C0 22964:766.615 - 1.160ms returns FALSE
T17C4 22964:883.988 JLINK_EMU_GetList(InterfaceMask = 0x00000001, MaxInfos = 0x00000032) 
T17C4 22964:885.727   [0]: USB, S/N: 801014814
T17C4 22964:885.771 - 1.793ms returns 1
T17C4 22964:885.883 JLINK_EMU_GetList(InterfaceMask = 0x00000002, MaxInfos = 0x00000032) 
T17C4 22964:937.287 - 51.461ms returns 0
T33C0 22964:966.576 JLINK_IsHalted()
T33C0 22964:967.030   CPU_ReadMem(4 bytes @ 0x41002100)
T33C0 22964:967.466 - 0.914ms returns FALSE
T33C0 22965:168.026 JLINK_IsHalted()
T33C0 22965:168.527   CPU_ReadMem(4 bytes @ 0x41002100)
T33C0 22965:168.984 - 0.972ms returns FALSE
T33C0 22965:369.340 JLINK_IsHalted()
T33C0 22965:369.911   CPU_ReadMem(4 bytes @ 0x41002100)
T33C0 22965:370.354 - 1.030ms returns FALSE
T33C0 22965:570.512 JLINK_IsHalted()
T33C0 22965:570.991   CPU_ReadMem(4 bytes @ 0x41002100)
T33C0 22965:571.357 - 0.896ms returns FALSE
T33C0 22965:771.812 JLINK_IsHalted()
T33C0 22965:772.363   CPU_ReadMem(4 bytes @ 0x41002100)
T33C0 22965:772.891 - 1.095ms returns FALSE
T33C0 22965:972.959 JLINK_IsHalted()
T33C0 22965:973.503   CPU_ReadMem(4 bytes @ 0x41002100)
T33C0 22965:974.209 - 1.316ms returns FALSE
T17C4 22965:989.581 JLINK_EMU_GetList(InterfaceMask = 0x00000001, MaxInfos = 0x00000032) 
T17C4 22965:991.459   [0]: USB, S/N: 801014814
T17C4 22965:991.537 - 1.971ms returns 1
T17C4 22965:991.686 JLINK_EMU_GetList(InterfaceMask = 0x00000002, MaxInfos = 0x00000032) 
T17C4 22966:044.211 - 52.589ms returns 0
T33C0 22966:174.304 JLINK_IsHalted()
T33C0 22966:174.958   CPU_ReadMem(4 bytes @ 0x41002100)
T33C0 22966:175.364 - 1.074ms returns FALSE
T33C0 22966:375.545 JLINK_IsHalted()
T33C0 22966:376.028   CPU_ReadMem(4 bytes @ 0x41002100)
T33C0 22966:376.441 - 0.943ms returns FALSE
T33C0 22966:576.572 JLINK_IsHalted()
T33C0 22966:577.185   CPU_ReadMem(4 bytes @ 0x41002100)
T33C0 22966:577.626 - 1.070ms returns FALSE
T33C0 22966:777.934 JLINK_IsHalted()
T33C0 22966:778.673   CPU_ReadMem(4 bytes @ 0x41002100)
T33C0 22966:779.063 - 1.143ms returns FALSE
T33C0 22966:979.260 JLINK_IsHalted()
T33C0 22966:979.781   CPU_ReadMem(4 bytes @ 0x41002100)
T33C0 22966:980.177 - 0.930ms returns FALSE
T17C4 22967:096.075 JLINK_EMU_GetList(InterfaceMask = 0x00000001, MaxInfos = 0x00000032) 
T17C4 22967:097.979   [0]: USB, S/N: 801014814
T17C4 22967:098.037 - 1.974ms returns 1
T17C4 22967:098.182 JLINK_EMU_GetList(InterfaceMask = 0x00000002, MaxInfos = 0x00000032) 
T17C4 22967:151.065 - 52.947ms returns 0
T33C0 22967:180.296 JLINK_IsHalted()
T33C0 22967:180.854   CPU_ReadMem(4 bytes @ 0x41002100)
T33C0 22967:181.343 - 1.074ms returns FALSE
T33C0 22967:381.755 JLINK_IsHalted()
T33C0 22967:382.304   CPU_ReadMem(4 bytes @ 0x41002100)
T33C0 22967:382.767 - 1.027ms returns FALSE
T33C0 22967:582.898 JLINK_IsHalted()
T33C0 22967:583.359   CPU_ReadMem(4 bytes @ 0x41002100)
T33C0 22967:583.757 - 1.015ms returns FALSE
T33C0 22967:784.238 JLINK_IsHalted()
T33C0 22967:784.891   CPU_ReadMem(4 bytes @ 0x41002100)
T33C0 22967:785.299 - 1.074ms returns FALSE
T33C0 22967:985.456 JLINK_IsHalted()
T33C0 22967:985.979   CPU_ReadMem(4 bytes @ 0x41002100)
T33C0 22967:986.354 - 0.913ms returns FALSE
T33C0 22968:186.480 JLINK_IsHalted()
T33C0 22968:186.986   CPU_ReadMem(4 bytes @ 0x41002100)
T33C0 22968:187.382 - 0.918ms returns FALSE
T17C4 22968:197.864 JLINK_EMU_GetList(InterfaceMask = 0x00000001, MaxInfos = 0x00000032) 
T17C4 22968:199.240   [0]: USB, S/N: 801014814
T17C4 22968:199.280 - 1.426ms returns 1
T17C4 22968:199.383 JLINK_EMU_GetList(InterfaceMask = 0x00000002, MaxInfos = 0x00000032) 
T17C4 22968:250.100 - 50.772ms returns 0
T33C0 22968:387.878 JLINK_IsHalted()
T33C0 22968:388.379   CPU_ReadMem(4 bytes @ 0x41002100)
T33C0 22968:388.786 - 0.955ms returns FALSE
T33C0 22968:589.256 JLINK_IsHalted()
T33C0 22968:589.838   CPU_ReadMem(4 bytes @ 0x41002100)
T33C0 22968:590.303 - 1.063ms returns FALSE
T33C0 22968:790.485 JLINK_IsHalted()
T33C0 22968:790.981   CPU_ReadMem(4 bytes @ 0x41002100)
T33C0 22968:791.369 - 0.897ms returns FALSE
T33C0 22968:991.584 JLINK_IsHalted()
T33C0 22968:992.027   CPU_ReadMem(4 bytes @ 0x41002100)
T33C0 22968:992.434 - 0.865ms returns FALSE
T33C0 22969:193.002 JLINK_IsHalted()
T33C0 22969:193.738   CPU_ReadMem(4 bytes @ 0x41002100)
T33C0 22969:194.188 - 1.202ms returns FALSE
T33C0 22969:394.266 JLINK_IsHalted()
T33C0 22969:394.915   CPU_ReadMem(4 bytes @ 0x41002100)
T33C0 22969:395.330 - 1.078ms returns FALSE
T33C0 22969:595.367 JLINK_IsHalted()
T33C0 22969:595.838   CPU_ReadMem(4 bytes @ 0x41002100)
T33C0 22969:596.225 - 0.874ms returns FALSE
T33C0 22969:796.512 JLINK_IsHalted()
T33C0 22969:797.015   CPU_ReadMem(4 bytes @ 0x41002100)
T33C0 22969:797.532 - 1.071ms returns FALSE
T33C0 22969:997.975 JLINK_IsHalted()
T33C0 22969:998.558   CPU_ReadMem(4 bytes @ 0x41002100)
T33C0 22969:999.006 - 1.046ms returns FALSE
T33C0 22970:199.130 JLINK_IsHalted()
T33C0 22970:199.982   CPU_ReadMem(4 bytes @ 0x41002100)
T33C0 22970:200.427 - 1.313ms returns FALSE
T33C0 22970:400.443 JLINK_IsHalted()
T33C0 22970:401.029   CPU_ReadMem(4 bytes @ 0x41002100)
T33C0 22970:401.480 - 1.101ms returns FALSE
T33C0 22970:601.680 JLINK_IsHalted()
T33C0 22970:602.208   CPU_ReadMem(4 bytes @ 0x41002100)
T33C0 22970:602.588 - 0.921ms returns FALSE
T33C0 22970:802.956 JLINK_IsHalted()
T33C0 22970:803.544   CPU_ReadMem(4 bytes @ 0x41002100)
T33C0 22970:803.994 - 1.053ms returns FALSE
T33C0 22971:004.198 JLINK_IsHalted()
T33C0 22971:004.793   CPU_ReadMem(4 bytes @ 0x41002100)
T33C0 22971:005.248 - 1.064ms returns FALSE
T33C0 22971:205.393 JLINK_IsHalted()
T33C0 22971:205.881   CPU_ReadMem(4 bytes @ 0x41002100)
T33C0 22971:206.341 - 0.983ms returns FALSE
T33C0 22971:406.451 JLINK_IsHalted()
T33C0 22971:406.987   CPU_ReadMem(4 bytes @ 0x41002100)
T33C0 22971:407.383 - 0.951ms returns FALSE
T33C0 22971:607.734 JLINK_IsHalted()
T33C0 22971:608.238   CPU_ReadMem(4 bytes @ 0x41002100)
T33C0 22971:608.603 - 0.885ms returns FALSE
T33C0 22971:808.180 JLINK_IsHalted()
T33C0 22971:808.692   CPU_ReadMem(4 bytes @ 0x41002100)
T33C0 22971:809.113 - 0.946ms returns FALSE
T33C0 22972:009.421 JLINK_IsHalted()
T33C0 22972:010.252   CPU_ReadMem(4 bytes @ 0x41002100)
T33C0 22972:010.772 - 1.401ms returns FALSE
T33C0 22972:210.648 JLINK_IsHalted()
T33C0 22972:211.127   CPU_ReadMem(4 bytes @ 0x41002100)
T33C0 22972:211.522 - 0.887ms returns FALSE
T33C0 22972:411.215 JLINK_IsHalted()
T33C0 22972:411.789   CPU_ReadMem(4 bytes @ 0x41002100)
T33C0 22972:412.242 - 1.042ms returns FALSE
T33C0 22972:612.423 JLINK_IsHalted()
T33C0 22972:612.964   CPU_ReadMem(4 bytes @ 0x41002100)
T33C0 22972:613.510 - 1.139ms returns FALSE
T33C0 22972:813.456 JLINK_IsHalted()
T33C0 22972:814.051   CPU_ReadMem(4 bytes @ 0x41002100)
T33C0 22972:814.662 - 1.272ms returns FALSE
T33C0 22973:014.868 JLINK_IsHalted()
T33C0 22973:015.414   CPU_ReadMem(4 bytes @ 0x41002100)
T33C0 22973:015.805 - 1.121ms returns FALSE
T33C0 22973:215.942 JLINK_IsHalted()
T33C0 22973:216.430   CPU_ReadMem(4 bytes @ 0x41002100)
T33C0 22973:216.991 - 1.103ms returns FALSE
T33C0 22973:417.325 JLINK_IsHalted()
T33C0 22973:417.862   CPU_ReadMem(4 bytes @ 0x41002100)
T33C0 22973:418.259 - 0.947ms returns FALSE
T33C0 22973:618.656 JLINK_IsHalted()
T33C0 22973:619.211   CPU_ReadMem(4 bytes @ 0x41002100)
T33C0 22973:619.645 - 1.002ms returns FALSE
T33C0 22973:819.791 JLINK_IsHalted()
T33C0 22973:820.279   CPU_ReadMem(4 bytes @ 0x41002100)
T33C0 22973:820.826 - 1.088ms returns FALSE
T33C0 22974:020.954 JLINK_IsHalted()
T33C0 22974:021.418   CPU_ReadMem(4 bytes @ 0x41002100)
T33C0 22974:021.853 - 0.915ms returns FALSE
T33C0 22974:222.340 JLINK_IsHalted()
T33C0 22974:222.833   CPU_ReadMem(4 bytes @ 0x41002100)
T33C0 22974:223.232 - 0.906ms returns FALSE
T33C0 22974:423.483 JLINK_IsHalted()
T33C0 22974:423.961   CPU_ReadMem(4 bytes @ 0x41002100)
T33C0 22974:424.310 - 0.841ms returns FALSE
T33C0 22974:623.946 JLINK_IsHalted()
T33C0 22974:624.474   CPU_ReadMem(4 bytes @ 0x41002100)
T33C0 22974:624.960 - 1.068ms returns FALSE
T33C0 22974:825.259 JLINK_IsHalted()
T33C0 22974:825.761   CPU_ReadMem(4 bytes @ 0x41002100)
T33C0 22974:826.129 - 0.882ms returns FALSE
T33C0 22975:026.412 JLINK_IsHalted()
T33C0 22975:026.877   CPU_ReadMem(4 bytes @ 0x41002100)
T33C0 22975:027.230 - 0.832ms returns FALSE
T33C0 22975:226.749 JLINK_IsHalted()
T33C0 22975:227.241   CPU_ReadMem(4 bytes @ 0x41002100)
T33C0 22975:227.624 - 0.891ms returns FALSE
T33C0 22975:428.104 JLINK_IsHalted()
T33C0 22975:428.600   CPU_ReadMem(4 bytes @ 0x41002100)
T33C0 22975:428.973 - 0.889ms returns FALSE
T33C0 22975:629.345 JLINK_IsHalted()
T33C0 22975:629.835   CPU_ReadMem(4 bytes @ 0x41002100)
T33C0 22975:630.218 - 0.887ms returns FALSE
T33C0 22975:830.676 JLINK_IsHalted()
T33C0 22975:831.328   CPU_ReadMem(4 bytes @ 0x41002100)
T33C0 22975:831.864 - 1.201ms returns FALSE
T33C0 22976:031.681 JLINK_IsHalted()
T33C0 22976:032.154   CPU_ReadMem(4 bytes @ 0x41002100)
T33C0 22976:032.526 - 0.861ms returns FALSE
T33C0 22976:231.990 JLINK_IsHalted()
T33C0 22976:232.472   CPU_ReadMem(4 bytes @ 0x41002100)
T33C0 22976:232.849 - 0.873ms returns FALSE
T33C0 22976:432.447 JLINK_IsHalted()
T33C0 22976:432.972   CPU_ReadMem(4 bytes @ 0x41002100)
T33C0 22976:433.506 - 1.110ms returns FALSE
T33C0 22976:633.589 JLINK_IsHalted()
T33C0 22976:634.368   CPU_ReadMem(4 bytes @ 0x41002100)
T33C0 22976:634.923 - 1.386ms returns FALSE
T33C0 22976:834.869 JLINK_IsHalted()
T33C0 22976:835.439   CPU_ReadMem(4 bytes @ 0x41002100)
T33C0 22976:836.119 - 1.302ms returns FALSE
T33C0 22977:036.238 JLINK_IsHalted()
T33C0 22977:036.782   CPU_ReadMem(4 bytes @ 0x41002100)
T33C0 22977:037.185 - 0.960ms returns FALSE
T33C0 22977:237.262 JLINK_IsHalted()
T33C0 22977:237.779   CPU_ReadMem(4 bytes @ 0x41002100)
T33C0 22977:238.435 - 1.227ms returns FALSE
T33C0 22977:438.800 JLINK_IsHalted()
T33C0 22977:439.520   CPU_ReadMem(4 bytes @ 0x41002100)
T33C0 22977:439.998 - 1.214ms returns FALSE
T33C0 22977:639.791 JLINK_IsHalted()
T33C0 22977:640.293   CPU_ReadMem(4 bytes @ 0x41002100)
T33C0 22977:640.785 - 1.020ms returns FALSE
T33C0 22977:841.274 JLINK_IsHalted()
T33C0 22977:841.937   CPU_ReadMem(4 bytes @ 0x41002100)
T33C0 22977:842.356 - 1.096ms returns FALSE
T33C0 22978:042.407 JLINK_IsHalted()
T33C0 22978:042.879   CPU_ReadMem(4 bytes @ 0x41002100)
T33C0 22978:043.248 - 0.854ms returns FALSE
T33C0 22978:243.785 JLINK_IsHalted()
T33C0 22978:244.368   CPU_ReadMem(4 bytes @ 0x41002100)
T33C0 22978:244.863 - 1.096ms returns FALSE
T33C0 22978:445.013 JLINK_IsHalted()
T33C0 22978:445.511   CPU_ReadMem(4 bytes @ 0x41002100)
T33C0 22978:445.882 - 0.882ms returns FALSE
T33C0 22978:646.266 JLINK_IsHalted()
T33C0 22978:646.791   CPU_ReadMem(4 bytes @ 0x41002100)
T33C0 22978:647.152 - 0.904ms returns FALSE
T33C0 22978:847.293 JLINK_IsHalted()
T33C0 22978:847.769   CPU_ReadMem(4 bytes @ 0x41002100)
T33C0 22978:848.133 - 0.853ms returns FALSE
T33C0 22979:048.668 JLINK_IsHalted()
T33C0 22979:049.315   CPU_ReadMem(4 bytes @ 0x41002100)
T33C0 22979:049.790 - 1.136ms returns FALSE
T33C0 22979:249.894 JLINK_IsHalted()
T33C0 22979:250.370   CPU_ReadMem(4 bytes @ 0x41002100)
T33C0 22979:250.909 - 1.065ms returns FALSE
T33C0 22979:451.280 JLINK_IsHalted()
T33C0 22979:451.852   CPU_ReadMem(4 bytes @ 0x41002100)
T33C0 22979:452.307 - 1.043ms returns FALSE
T33C0 22979:652.489 JLINK_IsHalted()
T33C0 22979:653.126   CPU_ReadMem(4 bytes @ 0x41002100)
T33C0 22979:653.537 - 1.060ms returns FALSE
T33C0 22979:853.733 JLINK_IsHalted()
T33C0 22979:854.215   CPU_ReadMem(4 bytes @ 0x41002100)
T33C0 22979:854.599 - 0.878ms returns FALSE
T33C0 22980:054.762 JLINK_IsHalted()
T33C0 22980:055.265   CPU_ReadMem(4 bytes @ 0x41002100)
T33C0 22980:055.629 - 0.880ms returns FALSE
T33C0 22980:255.267 JLINK_IsHalted()
T33C0 22980:255.903   CPU_ReadMem(4 bytes @ 0x41002100)
T33C0 22980:256.300 - 1.047ms returns FALSE
T33C0 22980:456.515 JLINK_IsHalted()
T33C0 22980:457.060   CPU_ReadMem(4 bytes @ 0x41002100)
T33C0 22980:457.471 - 1.014ms returns FALSE
T33C0 22980:657.502 JLINK_IsHalted()
T33C0 22980:658.106   CPU_ReadMem(4 bytes @ 0x41002100)
T33C0 22980:658.507 - 1.018ms returns FALSE
T33C0 22980:858.990 JLINK_IsHalted()
T33C0 22980:859.468   CPU_ReadMem(4 bytes @ 0x41002100)
T33C0 22980:860.012 - 1.073ms returns FALSE
T33C0 22981:060.167 JLINK_IsHalted()
T33C0 22981:060.930   CPU_ReadMem(4 bytes @ 0x41002100)
T33C0 22981:061.410 - 1.259ms returns FALSE
T33C0 22981:261.480 JLINK_IsHalted()
T33C0 22981:261.999   CPU_ReadMem(4 bytes @ 0x41002100)
T33C0 22981:262.360 - 0.892ms returns FALSE
T33C0 22981:462.656 JLINK_IsHalted()
T33C0 22981:463.438   CPU_ReadMem(4 bytes @ 0x41002100)
T33C0 22981:463.858 - 1.216ms returns FALSE
T33C0 22981:663.937 JLINK_IsHalted()
T33C0 22981:664.430   CPU_ReadMem(4 bytes @ 0x41002100)
T33C0 22981:664.816 - 0.893ms returns FALSE
T33C0 22981:865.257 JLINK_IsHalted()
T33C0 22981:865.759   CPU_ReadMem(4 bytes @ 0x41002100)
T33C0 22981:866.143 - 0.900ms returns FALSE
T33C0 22982:066.422 JLINK_IsHalted()
T33C0 22982:067.002   CPU_ReadMem(4 bytes @ 0x41002100)
T33C0 22982:067.424 - 1.016ms returns FALSE
T33C0 22982:267.826 JLINK_IsHalted()
T33C0 22982:268.269   CPU_ReadMem(4 bytes @ 0x41002100)
T33C0 22982:268.621 - 0.821ms returns FALSE
T33C0 22982:469.114 JLINK_IsHalted()
T33C0 22982:469.686   CPU_ReadMem(4 bytes @ 0x41002100)
T33C0 22982:470.184 - 1.086ms returns FALSE
T33C0 22982:670.379 JLINK_IsHalted()
T33C0 22982:670.999   CPU_ReadMem(4 bytes @ 0x41002100)
T33C0 22982:671.450 - 1.122ms returns FALSE
T33C0 22982:871.604 JLINK_IsHalted()
T33C0 22982:872.103   CPU_ReadMem(4 bytes @ 0x41002100)
T33C0 22982:872.530 - 0.943ms returns FALSE
T33C0 22983:072.871 JLINK_IsHalted()
T33C0 22983:073.341   CPU_ReadMem(4 bytes @ 0x41002100)
T33C0 22983:074.058 - 1.238ms returns FALSE
T33C0 22983:274.106 JLINK_IsHalted()
T33C0 22983:274.913   CPU_ReadMem(4 bytes @ 0x41002100)
T33C0 22983:275.348 - 1.257ms returns FALSE
T33C0 22983:475.367 JLINK_IsHalted()
T33C0 22983:475.880   CPU_ReadMem(4 bytes @ 0x41002100)
T33C0 22983:476.277 - 0.925ms returns FALSE
T33C0 22983:676.389 JLINK_IsHalted()
T33C0 22983:676.892   CPU_ReadMem(4 bytes @ 0x41002100)
T33C0 22983:677.260 - 0.886ms returns FALSE
T33C0 22983:876.631 JLINK_IsHalted()
T33C0 22983:877.153   CPU_ReadMem(4 bytes @ 0x41002100)
T33C0 22983:877.555 - 0.941ms returns FALSE
T33C0 22984:078.111 JLINK_IsHalted()
T33C0 22984:078.603   CPU_ReadMem(4 bytes @ 0x41002100)
T33C0 22984:078.969 - 0.873ms returns FALSE
T33C0 22984:279.235 JLINK_IsHalted()
T33C0 22984:279.935   CPU_ReadMem(4 bytes @ 0x41002100)
T33C0 22984:280.340 - 1.118ms returns FALSE
T33C0 22984:480.605 JLINK_IsHalted()
T33C0 22984:481.152   CPU_ReadMem(4 bytes @ 0x41002100)
T33C0 22984:481.702 - 1.161ms returns FALSE
T33C0 22984:681.800 JLINK_IsHalted()
T33C0 22984:682.542   CPU_ReadMem(4 bytes @ 0x41002100)
T33C0 22984:683.209 - 1.475ms returns FALSE
T33C0 22984:883.064 JLINK_IsHalted()
T33C0 22984:883.776   CPU_ReadMem(4 bytes @ 0x41002100)
T33C0 22984:884.187 - 1.138ms returns FALSE
T33C0 22985:084.224 JLINK_IsHalted()
T33C0 22985:084.782   CPU_ReadMem(4 bytes @ 0x41002100)
T33C0 22985:085.168 - 0.992ms returns FALSE
T33C0 22985:285.515 JLINK_IsHalted()
T33C0 22985:286.269   CPU_ReadMem(4 bytes @ 0x41002100)
T33C0 22985:286.751 - 1.251ms returns FALSE
T33C0 22985:486.591 JLINK_IsHalted()
T33C0 22985:487.126   CPU_ReadMem(4 bytes @ 0x41002100)
T33C0 22985:487.573 - 1.037ms returns FALSE
T33C0 22985:689.069 JLINK_IsHalted()
T33C0 22985:689.564   CPU_ReadMem(4 bytes @ 0x41002100)
T33C0 22985:690.214 - 1.184ms returns FALSE
T33C0 22985:890.192 JLINK_IsHalted()
T33C0 22985:890.769   CPU_ReadMem(4 bytes @ 0x41002100)
T33C0 22985:891.170 - 0.994ms returns FALSE
T33C0 22986:091.296 JLINK_IsHalted()
T33C0 22986:091.858   CPU_ReadMem(4 bytes @ 0x41002100)
T33C0 22986:092.281 - 1.001ms returns FALSE
T33C0 22986:292.689 JLINK_IsHalted()
T33C0 22986:293.271   CPU_ReadMem(4 bytes @ 0x41002100)
T33C0 22986:293.980 - 1.344ms returns FALSE
T33C0 22986:493.923 JLINK_IsHalted()
T33C0 22986:494.638   CPU_ReadMem(4 bytes @ 0x41002100)
T33C0 22986:495.142 - 1.234ms returns FALSE
T33C0 22986:695.319 JLINK_IsHalted()
T33C0 22986:696.023   CPU_ReadMem(4 bytes @ 0x41002100)
T33C0 22986:696.502 - 1.235ms returns FALSE
T33C0 22986:896.422 JLINK_IsHalted()
T33C0 22986:896.997   CPU_ReadMem(4 bytes @ 0x41002100)
T33C0 22986:897.456 - 1.052ms returns FALSE
T33C0 22987:097.649 JLINK_IsHalted()
T33C0 22987:098.205   CPU_ReadMem(4 bytes @ 0x41002100)
T33C0 22987:098.677 - 1.115ms returns FALSE
T33C0 22987:299.133 JLINK_IsHalted()
T33C0 22987:299.785   CPU_ReadMem(4 bytes @ 0x41002100)
T33C0 22987:300.349 - 1.236ms returns FALSE
T2D0C 22987:499.108 JLINK_Halt()
T2D0C 22987:502.175 - 3.117ms returns 0x00
T33C0 22987:502.279 JLINK_IsHalted()
T33C0 22987:502.340 - 0.076ms returns TRUE
T33C0 22987:502.374 JLINK_GetMOEs(...)
T33C0 22987:502.410   CPU_ReadMem(4 bytes @ 0xE000ED30)
T33C0 22987:502.892 - 0.540ms returns 0x01
T33C0 22987:502.940 JLINK_ReadReg(R15 (PC))
T33C0 22987:502.980 - 0.053ms returns 0x00007778
T33C0 22987:703.537 JLINK_IsHalted()
T33C0 22987:703.678 - 0.158ms returns TRUE
T2420 22987:704.960 JLINK_ResetPullsRESET(ON)
T2420 22987:705.012 - 0.065ms
T2420 22987:705.041 JLINK_ResetNoHalt()
T2420 22987:705.455   InitTarget() start
T2420 22987:705.531    J-Link Script File: Executing InitTarget()
T2420 22987:705.644   InitTarget()
T2420 22987:708.342   InitTarget() end
T2420 22987:709.143   Found SW-DP with ID 0x0BC11477
T2420 22987:711.569   DPIDR: 0x0BC11477
T2420 22987:711.746   AP map detection skipped. Manually configured AP map found.
T2420 22987:711.817   AP[0]: AHB-AP (IDR: Not set)
T2420 22987:712.883   AP[0]: Core found
T2420 22987:712.957   AP[0]: AHB-AP ROM base: 0x41003000
T2420 22987:713.531   CPUID register: 0x410CC601. Implementer code: 0x41 (ARM)
T2420 22987:713.627   Found Cortex-M0 r0p1, Little endian.
T2420 22987:814.245   -- Max. mem block: 0x000010B8
T2420 22987:814.329   CPU_ReadMem(4 bytes @ 0xE000EDF0)
T2420 22987:814.746   CPU_ReadMem(4 bytes @ 0xE0002000)
T2420 22987:815.167   FPUnit: 4 code (BP) slots and 0 literal slots
T2420 22987:815.205   CPU_ReadMem(4 bytes @ 0xE0001000)
T2420 22987:815.666   CoreSight components:
T2420 22987:815.752   ROMTbl[0] @ 41003000
T2420 22987:815.843   CPU_ReadMem(64 bytes @ 0x41003000)
T2420 22987:816.671   CPU_ReadMem(32 bytes @ 0xE00FFFE0)
T2420 22987:817.379   ROMTbl[0][0]: E00FF000, CID: B105100D, PID: 000BB4C0 ROM Table
T2420 22987:817.494   ROMTbl[1] @ E00FF000
T2420 22987:817.540   CPU_ReadMem(64 bytes @ 0xE00FF000)
T2420 22987:818.359   CPU_ReadMem(32 bytes @ 0xE000EFE0)
T2420 22987:819.002   ROMTbl[1][0]: E000E000, CID: B105E00D, PID: 000BB008 SCS
T2420 22987:819.055   CPU_WriteMem(4 bytes @ 0xE0001000)
T2420 22987:819.553   CPU_ReadMem(32 bytes @ 0xE0001FE0)
T2420 22987:820.271   ROMTbl[1][1]: E0001000, CID: B105E00D, PID: 000BB00A DWT
T2420 22987:820.341   CPU_ReadMem(32 bytes @ 0xE0002FE0)
T2420 22987:821.177   ROMTbl[1][2]: E0002000, CID: B105E00D, PID: 000BB00B FPB
T2420 22987:821.216   CPU_ReadMem(32 bytes @ 0x41006FE0)
T2420 22987:821.927   ROMTbl[0][1]: 41006000, CID: B105900D, PID: 001BB932 MTB-M0+
T2420 22987:822.009   JLINK_Reset()
T2420 22987:822.164     ResetTarget() start
T2420 22987:822.204      J-Link Script File: Executing ResetTarget()
T2420 22987:822.779     CPU_ReadMem(4 bytes @ 0xE000EDFC)
T2420 22987:823.264     CPU_WriteMem(4 bytes @ 0xE000EDFC)
T2420 22987:823.648     CPU_WriteMem(4 bytes @ 0xE000ED0C)
T2420 22987:825.277     CPU_ReadMem(4 bytes @ 0xE000EDF0)
T2420 22987:825.750     CPU_ReadMem(4 bytes @ 0x41002100)
T2420 22987:826.131     CPU_WriteMem(4 bytes @ 0xE000EDFC)
T2420 22987:826.668     ResetTarget() end
T2420 22987:830.571     CPU_WriteMem(4 bytes @ 0xE0002000)
T2420 22987:831.166     CPU_ReadMem(4 bytes @ 0xE000EDFC)
T2420 22987:831.642     CPU_ReadMem(4 bytes @ 0xE0001000)
T2420 22987:832.037     CPU_WriteMem(4 bytes @ 0xE0001000)
T2420 22987:832.453   - 10.488ms
T2420 22987:832.520   JLINK_Go()
T2420 22987:832.567     CPU_ReadMem(4 bytes @ 0xE0001000)
T2420 22987:834.872     CPU_WriteMem(4 bytes @ 0xE0001000)
T2420 22987:836.017     CPU_WriteMem(4 bytes @ 0xE0002008)
T2420 22987:836.146     CPU_WriteMem(4 bytes @ 0xE000200C)
T2420 22987:836.449     CPU_WriteMem(4 bytes @ 0xE0002010)
T2420 22987:836.489     CPU_WriteMem(4 bytes @ 0xE0002014)
T2420 22987:846.192     CPU_WriteMem(4 bytes @ 0xE0001004)
T2420 22987:861.304   - 28.834ms
T2420 22987:861.371 - 156.343ms
T2420 22987:875.253 JLINK_Close()
T2420 22987:875.851   CPU is running
T2420 22987:875.939   CPU_WriteMem(4 bytes @ 0xE0002008)
T2420 22987:876.541   CPU is running
T2420 22987:876.647   CPU_WriteMem(4 bytes @ 0xE000200C)
T2420 22987:877.143   CPU is running
T2420 22987:877.217   CPU_WriteMem(4 bytes @ 0xE0002010)
T2420 22987:877.767   CPU is running
T2420 22987:877.840   CPU_WriteMem(4 bytes @ 0xE0002014)
T2420 22987:893.859 - 18.659ms
T2420 22987:893.924   
T2420 22987:894.068   Closed
